[0.341s] Invoking command in '/home/twip_ws/build/ros2_bubble_rob': CMAKE_PREFIX_PATH=${CMAKE_PREFIX_PATH}:/home/twip_ws/install/driver_imu:/opt/ros/humble PS1=\[\e]0;\u@\h: \w\a\]\[\033[01;37m\]\u\[\033[00m\]@\[\033[01;32m\]\h\[\033[00m\]:\[\033[01;34m\]\w\[\033[00m\] /usr/bin/cmake /home/twip_ws/src/external/ros2_bubble_rob -DCMAKE_BUILD_TYPE=Release -DAMENT_CMAKE_SYMLINK_INSTALL=1 -DCMAKE_INSTALL_PREFIX=/home/twip_ws/install/ros2_bubble_rob
[0.425s] -- The C compiler identification is GNU 11.2.0
[0.491s] -- The CXX compiler identification is GNU 11.2.0
[0.499s] -- Detecting C compiler ABI info
[0.557s] -- Detecting C compiler ABI info - done
[0.566s] -- Check for working C compiler: /usr/bin/cc - skipped
[0.566s] -- Detecting C compile features
[0.567s] -- Detecting C compile features - done
[0.570s] -- Detecting CXX compiler ABI info
[0.649s] -- Detecting CXX compiler ABI info - done
[0.658s] -- Check for working CXX compiler: /usr/bin/c++ - skipped
[0.658s] -- Detecting CXX compile features
[0.659s] -- Detecting CXX compile features - done
[0.662s] -- Found ament_cmake: 1.3.2 (/opt/ros/humble/share/ament_cmake/cmake)
[0.851s] -- Found Python3: /usr/bin/python3.10 (found version "3.10.4") found components: Interpreter 
[0.939s] -- Override CMake install command with custom implementation using symlinks instead of copying resources
[0.973s] -- Found rclcpp: 16.0.1 (/opt/ros/humble/share/rclcpp/cmake)
[1.034s] -- Found rosidl_generator_c: 3.1.3 (/opt/ros/humble/share/rosidl_generator_c/cmake)
[1.040s] -- Found rosidl_adapter: 3.1.3 (/opt/ros/humble/share/rosidl_adapter/cmake)
[1.051s] -- Found rosidl_generator_cpp: 3.1.3 (/opt/ros/humble/share/rosidl_generator_cpp/cmake)
[1.068s] -- Using all available rosidl_typesupport_c: rosidl_typesupport_fastrtps_c;rosidl_typesupport_introspection_c
[1.093s] -- Using all available rosidl_typesupport_cpp: rosidl_typesupport_fastrtps_cpp;rosidl_typesupport_introspection_cpp
[1.150s] -- Found rmw_implementation_cmake: 6.1.0 (/opt/ros/humble/share/rmw_implementation_cmake/cmake)
[1.153s] -- Found rmw_fastrtps_cpp: 6.2.1 (/opt/ros/humble/share/rmw_fastrtps_cpp/cmake)
[1.241s] -- Found OpenSSL: /usr/lib/x86_64-linux-gnu/libcrypto.so (found version "3.0.2")  
[1.266s] -- Found FastRTPS: /opt/ros/humble/include  
[1.308s] -- Using RMW implementation 'rmw_fastrtps_cpp' as default
[1.438s] -- Found Boost: /usr/lib/x86_64-linux-gnu/cmake/Boost-1.74.0/BoostConfig.cmake (found version "1.74.0")  
[1.441s] -- Found ament_lint_auto: 0.12.4 (/opt/ros/humble/share/ament_lint_auto/cmake)
[1.513s] -- Added test 'copyright' to check source files copyright and LICENSE
[1.515s] -- Added test 'cppcheck' to perform static code analysis on C / C++ code
[1.515s] -- Configured cppcheck include dirs: $<BUILD_INTERFACE:/home/twip_ws/src/external/ros2_bubble_rob/include>
[1.515s] -- Configured cppcheck exclude dirs and/or files: 
[1.517s] -- Added test 'cpplint' to check C / C++ code against the Google style
[1.517s] -- Configured cpplint exclude dirs and/or files: 
[1.518s] -- Added test 'lint_cmake' to check CMake code style
[1.520s] -- Added test 'uncrustify' to check C / C++ code style
[1.520s] -- Configured uncrustify additional arguments: 
[1.521s] -- Added test 'xmllint' to check XML markup files
[1.522s] -- Configuring done
[1.529s] -- Generating done
[1.530s] -- Build files have been written to: /home/twip_ws/build/ros2_bubble_rob
[1.537s] Invoked command in '/home/twip_ws/build/ros2_bubble_rob' returned '0': CMAKE_PREFIX_PATH=${CMAKE_PREFIX_PATH}:/home/twip_ws/install/driver_imu:/opt/ros/humble PS1=\[\e]0;\u@\h: \w\a\]\[\033[01;37m\]\u\[\033[00m\]@\[\033[01;32m\]\h\[\033[00m\]:\[\033[01;34m\]\w\[\033[00m\] /usr/bin/cmake /home/twip_ws/src/external/ros2_bubble_rob -DCMAKE_BUILD_TYPE=Release -DAMENT_CMAKE_SYMLINK_INSTALL=1 -DCMAKE_INSTALL_PREFIX=/home/twip_ws/install/ros2_bubble_rob
[1.538s] Invoking command in '/home/twip_ws/build/ros2_bubble_rob': CMAKE_PREFIX_PATH=${CMAKE_PREFIX_PATH}:/home/twip_ws/install/driver_imu:/opt/ros/humble PS1=\[\e]0;\u@\h: \w\a\]\[\033[01;37m\]\u\[\033[00m\]@\[\033[01;32m\]\h\[\033[00m\]:\[\033[01;34m\]\w\[\033[00m\] /usr/bin/cmake --build /home/twip_ws/build/ros2_bubble_rob -- -j8 -l8
[1.568s] [ 50%] [32mBuilding CXX object CMakeFiles/ros2BubbleRob.dir/src/ros2BubbleRob.cpp.o[0m
[15.163s] [100%] [32m[1mLinking CXX executable ros2BubbleRob[0m
[15.298s] [100%] Built target ros2BubbleRob
[15.305s] Invoked command in '/home/twip_ws/build/ros2_bubble_rob' returned '0': CMAKE_PREFIX_PATH=${CMAKE_PREFIX_PATH}:/home/twip_ws/install/driver_imu:/opt/ros/humble PS1=\[\e]0;\u@\h: \w\a\]\[\033[01;37m\]\u\[\033[00m\]@\[\033[01;32m\]\h\[\033[00m\]:\[\033[01;34m\]\w\[\033[00m\] /usr/bin/cmake --build /home/twip_ws/build/ros2_bubble_rob -- -j8 -l8
[15.320s] Invoking command in '/home/twip_ws/build/ros2_bubble_rob': CMAKE_PREFIX_PATH=${CMAKE_PREFIX_PATH}:/home/twip_ws/install/driver_imu:/opt/ros/humble PS1=\[\e]0;\u@\h: \w\a\]\[\033[01;37m\]\u\[\033[00m\]@\[\033[01;32m\]\h\[\033[00m\]:\[\033[01;34m\]\w\[\033[00m\] /usr/bin/cmake --install /home/twip_ws/build/ros2_bubble_rob
[15.324s] -- Install configuration: "Release"
[15.324s] -- Execute custom install script
[15.324s] -- Symlinking: /home/twip_ws/install/ros2_bubble_rob/share/ament_index/resource_index/package_run_dependencies/ros2_bubble_rob
[15.330s] -- Symlinking: /home/twip_ws/install/ros2_bubble_rob/share/ament_index/resource_index/parent_prefix_path/ros2_bubble_rob
[15.336s] -- Symlinking: /home/twip_ws/install/ros2_bubble_rob/share/ros2_bubble_rob/environment/ament_prefix_path.sh
[15.341s] -- Symlinking: /home/twip_ws/install/ros2_bubble_rob/share/ros2_bubble_rob/environment/ament_prefix_path.dsv
[15.346s] -- Symlinking: /home/twip_ws/install/ros2_bubble_rob/share/ros2_bubble_rob/environment/path.sh
[15.351s] -- Symlinking: /home/twip_ws/install/ros2_bubble_rob/share/ros2_bubble_rob/environment/path.dsv
[15.357s] -- Symlinking: /home/twip_ws/install/ros2_bubble_rob/share/ros2_bubble_rob/local_setup.bash
[15.363s] -- Symlinking: /home/twip_ws/install/ros2_bubble_rob/share/ros2_bubble_rob/local_setup.sh
[15.368s] -- Symlinking: /home/twip_ws/install/ros2_bubble_rob/share/ros2_bubble_rob/local_setup.zsh
[15.374s] -- Symlinking: /home/twip_ws/install/ros2_bubble_rob/share/ros2_bubble_rob/local_setup.dsv
[15.379s] -- Symlinking: /home/twip_ws/install/ros2_bubble_rob/share/ros2_bubble_rob/package.dsv
[15.385s] -- Symlinking: /home/twip_ws/install/ros2_bubble_rob/share/ament_index/resource_index/packages/ros2_bubble_rob
[15.390s] -- Symlinking: /home/twip_ws/install/ros2_bubble_rob/share/ros2_bubble_rob/cmake/ros2_bubble_robConfig.cmake
[15.395s] -- Symlinking: /home/twip_ws/install/ros2_bubble_rob/share/ros2_bubble_rob/cmake/ros2_bubble_robConfig-version.cmake
[15.400s] -- Symlinking: /home/twip_ws/install/ros2_bubble_rob/share/ros2_bubble_rob/package.xml
[15.405s] -- Installing: /home/twip_ws/install/ros2_bubble_rob/lib/ros2_bubble_rob/ros2BubbleRob
[15.406s] -- Set runtime path of "/home/twip_ws/install/ros2_bubble_rob/lib/ros2_bubble_rob/ros2BubbleRob" to ""
[15.408s] Invoked command in '/home/twip_ws/build/ros2_bubble_rob' returned '0': CMAKE_PREFIX_PATH=${CMAKE_PREFIX_PATH}:/home/twip_ws/install/driver_imu:/opt/ros/humble PS1=\[\e]0;\u@\h: \w\a\]\[\033[01;37m\]\u\[\033[00m\]@\[\033[01;32m\]\h\[\033[00m\]:\[\033[01;34m\]\w\[\033[00m\] /usr/bin/cmake --install /home/twip_ws/build/ros2_bubble_rob
