[0.447s] Invoking command in '/home/twip_ws/build/state_estimator': CMAKE_PREFIX_PATH=${CMAKE_PREFIX_PATH}:/home/twip_ws/install/driver_imu:/opt/ros/humble PS1=\[\e]0;\u@\h: \w\a\]\[\033[01;37m\]\u\[\033[00m\]@\[\033[01;32m\]\h\[\033[00m\]:\[\033[01;34m\]\w\[\033[00m\] /usr/bin/cmake --build /home/twip_ws/build/state_estimator -- -j8 -l8
[0.504s] [100%] Built target complementary_filter
[0.515s] Invoked command in '/home/twip_ws/build/state_estimator' returned '0': CMAKE_PREFIX_PATH=${CMAKE_PREFIX_PATH}:/home/twip_ws/install/driver_imu:/opt/ros/humble PS1=\[\e]0;\u@\h: \w\a\]\[\033[01;37m\]\u\[\033[00m\]@\[\033[01;32m\]\h\[\033[00m\]:\[\033[01;34m\]\w\[\033[00m\] /usr/bin/cmake --build /home/twip_ws/build/state_estimator -- -j8 -l8
[0.549s] Invoking command in '/home/twip_ws/build/state_estimator': CMAKE_PREFIX_PATH=${CMAKE_PREFIX_PATH}:/home/twip_ws/install/driver_imu:/opt/ros/humble PS1=\[\e]0;\u@\h: \w\a\]\[\033[01;37m\]\u\[\033[00m\]@\[\033[01;32m\]\h\[\033[00m\]:\[\033[01;34m\]\w\[\033[00m\] /usr/bin/cmake --install /home/twip_ws/build/state_estimator
[0.557s] -- Install configuration: "Release"
[0.558s] -- Execute custom install script
[0.558s] -- Up-to-date symlink: /home/twip_ws/install/state_estimator/lib/state_estimator/complementary_filter
[0.559s] -- Up-to-date symlink: /home/twip_ws/install/state_estimator/share/ament_index/resource_index/package_run_dependencies/state_estimator
[0.559s] -- Up-to-date symlink: /home/twip_ws/install/state_estimator/share/ament_index/resource_index/parent_prefix_path/state_estimator
[0.559s] -- Up-to-date symlink: /home/twip_ws/install/state_estimator/share/state_estimator/environment/ament_prefix_path.sh
[0.559s] -- Up-to-date symlink: /home/twip_ws/install/state_estimator/share/state_estimator/environment/ament_prefix_path.dsv
[0.560s] -- Up-to-date symlink: /home/twip_ws/install/state_estimator/share/state_estimator/environment/path.sh
[0.560s] -- Up-to-date symlink: /home/twip_ws/install/state_estimator/share/state_estimator/environment/path.dsv
[0.560s] -- Up-to-date symlink: /home/twip_ws/install/state_estimator/share/state_estimator/local_setup.bash
[0.560s] -- Up-to-date symlink: /home/twip_ws/install/state_estimator/share/state_estimator/local_setup.sh
[0.561s] -- Up-to-date symlink: /home/twip_ws/install/state_estimator/share/state_estimator/local_setup.zsh
[0.561s] -- Up-to-date symlink: /home/twip_ws/install/state_estimator/share/state_estimator/local_setup.dsv
[0.561s] -- Symlinking: /home/twip_ws/install/state_estimator/share/state_estimator/package.dsv
[0.571s] -- Up-to-date symlink: /home/twip_ws/install/state_estimator/share/ament_index/resource_index/packages/state_estimator
[0.571s] -- Up-to-date symlink: /home/twip_ws/install/state_estimator/share/state_estimator/cmake/state_estimatorConfig.cmake
[0.571s] -- Up-to-date symlink: /home/twip_ws/install/state_estimator/share/state_estimator/cmake/state_estimatorConfig-version.cmake
[0.571s] -- Up-to-date symlink: /home/twip_ws/install/state_estimator/share/state_estimator/package.xml
[0.587s] Invoked command in '/home/twip_ws/build/state_estimator' returned '0': CMAKE_PREFIX_PATH=${CMAKE_PREFIX_PATH}:/home/twip_ws/install/driver_imu:/opt/ros/humble PS1=\[\e]0;\u@\h: \w\a\]\[\033[01;37m\]\u\[\033[00m\]@\[\033[01;32m\]\h\[\033[00m\]:\[\033[01;34m\]\w\[\033[00m\] /usr/bin/cmake --install /home/twip_ws/build/state_estimator
