[1.792s] Invoking command in '/home/twip_ws/build/driver_imu': PS1=\[\e]0;\u@\h: \w\a\]\[\033[01;37m\]\u\[\033[00m\]@\[\033[01;32m\]\h\[\033[00m\]:\[\033[01;34m\]\w\[\033[00m\] PYTHONPATH=/home/twip_ws/install/driver_imu/lib/python3.10/site-packages:${PYTHONPATH} /usr/bin/python3 setup.py develop --prefix /home/twip_ws/install/driver_imu --editable --build-directory /home/twip_ws/build/driver_imu/build --no-deps install_data --install-dir /home/twip_ws/install/driver_imu
[2.704s] /usr/lib/python3/dist-packages/setuptools/dist.py:723: UserWarning: Usage of dash-separated 'script-dir' will not be supported in future versions. Please use the underscore name 'script_dir' instead
[2.704s]   warnings.warn(
[2.705s] /usr/lib/python3/dist-packages/setuptools/dist.py:723: UserWarning: Usage of dash-separated 'install-scripts' will not be supported in future versions. Please use the underscore name 'install_scripts' instead
[2.705s]   warnings.warn(
[2.849s] running develop
[2.849s] /usr/lib/python3/dist-packages/setuptools/command/easy_install.py:158: EasyInstallDeprecationWarning: easy_install command is deprecated. Use build and pip and other standards-based tools.
[2.850s]   warnings.warn(
[2.853s] /usr/lib/python3/dist-packages/setuptools/command/install.py:34: SetuptoolsDeprecationWarning: setup.py install is deprecated. Use build and pip and other standards-based tools.
[2.853s]   warnings.warn(
[3.245s] running egg_info
[3.246s] writing driver_imu.egg-info/PKG-INFO
[3.246s] writing dependency_links to driver_imu.egg-info/dependency_links.txt
[3.247s] writing entry points to driver_imu.egg-info/entry_points.txt
[3.247s] writing requirements to driver_imu.egg-info/requires.txt
[3.247s] writing top-level names to driver_imu.egg-info/top_level.txt
[3.250s] reading manifest file 'driver_imu.egg-info/SOURCES.txt'
[3.251s] writing manifest file 'driver_imu.egg-info/SOURCES.txt'
[3.253s] running build_ext
[3.254s] Creating /home/twip_ws/install/driver_imu/lib/python3.10/site-packages/driver-imu.egg-link (link to .)
[3.255s] Installing driver_imu script to /home/twip_ws/install/driver_imu/lib/driver_imu
[3.256s] 
[3.256s] Installed /home/twip_ws/build/driver_imu
[3.256s] running install_data
[3.307s] Invoked command in '/home/twip_ws/build/driver_imu' returned '0': PS1=\[\e]0;\u@\h: \w\a\]\[\033[01;37m\]\u\[\033[00m\]@\[\033[01;32m\]\h\[\033[00m\]:\[\033[01;34m\]\w\[\033[00m\] PYTHONPATH=/home/twip_ws/install/driver_imu/lib/python3.10/site-packages:${PYTHONPATH} /usr/bin/python3 setup.py develop --prefix /home/twip_ws/install/driver_imu --editable --build-directory /home/twip_ws/build/driver_imu/build --no-deps install_data --install-dir /home/twip_ws/install/driver_imu
