[0.901s] Invoking command in '/home/twip_ws/build/driver_imu': PS1=\[\e]0;\u@\h: \w\a\]\[\033[01;37m\]\u\[\033[00m\]@\[\033[01;32m\]\h\[\033[00m\]:\[\033[01;34m\]\w\[\033[00m\] PYTHONPATH=/home/twip_ws/install/driver_imu/lib/python3.10/site-packages:${PYTHONPATH} /usr/bin/python3 setup.py develop --prefix /home/twip_ws/install/driver_imu --editable --build-directory /home/twip_ws/build/driver_imu/build --no-deps install_data --install-dir /home/twip_ws/install/driver_imu
[1.161s] /usr/lib/python3/dist-packages/setuptools/dist.py:723: UserWarning: Usage of dash-separated 'script-dir' will not be supported in future versions. Please use the underscore name 'script_dir' instead
[1.161s]   warnings.warn(
[1.161s] /usr/lib/python3/dist-packages/setuptools/dist.py:723: UserWarning: Usage of dash-separated 'install-scripts' will not be supported in future versions. Please use the underscore name 'install_scripts' instead
[1.161s]   warnings.warn(
[1.190s] running develop
[1.190s] /usr/lib/python3/dist-packages/setuptools/command/easy_install.py:158: EasyInstallDeprecationWarning: easy_install command is deprecated. Use build and pip and other standards-based tools.
[1.190s]   warnings.warn(
[1.192s] /usr/lib/python3/dist-packages/setuptools/command/install.py:34: SetuptoolsDeprecationWarning: setup.py install is deprecated. Use build and pip and other standards-based tools.
[1.192s]   warnings.warn(
[1.320s] running egg_info
[1.321s] writing driver_imu.egg-info/PKG-INFO
[1.321s] writing dependency_links to driver_imu.egg-info/dependency_links.txt
[1.321s] writing entry points to driver_imu.egg-info/entry_points.txt
[1.321s] writing requirements to driver_imu.egg-info/requires.txt
[1.322s] writing top-level names to driver_imu.egg-info/top_level.txt
[1.323s] reading manifest file 'driver_imu.egg-info/SOURCES.txt'
[1.324s] writing manifest file 'driver_imu.egg-info/SOURCES.txt'
[1.326s] running build_ext
[1.326s] Creating /home/twip_ws/install/driver_imu/lib/python3.10/site-packages/driver-imu.egg-link (link to .)
[1.328s] Installing driver_imu script to /home/twip_ws/install/driver_imu/lib/driver_imu
[1.328s] 
[1.328s] Installed /home/twip_ws/build/driver_imu
[1.328s] running install_data
[1.363s] Invoked command in '/home/twip_ws/build/driver_imu' returned '0': PS1=\[\e]0;\u@\h: \w\a\]\[\033[01;37m\]\u\[\033[00m\]@\[\033[01;32m\]\h\[\033[00m\]:\[\033[01;34m\]\w\[\033[00m\] PYTHONPATH=/home/twip_ws/install/driver_imu/lib/python3.10/site-packages:${PYTHONPATH} /usr/bin/python3 setup.py develop --prefix /home/twip_ws/install/driver_imu --editable --build-directory /home/twip_ws/build/driver_imu/build --no-deps install_data --install-dir /home/twip_ws/install/driver_imu
