[0.463s] Invoking command in '/home/twip_ws/build/sim_ros2_interface': CMAKE_PREFIX_PATH=${CMAKE_PREFIX_PATH}:/home/twip_ws/install/driver_imu:/home/twip_ws/install/controllers:/opt/ros/humble PS1=\[\e]0;\u@\h: \w\a\]\[\033[01;37m\]\u\[\033[00m\]@\[\033[01;32m\]\h\[\033[00m\]:\[\033[01;34m\]\w\[\033[00m\] /usr/bin/cmake --build /home/twip_ws/build/sim_ros2_interface -- -j8 -l8
[0.513s] [ 73%] Built target generate_ros_code
[0.567s] [100%] Built target simExtROS2
[0.577s] Invoked command in '/home/twip_ws/build/sim_ros2_interface' returned '0': CMAKE_PREFIX_PATH=${CMAKE_PREFIX_PATH}:/home/twip_ws/install/driver_imu:/home/twip_ws/install/controllers:/opt/ros/humble PS1=\[\e]0;\u@\h: \w\a\]\[\033[01;37m\]\u\[\033[00m\]@\[\033[01;32m\]\h\[\033[00m\]:\[\033[01;34m\]\w\[\033[00m\] /usr/bin/cmake --build /home/twip_ws/build/sim_ros2_interface -- -j8 -l8
[0.616s] Invoking command in '/home/twip_ws/build/sim_ros2_interface': CMAKE_PREFIX_PATH=${CMAKE_PREFIX_PATH}:/home/twip_ws/install/driver_imu:/home/twip_ws/install/controllers:/opt/ros/humble PS1=\[\e]0;\u@\h: \w\a\]\[\033[01;37m\]\u\[\033[00m\]@\[\033[01;32m\]\h\[\033[00m\]:\[\033[01;34m\]\w\[\033[00m\] /usr/bin/cmake --install /home/twip_ws/build/sim_ros2_interface
[0.626s] -- Install configuration: "Release"
[0.627s] -- Execute custom install script
[0.628s] -- Up-to-date symlink: /home/coppeliasim_simulation/CoppeliaSim/lua/simROS2-typecheck.lua
[0.628s] -- Up-to-date symlink: /home/coppeliasim_simulation/CoppeliaSim/lua/simROS2.lua
[0.628s] -- Up-to-date symlink: /home/coppeliasim_simulation/CoppeliaSim/helpFiles/en/simROS2.htm
[0.629s] -- Up-to-date symlink: /home/coppeliasim_simulation/CoppeliaSim/helpFiles/index/simROS2.json
[0.629s] -- Up-to-date symlink: /home/coppeliasim_simulation/CoppeliaSim/libsimExtROS2.so
[0.629s] -- Up-to-date symlink: /home/twip_ws/install/sim_ros2_interface/share/ament_index/resource_index/package_run_dependencies/sim_ros2_interface
[0.630s] -- Up-to-date symlink: /home/twip_ws/install/sim_ros2_interface/share/ament_index/resource_index/parent_prefix_path/sim_ros2_interface
[0.630s] -- Up-to-date symlink: /home/twip_ws/install/sim_ros2_interface/share/sim_ros2_interface/environment/ament_prefix_path.sh
[0.630s] -- Up-to-date symlink: /home/twip_ws/install/sim_ros2_interface/share/sim_ros2_interface/environment/ament_prefix_path.dsv
[0.630s] -- Up-to-date symlink: /home/twip_ws/install/sim_ros2_interface/share/sim_ros2_interface/environment/path.sh
[0.632s] -- Up-to-date symlink: /home/twip_ws/install/sim_ros2_interface/share/sim_ros2_interface/environment/path.dsv
[0.632s] -- Up-to-date symlink: /home/twip_ws/install/sim_ros2_interface/share/sim_ros2_interface/local_setup.bash
[0.633s] -- Up-to-date symlink: /home/twip_ws/install/sim_ros2_interface/share/sim_ros2_interface/local_setup.sh
[0.633s] -- Up-to-date symlink: /home/twip_ws/install/sim_ros2_interface/share/sim_ros2_interface/local_setup.zsh
[0.633s] -- Up-to-date symlink: /home/twip_ws/install/sim_ros2_interface/share/sim_ros2_interface/local_setup.dsv
[0.633s] -- Symlinking: /home/twip_ws/install/sim_ros2_interface/share/sim_ros2_interface/package.dsv
[0.639s] -- Up-to-date symlink: /home/twip_ws/install/sim_ros2_interface/share/ament_index/resource_index/packages/sim_ros2_interface
[0.640s] -- Up-to-date symlink: /home/twip_ws/install/sim_ros2_interface/share/sim_ros2_interface/cmake/sim_ros2_interfaceConfig.cmake
[0.640s] -- Up-to-date symlink: /home/twip_ws/install/sim_ros2_interface/share/sim_ros2_interface/cmake/sim_ros2_interfaceConfig-version.cmake
[0.640s] -- Up-to-date symlink: /home/twip_ws/install/sim_ros2_interface/share/sim_ros2_interface/package.xml
[0.654s] Invoked command in '/home/twip_ws/build/sim_ros2_interface' returned '0': CMAKE_PREFIX_PATH=${CMAKE_PREFIX_PATH}:/home/twip_ws/install/driver_imu:/home/twip_ws/install/controllers:/opt/ros/humble PS1=\[\e]0;\u@\h: \w\a\]\[\033[01;37m\]\u\[\033[00m\]@\[\033[01;32m\]\h\[\033[00m\]:\[\033[01;34m\]\w\[\033[00m\] /usr/bin/cmake --install /home/twip_ws/build/sim_ros2_interface
