[35m[1mConsolidate compiler generated dependencies of target complementary_filter[0m
[100%] Built target complementary_filter
-- Install configuration: "Release"
-- Execute custom install script
-- Up-to-date symlink: /home/twip_ws/install/state_estimator/lib/state_estimator/complementary_filter
-- Up-to-date symlink: /home/twip_ws/install/state_estimator/share/ament_index/resource_index/package_run_dependencies/state_estimator
-- Up-to-date symlink: /home/twip_ws/install/state_estimator/share/ament_index/resource_index/parent_prefix_path/state_estimator
-- Up-to-date symlink: /home/twip_ws/install/state_estimator/share/state_estimator/environment/ament_prefix_path.sh
-- Up-to-date symlink: /home/twip_ws/install/state_estimator/share/state_estimator/environment/ament_prefix_path.dsv
-- Up-to-date symlink: /home/twip_ws/install/state_estimator/share/state_estimator/environment/path.sh
-- Up-to-date symlink: /home/twip_ws/install/state_estimator/share/state_estimator/environment/path.dsv
-- Up-to-date symlink: /home/twip_ws/install/state_estimator/share/state_estimator/local_setup.bash
-- Up-to-date symlink: /home/twip_ws/install/state_estimator/share/state_estimator/local_setup.sh
-- Up-to-date symlink: /home/twip_ws/install/state_estimator/share/state_estimator/local_setup.zsh
-- Up-to-date symlink: /home/twip_ws/install/state_estimator/share/state_estimator/local_setup.dsv
-- Symlinking: /home/twip_ws/install/state_estimator/share/state_estimator/package.dsv
-- Up-to-date symlink: /home/twip_ws/install/state_estimator/share/ament_index/resource_index/packages/state_estimator
-- Up-to-date symlink: /home/twip_ws/install/state_estimator/share/state_estimator/cmake/state_estimatorConfig.cmake
-- Up-to-date symlink: /home/twip_ws/install/state_estimator/share/state_estimator/cmake/state_estimatorConfig-version.cmake
-- Up-to-date symlink: /home/twip_ws/install/state_estimator/share/state_estimator/package.xml
