[1.588s] Invoking command in '/home/twip_ws/build/controllers': PS1=\[\e]0;\u@\h: \w\a\]\[\033[01;37m\]\u\[\033[00m\]@\[\033[01;32m\]\h\[\033[00m\]:\[\033[01;34m\]\w\[\033[00m\] PYTHONPATH=/home/twip_ws/install/controllers/lib/python3.10/site-packages:${PYTHONPATH} /usr/bin/python3 setup.py develop --prefix /home/twip_ws/install/controllers --editable --build-directory /home/twip_ws/build/controllers/build --no-deps install_data --install-dir /home/twip_ws/install/controllers
[2.395s] /usr/lib/python3/dist-packages/setuptools/command/easy_install.py:158: EasyInstallDeprecationWarning: easy_install command is deprecated. Use build and pip and other standards-based tools.
[2.395s]   warnings.warn(
[2.396s] running develop
[2.415s] /usr/lib/python3/dist-packages/setuptools/command/install.py:34: SetuptoolsDeprecationWarning: setup.py install is deprecated. Use build and pip and other standards-based tools.
[2.415s]   warnings.warn(
[2.813s] running egg_info
[2.813s] writing controllers.egg-info/PKG-INFO
[2.814s] writing dependency_links to controllers.egg-info/dependency_links.txt
[2.814s] writing entry points to controllers.egg-info/entry_points.txt
[2.814s] writing requirements to controllers.egg-info/requires.txt
[2.815s] writing top-level names to controllers.egg-info/top_level.txt
[2.819s] reading manifest file 'controllers.egg-info/SOURCES.txt'
[2.821s] writing manifest file 'controllers.egg-info/SOURCES.txt'
[2.824s] running build_ext
[2.824s] Creating /home/twip_ws/install/controllers/lib/python3.10/site-packages/controllers.egg-link (link to .)
[2.826s] Installing run_lqr script to /home/twip_ws/install/controllers/lib/controllers
[2.827s] 
[2.827s] Installed /home/twip_ws/build/controllers
[2.827s] running install_data
[2.877s] Invoked command in '/home/twip_ws/build/controllers' returned '0': PS1=\[\e]0;\u@\h: \w\a\]\[\033[01;37m\]\u\[\033[00m\]@\[\033[01;32m\]\h\[\033[00m\]:\[\033[01;34m\]\w\[\033[00m\] PYTHONPATH=/home/twip_ws/install/controllers/lib/python3.10/site-packages:${PYTHONPATH} /usr/bin/python3 setup.py develop --prefix /home/twip_ws/install/controllers --editable --build-directory /home/twip_ws/build/controllers/build --no-deps install_data --install-dir /home/twip_ws/install/controllers
