-- The C compiler identification is GNU 11.2.0
-- The CXX compiler identification is GNU 11.2.0
-- Detecting C compiler ABI info
-- Detecting C compiler ABI info - done
-- Check for working C compiler: /usr/bin/cc - skipped
-- Detecting C compile features
-- Detecting C compile features - done
-- Detecting CXX compiler ABI info
-- Detecting CXX compiler ABI info - done
-- Check for working CXX compiler: /usr/bin/c++ - skipped
-- Detecting CXX compile features
-- Detecting CXX compile features - done
-- Found ament_cmake: 1.3.2 (/opt/ros/humble/share/ament_cmake/cmake)
-- Found Python3: /usr/bin/python3.10 (found version "3.10.4") found components: Interpreter 
-- Override CMake install command with custom implementation using symlinks instead of copying resources
-- Found rclcpp: 16.0.1 (/opt/ros/humble/share/rclcpp/cmake)
-- Found rosidl_generator_c: 3.1.3 (/opt/ros/humble/share/rosidl_generator_c/cmake)
-- Found rosidl_adapter: 3.1.3 (/opt/ros/humble/share/rosidl_adapter/cmake)
-- Found rosidl_generator_cpp: 3.1.3 (/opt/ros/humble/share/rosidl_generator_cpp/cmake)
-- Using all available rosidl_typesupport_c: rosidl_typesupport_fastrtps_c;rosidl_typesupport_introspection_c
-- Using all available rosidl_typesupport_cpp: rosidl_typesupport_fastrtps_cpp;rosidl_typesupport_introspection_cpp
-- Found rmw_implementation_cmake: 6.1.0 (/opt/ros/humble/share/rmw_implementation_cmake/cmake)
-- Found rmw_fastrtps_cpp: 6.2.1 (/opt/ros/humble/share/rmw_fastrtps_cpp/cmake)
-- Found OpenSSL: /usr/lib/x86_64-linux-gnu/libcrypto.so (found version "3.0.2")  
-- Found FastRTPS: /opt/ros/humble/include  
-- Using RMW implementation 'rmw_fastrtps_cpp' as default
-- Found sensor_msgs: 4.2.2 (/opt/ros/humble/share/sensor_msgs/cmake)
-- Found tf2_msgs: 0.25.0 (/opt/ros/humble/share/tf2_msgs/cmake)
-- Found tf2_ros: 0.25.0 (/opt/ros/humble/share/tf2_ros/cmake)
-- Configuring done
-- Generating done
-- Build files have been written to: /home/twip_ws/build/state_estimator
[ 50%] [32mBuilding CXX object CMakeFiles/complementary_filter.dir/src/complementary_filter.cpp.o[0m
[01m[K/home/twip_ws/src/state_estimator/src/complementary_filter.cpp:[m[K In member function ‘[01m[Kvoid ComplementaryFilter::estimator_callback(sensor_msgs::msg::Imu_<std::allocator<void> >::SharedPtr) const[m[K’:
[01m[K/home/twip_ws/src/state_estimator/src/complementary_filter.cpp:53:16:[m[K [01;35m[Kwarning: [m[Kvariable ‘[01m[Klin_acc_x[m[K’ set but not used [[01;35m[K-Wunused-but-set-variable[m[K]
   53 |         double [01;35m[Klin_acc_x[m[K = 0, lin_acc_y = 0, lin_acc_z = 0;
      |                [01;35m[K^~~~~~~~~[m[K
[01m[K/home/twip_ws/src/state_estimator/src/complementary_filter.cpp:53:31:[m[K [01;35m[Kwarning: [m[Kvariable ‘[01m[Klin_acc_y[m[K’ set but not used [[01;35m[K-Wunused-but-set-variable[m[K]
   53 |         double lin_acc_x = 0, [01;35m[Klin_acc_y[m[K = 0, lin_acc_z = 0;
      |                               [01;35m[K^~~~~~~~~[m[K
[01m[K/home/twip_ws/src/state_estimator/src/complementary_filter.cpp:53:46:[m[K [01;35m[Kwarning: [m[Kvariable ‘[01m[Klin_acc_z[m[K’ set but not used [[01;35m[K-Wunused-but-set-variable[m[K]
   53 |         double lin_acc_x = 0, lin_acc_y = 0, [01;35m[Klin_acc_z[m[K = 0;
      |                                              [01;35m[K^~~~~~~~~[m[K
[01m[K/home/twip_ws/src/state_estimator/src/complementary_filter.cpp:54:16:[m[K [01;35m[Kwarning: [m[Kvariable ‘[01m[Kang_acc_x[m[K’ set but not used [[01;35m[K-Wunused-but-set-variable[m[K]
   54 |         double [01;35m[Kang_acc_x[m[K = 0, ang_acc_y = 0, ang_acc_z = 0;
      |                [01;35m[K^~~~~~~~~[m[K
[01m[K/home/twip_ws/src/state_estimator/src/complementary_filter.cpp:54:31:[m[K [01;35m[Kwarning: [m[Kvariable ‘[01m[Kang_acc_y[m[K’ set but not used [[01;35m[K-Wunused-but-set-variable[m[K]
   54 |         double ang_acc_x = 0, [01;35m[Kang_acc_y[m[K = 0, ang_acc_z = 0;
      |                               [01;35m[K^~~~~~~~~[m[K
[01m[K/home/twip_ws/src/state_estimator/src/complementary_filter.cpp:54:46:[m[K [01;35m[Kwarning: [m[Kvariable ‘[01m[Kang_acc_z[m[K’ set but not used [[01;35m[K-Wunused-but-set-variable[m[K]
   54 |         double ang_acc_x = 0, ang_acc_y = 0, [01;35m[Kang_acc_z[m[K = 0;
      |                                              [01;35m[K^~~~~~~~~[m[K
[100%] [32m[1mLinking CXX executable complementary_filter[0m
[100%] Built target complementary_filter
-- Install configuration: "Release"
-- Execute custom install script
-- Symlinking: /home/twip_ws/install/state_estimator/lib/state_estimator/complementary_filter
-- Symlinking: /home/twip_ws/install/state_estimator/share/ament_index/resource_index/package_run_dependencies/state_estimator
-- Symlinking: /home/twip_ws/install/state_estimator/share/ament_index/resource_index/parent_prefix_path/state_estimator
-- Symlinking: /home/twip_ws/install/state_estimator/share/state_estimator/environment/ament_prefix_path.sh
-- Symlinking: /home/twip_ws/install/state_estimator/share/state_estimator/environment/ament_prefix_path.dsv
-- Symlinking: /home/twip_ws/install/state_estimator/share/state_estimator/environment/path.sh
-- Symlinking: /home/twip_ws/install/state_estimator/share/state_estimator/environment/path.dsv
-- Symlinking: /home/twip_ws/install/state_estimator/share/state_estimator/local_setup.bash
-- Symlinking: /home/twip_ws/install/state_estimator/share/state_estimator/local_setup.sh
-- Symlinking: /home/twip_ws/install/state_estimator/share/state_estimator/local_setup.zsh
-- Symlinking: /home/twip_ws/install/state_estimator/share/state_estimator/local_setup.dsv
-- Symlinking: /home/twip_ws/install/state_estimator/share/state_estimator/package.dsv
-- Symlinking: /home/twip_ws/install/state_estimator/share/ament_index/resource_index/packages/state_estimator
-- Symlinking: /home/twip_ws/install/state_estimator/share/state_estimator/cmake/state_estimatorConfig.cmake
-- Symlinking: /home/twip_ws/install/state_estimator/share/state_estimator/cmake/state_estimatorConfig-version.cmake
-- Symlinking: /home/twip_ws/install/state_estimator/share/state_estimator/package.xml
