[1.844s] Invoking command in '/home/twip_ws/build/controllers': PS1=\[\e]0;\u@\h: \w\a\]\[\033[01;37m\]\u\[\033[00m\]@\[\033[01;32m\]\h\[\033[00m\]:\[\033[01;34m\]\w\[\033[00m\] PYTHONPATH=/home/twip_ws/install/controllers/lib/python3.10/site-packages:${PYTHONPATH} /usr/bin/python3 setup.py develop --prefix /home/twip_ws/install/controllers --editable --build-directory /home/twip_ws/build/controllers/build --no-deps install_data --install-dir /home/twip_ws/install/controllers
[2.703s] running develop
[2.704s] /usr/lib/python3/dist-packages/setuptools/command/easy_install.py:158: EasyInstallDeprecationWarning: easy_install command is deprecated. Use build and pip and other standards-based tools.
[2.705s]   warnings.warn(
[2.708s] /usr/lib/python3/dist-packages/setuptools/command/install.py:34: SetuptoolsDeprecationWarning: setup.py install is deprecated. Use build and pip and other standards-based tools.
[2.709s]   warnings.warn(
[3.217s] running egg_info
[3.217s] writing controllers.egg-info/PKG-INFO
[3.217s] writing dependency_links to controllers.egg-info/dependency_links.txt
[3.218s] writing entry points to controllers.egg-info/entry_points.txt
[3.218s] writing requirements to controllers.egg-info/requires.txt
[3.218s] writing top-level names to controllers.egg-info/top_level.txt
[3.221s] reading manifest file 'controllers.egg-info/SOURCES.txt'
[3.224s] writing manifest file 'controllers.egg-info/SOURCES.txt'
[3.227s] running build_ext
[3.227s] Creating /home/twip_ws/install/controllers/lib/python3.10/site-packages/controllers.egg-link (link to .)
[3.229s] Installing run_lqr script to /home/twip_ws/install/controllers/lib/controllers
[3.230s] 
[3.230s] Installed /home/twip_ws/build/controllers
[3.230s] running install_data
[3.284s] Invoked command in '/home/twip_ws/build/controllers' returned '0': PS1=\[\e]0;\u@\h: \w\a\]\[\033[01;37m\]\u\[\033[00m\]@\[\033[01;32m\]\h\[\033[00m\]:\[\033[01;34m\]\w\[\033[00m\] PYTHONPATH=/home/twip_ws/install/controllers/lib/python3.10/site-packages:${PYTHONPATH} /usr/bin/python3 setup.py develop --prefix /home/twip_ws/install/controllers --editable --build-directory /home/twip_ws/build/controllers/build --no-deps install_data --install-dir /home/twip_ws/install/controllers
