-- The C compiler identification is GNU 11.2.0
-- The CXX compiler identification is GNU 11.2.0
-- Detecting C compiler ABI info
-- Detecting C compiler ABI info - done
-- Check for working C compiler: /usr/bin/cc - skipped
-- Detecting C compile features
-- Detecting C compile features - done
-- Detecting CXX compiler ABI info
-- Detecting CXX compiler ABI info - done
-- Check for working CXX compiler: /usr/bin/c++ - skipped
-- Detecting CXX compile features
-- Detecting CXX compile features - done
-- Found ament_cmake: 1.3.2 (/opt/ros/humble/share/ament_cmake/cmake)
-- Found Python3: /usr/bin/python3.10 (found version "3.10.4") found components: Interpreter 
-- Override CMake install command with custom implementation using symlinks instead of copying resources
-- Found ament_cmake_ros: 0.10.0 (/opt/ros/humble/share/ament_cmake_ros/cmake)
-- Found diagnostic_msgs: 4.2.2 (/opt/ros/humble/share/diagnostic_msgs/cmake)
-- Found rosidl_generator_c: 3.1.3 (/opt/ros/humble/share/rosidl_generator_c/cmake)
-- Found rosidl_adapter: 3.1.3 (/opt/ros/humble/share/rosidl_adapter/cmake)
-- Found rosidl_generator_cpp: 3.1.3 (/opt/ros/humble/share/rosidl_generator_cpp/cmake)
-- Using all available rosidl_typesupport_c: rosidl_typesupport_fastrtps_c;rosidl_typesupport_introspection_c
-- Using all available rosidl_typesupport_cpp: rosidl_typesupport_fastrtps_cpp;rosidl_typesupport_introspection_cpp
-- Found geometry_msgs: 4.2.2 (/opt/ros/humble/share/geometry_msgs/cmake)
-- Found lifecycle_msgs: 1.2.0 (/opt/ros/humble/share/lifecycle_msgs/cmake)
-- Found map_msgs: 2.1.0 (/opt/ros/humble/share/map_msgs/cmake)
-- Found pendulum_msgs: 0.20.2 (/opt/ros/humble/share/pendulum_msgs/cmake)
-- Found rosgraph_msgs: 1.2.0 (/opt/ros/humble/share/rosgraph_msgs/cmake)
-- Found shape_msgs: 4.2.2 (/opt/ros/humble/share/shape_msgs/cmake)
-- Found stereo_msgs: 4.2.2 (/opt/ros/humble/share/stereo_msgs/cmake)
-- Found tf2_geometry_msgs: 0.25.0 (/opt/ros/humble/share/tf2_geometry_msgs/cmake)
-- Found rmw_implementation_cmake: 6.1.0 (/opt/ros/humble/share/rmw_implementation_cmake/cmake)
-- Found rmw_fastrtps_cpp: 6.2.1 (/opt/ros/humble/share/rmw_fastrtps_cpp/cmake)
-- Found OpenSSL: /usr/lib/x86_64-linux-gnu/libcrypto.so (found version "3.0.2")  
-- Found FastRTPS: /opt/ros/humble/include  
-- Using RMW implementation 'rmw_fastrtps_cpp' as default
-- Found trajectory_msgs: 4.2.2 (/opt/ros/humble/share/trajectory_msgs/cmake)
-- Found visualization_msgs: 4.2.2 (/opt/ros/humble/share/visualization_msgs/cmake)
-- Found std_srvs: 4.2.2 (/opt/ros/humble/share/std_srvs/cmake)
-- Found example_interfaces: 0.9.3 (/opt/ros/humble/share/example_interfaces/cmake)
-- Found image_transport: 3.1.4 (/opt/ros/humble/share/image_transport/cmake)
-- CoppeliaSim: LIBPLUGIN_DIR: /home/coppeliasim_simulation/CoppeliaSim/programming/libPlugin.
-- CoppeliaSim: COPPELIASIM_ROOT_DIR: /home/coppeliasim_simulation/CoppeliaSim.
-- Found CoppeliaSim installation at /home/coppeliasim_simulation/CoppeliaSim.
-- Checking CoppeliaSim header version...
-- CoppeliaSim headers version 4.4.0 rev0
-- Found Boost: /usr/lib/x86_64-linux-gnu/cmake/Boost-1.74.0/BoostConfig.cmake (found version "1.74.0") found components: regex 
-- Found Git: /usr/bin/git (found version "2.34.1") 
-- Found Boost: /usr/lib/x86_64-linux-gnu/cmake/Boost-1.74.0/BoostConfig.cmake (found version "1.74.0")  
-- Adding simStubsGen command...
-- Reading plugin metadata...
-- Plugin: ROS2
-- Configuring done
-- Generating done
-- Build files have been written to: /home/twip_ws/build/sim_ros2_interface
[ 12%] [34m[1mGenerating generated/actcli_cancelLastGoal.cpp[0m
[ 12%] [34m[1mGenerating generated/actsrv_action_canceled.cpp[0m
[ 12%] [34m[1mGenerating generated/actcli_sendGoal.cpp[0m
[ 12%] [34m[1mGenerating generated/actcli_del.cpp[0m
[ 14%] [34m[1mGenerating generated/actsrv_action_abort.cpp[0m
[ 12%] [34m[1mGenerating generated/actcli_new.cpp[0m
[ 17%] [34m[1mGenerating generated/actsrv_action_execute.cpp[0m
[ 19%] [34m[1mGenerating generated/actsrv_action_is_active.cpp[0m
[ 21%] [34m[1mGenerating generated/actsrv_action_is_canceling.cpp[0m
[ 24%] [34m[1mGenerating generated/actsrv_action_is_executing.cpp[0m
[ 26%] [34m[1mGenerating generated/actsrv_action_succeed.cpp[0m
[ 29%] [34m[1mGenerating generated/actsrv_action_publish_feedback.cpp[0m
[ 31%] [34m[1mGenerating generated/actsrv_del.cpp[0m
[ 34%] [34m[1mGenerating generated/actsrv_new.cpp[0m
[ 36%] [34m[1mGenerating generated/callbacks.cpp[0m
[ 39%] [34m[1mGenerating generated/callbacks.h[0m
[ 41%] [34m[1mGenerating generated/cli_call.cpp[0m
[ 43%] [34m[1mGenerating generated/cli_del.cpp[0m
[ 46%] [34m[1mGenerating generated/cli_new.cpp[0m
[ 48%] [34m[1mGenerating generated/cli_wait.cpp[0m
[ 51%] [34m[1mGenerating generated/if_const.cpp[0m
[ 53%] [34m[1mGenerating generated/if_list.cpp[0m
[ 58%] [34m[1mGenerating generated/pub_del.cpp[0m
[ 58%] [34m[1mGenerating generated/if_new.cpp[0m
[ 60%] [34m[1mGenerating generated/pub_new.cpp[0m
[ 63%] [34m[1mGenerating generated/pub_publish.cpp[0m
[ 65%] [34m[1mGenerating generated/srv_del.cpp[0m
[ 68%] [34m[1mGenerating generated/srv_new.cpp[0m
[ 70%] [34m[1mGenerating generated/sub_del.cpp[0m
[ 73%] [34m[1mGenerating generated/sub_new.cpp[0m
[ 73%] Built target generate_ros_code
[ 75%] [34m[1mGenerating generated/stubs.cpp, generated/stubs.h, generated/plugin.h, generated/stubsPlusPlus.cpp, generated/index.json, generated/reference.html, generated/lua_calltips.cpp, generated/simROS2-typecheck.lua[0m
/home/coppeliasim_simulation/CoppeliaSim/programming/libPlugin/simStubsGen/generate.py --verbose --xml-file /home/twip_ws/src/external/simExtROS2/meta/callbacks.xml --gen-all /home/twip_ws/build/sim_ros2_interface/generated --lua-file /home/twip_ws/src/external/simExtROS2/simROS2.lua
/usr/bin/python3.10 /home/coppeliasim_simulation/CoppeliaSim/programming/libPlugin/simStubsGen/generate_lua_xml.py /home/twip_ws/src/external/simExtROS2/meta/callbacks.xml /home/twip_ws/src/external/simExtROS2/simROS2.lua /home/twip_ws/build/sim_ros2_interface/generated/lua.xml
/usr/bin/python3.10 /home/coppeliasim_simulation/CoppeliaSim/programming/libPlugin/simStubsGen/merge_xml.py /home/twip_ws/src/external/simExtROS2/meta/callbacks.xml /home/twip_ws/build/sim_ros2_interface/generated/lua.xml /home/twip_ws/build/sim_ros2_interface/generated/reference.xml
xsltproc -o /home/twip_ws/build/sim_ros2_interface/generated/reference.html /home/coppeliasim_simulation/CoppeliaSim/programming/libPlugin/simStubsGen/xsl/reference.xsl /home/twip_ws/build/sim_ros2_interface/generated/reference.xml
/usr/bin/python3.10 /home/coppeliasim_simulation/CoppeliaSim/programming/libPlugin/simStubsGen/generate_lua_calltips.py /home/twip_ws/build/sim_ros2_interface/generated/lua.xml /home/twip_ws/build/sim_ros2_interface/generated/lua_calltips.cpp
/usr/bin/python3.10 /home/coppeliasim_simulation/CoppeliaSim/programming/libPlugin/simStubsGen/generate_lua_typechecker.py /home/twip_ws/src/external/simExtROS2/simROS2.lua /home/twip_ws/build/sim_ros2_interface/generated/lua.xml /home/twip_ws/build/sim_ros2_interface/generated/simROS2-typecheck.lua
/usr/bin/python3.10 /home/coppeliasim_simulation/CoppeliaSim/programming/libPlugin/simStubsGen/generate_api_index.py /home/twip_ws/build/sim_ros2_interface/generated/reference.xml /home/twip_ws/build/sim_ros2_interface/generated/index.json
/usr/bin/python3.10 /home/coppeliasim_simulation/CoppeliaSim/programming/libPlugin/simStubsGen/external/pycpp/pycpp.py -p xml_file=/home/twip_ws/src/external/simExtROS2/meta/callbacks.xml -p have_lua_calltips=True -P /home/coppeliasim_simulation/CoppeliaSim/programming/libPlugin/simStubsGen -p lua_require=simROS2-typecheck -i /home/coppeliasim_simulation/CoppeliaSim/programming/libPlugin/simStubsGen/cpp/stubs.cpp -o /home/twip_ws/build/sim_ros2_interface/generated/stubs.cpp
/usr/bin/python3.10 /home/coppeliasim_simulation/CoppeliaSim/programming/libPlugin/simStubsGen/external/pycpp/pycpp.py -p xml_file=/home/twip_ws/src/external/simExtROS2/meta/callbacks.xml -p have_lua_calltips=True -P /home/coppeliasim_simulation/CoppeliaSim/programming/libPlugin/simStubsGen -p lua_require=simROS2-typecheck -i /home/coppeliasim_simulation/CoppeliaSim/programming/libPlugin/simStubsGen/cpp/stubs.h -o /home/twip_ws/build/sim_ros2_interface/generated/stubs.h
/usr/bin/python3.10 /home/coppeliasim_simulation/CoppeliaSim/programming/libPlugin/simStubsGen/external/pycpp/pycpp.py -p xml_file=/home/twip_ws/src/external/simExtROS2/meta/callbacks.xml -p have_lua_calltips=True -P /home/coppeliasim_simulation/CoppeliaSim/programming/libPlugin/simStubsGen -p lua_require=simROS2-typecheck -i /home/coppeliasim_simulation/CoppeliaSim/programming/libPlugin/simStubsGen/cpp/plugin.h -o /home/twip_ws/build/sim_ros2_interface/generated/plugin.h
/usr/bin/python3.10 /home/coppeliasim_simulation/CoppeliaSim/programming/libPlugin/simStubsGen/external/pycpp/pycpp.py -p xml_file=/home/twip_ws/src/external/simExtROS2/meta/callbacks.xml -p have_lua_calltips=True -P /home/coppeliasim_simulation/CoppeliaSim/programming/libPlugin/simStubsGen -p lua_require=simROS2-typecheck -i /home/coppeliasim_simulation/CoppeliaSim/programming/libPlugin/simStubsGen/cpp/stubsPlusPlus.cpp -o /home/twip_ws/build/sim_ros2_interface/generated/stubsPlusPlus.cpp
[ 80%] [32mBuilding CXX object CMakeFiles/simExtROS2.dir/home/coppeliasim_simulation/CoppeliaSim/programming/libPlugin/simPlusPlus/Handle.cpp.o[0m
[ 82%] [32mBuilding CXX object CMakeFiles/simExtROS2.dir/home/coppeliasim_simulation/CoppeliaSim/programming/libPlugin/simPlusPlus/Lib.cpp.o[0m
[ 82%] [32mBuilding CXX object CMakeFiles/simExtROS2.dir/generated/stubs.cpp.o[0m
[ 85%] [32mBuilding CXX object CMakeFiles/simExtROS2.dir/home/coppeliasim_simulation/CoppeliaSim/programming/common/simLib.cpp.o[0m
[ 87%] [32mBuilding CXX object CMakeFiles/simExtROS2.dir/src/ros_msg_builtin_io.cpp.o[0m
[ 92%] [32mBuilding CXX object CMakeFiles/simExtROS2.dir/home/coppeliasim_simulation/CoppeliaSim/programming/libPlugin/simPlusPlus/Plugin.cpp.o[0m
[ 92%] [32mBuilding CXX object CMakeFiles/simExtROS2.dir/src/sim_ros2_interface.cpp.o[0m
[ 95%] [32mBuilding CXX object CMakeFiles/simExtROS2.dir/generated/callbacks.cpp.o[0m
[ 97%] [32m[1mLinking CXX shared library libsimExtROS2.so[0m
[100%] Built target simExtROS2
-- Install configuration: "Release"
-- Execute custom install script
-- Up-to-date symlink: /home/coppeliasim_simulation/CoppeliaSim/lua/simROS2-typecheck.lua
-- Up-to-date symlink: /home/coppeliasim_simulation/CoppeliaSim/lua/simROS2.lua
-- Up-to-date symlink: /home/coppeliasim_simulation/CoppeliaSim/helpFiles/en/simROS2.htm
-- Up-to-date symlink: /home/coppeliasim_simulation/CoppeliaSim/helpFiles/index/simROS2.json
-- Up-to-date symlink: /home/coppeliasim_simulation/CoppeliaSim/libsimExtROS2.so
-- Symlinking: /home/twip_ws/install/sim_ros2_interface/share/ament_index/resource_index/package_run_dependencies/sim_ros2_interface
-- Symlinking: /home/twip_ws/install/sim_ros2_interface/share/ament_index/resource_index/parent_prefix_path/sim_ros2_interface
-- Symlinking: /home/twip_ws/install/sim_ros2_interface/share/sim_ros2_interface/environment/ament_prefix_path.sh
-- Symlinking: /home/twip_ws/install/sim_ros2_interface/share/sim_ros2_interface/environment/ament_prefix_path.dsv
-- Symlinking: /home/twip_ws/install/sim_ros2_interface/share/sim_ros2_interface/environment/path.sh
-- Symlinking: /home/twip_ws/install/sim_ros2_interface/share/sim_ros2_interface/environment/path.dsv
-- Symlinking: /home/twip_ws/install/sim_ros2_interface/share/sim_ros2_interface/local_setup.bash
-- Symlinking: /home/twip_ws/install/sim_ros2_interface/share/sim_ros2_interface/local_setup.sh
-- Symlinking: /home/twip_ws/install/sim_ros2_interface/share/sim_ros2_interface/local_setup.zsh
-- Symlinking: /home/twip_ws/install/sim_ros2_interface/share/sim_ros2_interface/local_setup.dsv
-- Symlinking: /home/twip_ws/install/sim_ros2_interface/share/sim_ros2_interface/package.dsv
-- Symlinking: /home/twip_ws/install/sim_ros2_interface/share/ament_index/resource_index/packages/sim_ros2_interface
-- Symlinking: /home/twip_ws/install/sim_ros2_interface/share/sim_ros2_interface/cmake/sim_ros2_interfaceConfig.cmake
-- Symlinking: /home/twip_ws/install/sim_ros2_interface/share/sim_ros2_interface/cmake/sim_ros2_interfaceConfig-version.cmake
-- Symlinking: /home/twip_ws/install/sim_ros2_interface/share/sim_ros2_interface/package.xml
