/usr/lib/python3/dist-packages/setuptools/dist.py:723: UserWarning: Usage of dash-separated 'script-dir' will not be supported in future versions. Please use the underscore name 'script_dir' instead
  warnings.warn(
/usr/lib/python3/dist-packages/setuptools/dist.py:723: UserWarning: Usage of dash-separated 'install-scripts' will not be supported in future versions. Please use the underscore name 'install_scripts' instead
  warnings.warn(
running develop
/usr/lib/python3/dist-packages/setuptools/command/easy_install.py:158: EasyInstallDeprecationWarning: easy_install command is deprecated. Use build and pip and other standards-based tools.
  warnings.warn(
/usr/lib/python3/dist-packages/setuptools/command/install.py:34: SetuptoolsDeprecationWarning: setup.py install is deprecated. Use build and pip and other standards-based tools.
  warnings.warn(
running egg_info
creating driver_imu.egg-info
writing driver_imu.egg-info/PKG-INFO
writing dependency_links to driver_imu.egg-info/dependency_links.txt
writing entry points to driver_imu.egg-info/entry_points.txt
writing requirements to driver_imu.egg-info/requires.txt
writing top-level names to driver_imu.egg-info/top_level.txt
writing manifest file 'driver_imu.egg-info/SOURCES.txt'
reading manifest file 'driver_imu.egg-info/SOURCES.txt'
writing manifest file 'driver_imu.egg-info/SOURCES.txt'
running build_ext
Creating /home/twip_ws/install/driver_imu/lib/python3.10/site-packages/driver-imu.egg-link (link to .)
Installing driver_imu script to /home/twip_ws/install/driver_imu/lib/driver_imu

Installed /home/twip_ws/build/driver_imu
running install_data
creating /home/twip_ws/install/driver_imu/share/ament_index
creating /home/twip_ws/install/driver_imu/share/ament_index/resource_index
creating /home/twip_ws/install/driver_imu/share/ament_index/resource_index/packages
copying resource/driver_imu -> /home/twip_ws/install/driver_imu/share/ament_index/resource_index/packages
copying package.xml -> /home/twip_ws/install/driver_imu/share/driver_imu
