[0.326s] DEBUG:colcon:Command line arguments: ['/usr/bin/colcon', 'build', '--symlink-install', '--cmake-args', '-DCMAKE_BUILD_TYPE=Release']
[0.326s] DEBUG:colcon:Parsed command line arguments: Namespace(log_base=None, log_level=None, verb_name='build', build_base='build', install_base='install', merge_install=False, symlink_install=True, test_result_base=None, continue_on_error=False, executor='parallel', parallel_workers=8, event_handlers=None, ignore_user_meta=False, metas=['./colcon.meta'], base_paths=['.'], packages_ignore=None, packages_ignore_regex=None, paths=None, packages_up_to=None, packages_up_to_regex=None, packages_above=None, packages_above_and_dependencies=None, packages_above_depth=None, packages_select_by_dep=None, packages_skip_by_dep=None, packages_skip_up_to=None, packages_select_build_failed=False, packages_skip_build_finished=False, packages_select_test_failures=False, packages_skip_test_passed=False, packages_select=None, packages_skip=None, packages_select_regex=None, packages_skip_regex=None, packages_start=None, packages_end=None, cmake_args=['-DCMAKE_BUILD_TYPE=Release'], cmake_target=None, cmake_target_skip_unavailable=False, cmake_clean_cache=False, cmake_clean_first=False, cmake_force_configure=False, ament_cmake_args=None, catkin_cmake_args=None, catkin_skip_building_tests=False, mixin_files=None, mixin=None, verb_parser=<colcon_mixin.mixin.mixin_argument.MixinArgumentDecorator object at 0x7f9b49472d70>, verb_extension=<colcon_core.verb.build.BuildVerb object at 0x7f9b49deca00>, main=<bound method BuildVerb.main of <colcon_core.verb.build.BuildVerb object at 0x7f9b49deca00>>, mixin_verb=('build',))
[0.348s] Level 1:colcon.colcon_core.package_discovery:discover_packages(colcon_meta) check parameters
[0.349s] INFO:colcon.colcon_metadata.package_discovery.colcon_meta:Using configuration from '/root/.colcon/metadata/default/Gazebo.meta'
[0.349s] INFO:colcon.colcon_metadata.package_discovery.colcon_meta:Using configuration from '/root/.colcon/metadata/default/fastrtps.meta'
[0.350s] Level 1:colcon.colcon_core.package_discovery:discover_packages(recursive) check parameters
[0.350s] Level 1:colcon.colcon_core.package_discovery:discover_packages(ignore) check parameters
[0.350s] Level 1:colcon.colcon_core.package_discovery:discover_packages(path) check parameters
[0.350s] Level 1:colcon.colcon_core.package_discovery:discover_packages(colcon_meta) discover
[0.350s] Level 1:colcon.colcon_core.package_discovery:discover_packages(recursive) discover
[0.350s] INFO:colcon.colcon_core.package_discovery:Crawling recursively for packages in '/home/twip_ws'
[0.350s] Level 1:colcon.colcon_core.package_identification:_identify(.) by extensions ['ignore', 'ignore_ament_install']
[0.350s] Level 1:colcon.colcon_core.package_identification:_identify(.) by extension 'ignore'
[0.350s] Level 1:colcon.colcon_core.package_identification:_identify(.) by extension 'ignore_ament_install'
[0.350s] Level 1:colcon.colcon_core.package_identification:_identify(.) by extensions ['colcon_pkg']
[0.350s] Level 1:colcon.colcon_core.package_identification:_identify(.) by extension 'colcon_pkg'
[0.350s] Level 1:colcon.colcon_core.package_identification:_identify(.) by extensions ['colcon_meta']
[0.350s] Level 1:colcon.colcon_core.package_identification:_identify(.) by extension 'colcon_meta'
[0.350s] Level 1:colcon.colcon_core.package_identification:_identify(.) by extensions ['ros']
[0.350s] Level 1:colcon.colcon_core.package_identification:_identify(.) by extension 'ros'
[0.362s] Level 1:colcon.colcon_core.package_identification:_identify(.) by extensions ['cmake', 'python']
[0.362s] Level 1:colcon.colcon_core.package_identification:_identify(.) by extension 'cmake'
[0.363s] Level 1:colcon.colcon_core.package_identification:_identify(.) by extension 'python'
[0.363s] Level 1:colcon.colcon_core.package_identification:_identify(.) by extensions ['python_setup_py']
[0.363s] Level 1:colcon.colcon_core.package_identification:_identify(.) by extension 'python_setup_py'
[0.363s] Level 1:colcon.colcon_core.package_identification:_identify(build) by extensions ['ignore', 'ignore_ament_install']
[0.363s] Level 1:colcon.colcon_core.package_identification:_identify(build) by extension 'ignore'
[0.363s] Level 1:colcon.colcon_core.package_identification:_identify(build) ignored
[0.363s] Level 1:colcon.colcon_core.package_identification:_identify(install) by extensions ['ignore', 'ignore_ament_install']
[0.363s] Level 1:colcon.colcon_core.package_identification:_identify(install) by extension 'ignore'
[0.363s] Level 1:colcon.colcon_core.package_identification:_identify(install) ignored
[0.363s] Level 1:colcon.colcon_core.package_identification:_identify(log) by extensions ['ignore', 'ignore_ament_install']
[0.363s] Level 1:colcon.colcon_core.package_identification:_identify(log) by extension 'ignore'
[0.363s] Level 1:colcon.colcon_core.package_identification:_identify(log) ignored
[0.364s] Level 1:colcon.colcon_core.package_identification:_identify(src) by extensions ['ignore', 'ignore_ament_install']
[0.364s] Level 1:colcon.colcon_core.package_identification:_identify(src) by extension 'ignore'
[0.364s] Level 1:colcon.colcon_core.package_identification:_identify(src) by extension 'ignore_ament_install'
[0.364s] Level 1:colcon.colcon_core.package_identification:_identify(src) by extensions ['colcon_pkg']
[0.364s] Level 1:colcon.colcon_core.package_identification:_identify(src) by extension 'colcon_pkg'
[0.364s] Level 1:colcon.colcon_core.package_identification:_identify(src) by extensions ['colcon_meta']
[0.364s] Level 1:colcon.colcon_core.package_identification:_identify(src) by extension 'colcon_meta'
[0.364s] Level 1:colcon.colcon_core.package_identification:_identify(src) by extensions ['ros']
[0.364s] Level 1:colcon.colcon_core.package_identification:_identify(src) by extension 'ros'
[0.364s] Level 1:colcon.colcon_core.package_identification:_identify(src) by extensions ['cmake', 'python']
[0.364s] Level 1:colcon.colcon_core.package_identification:_identify(src) by extension 'cmake'
[0.364s] Level 1:colcon.colcon_core.package_identification:_identify(src) by extension 'python'
[0.364s] Level 1:colcon.colcon_core.package_identification:_identify(src) by extensions ['python_setup_py']
[0.364s] Level 1:colcon.colcon_core.package_identification:_identify(src) by extension 'python_setup_py'
[0.365s] Level 1:colcon.colcon_core.package_identification:_identify(src/controllers) by extensions ['ignore', 'ignore_ament_install']
[0.365s] Level 1:colcon.colcon_core.package_identification:_identify(src/controllers) by extension 'ignore'
[0.365s] Level 1:colcon.colcon_core.package_identification:_identify(src/controllers) by extension 'ignore_ament_install'
[0.365s] Level 1:colcon.colcon_core.package_identification:_identify(src/controllers) by extensions ['colcon_pkg']
[0.365s] Level 1:colcon.colcon_core.package_identification:_identify(src/controllers) by extension 'colcon_pkg'
[0.365s] Level 1:colcon.colcon_core.package_identification:_identify(src/controllers) by extensions ['colcon_meta']
[0.365s] Level 1:colcon.colcon_core.package_identification:_identify(src/controllers) by extension 'colcon_meta'
[0.365s] Level 1:colcon.colcon_core.package_identification:_identify(src/controllers) by extensions ['ros']
[0.365s] Level 1:colcon.colcon_core.package_identification:_identify(src/controllers) by extension 'ros'
[0.367s] DEBUG:colcon.colcon_core.package_identification:Package 'src/controllers' with type 'ros.ament_python' and name 'controllers'
[0.368s] Level 1:colcon.colcon_core.package_identification:_identify(src/drivers) by extensions ['ignore', 'ignore_ament_install']
[0.368s] Level 1:colcon.colcon_core.package_identification:_identify(src/drivers) by extension 'ignore'
[0.368s] Level 1:colcon.colcon_core.package_identification:_identify(src/drivers) by extension 'ignore_ament_install'
[0.368s] Level 1:colcon.colcon_core.package_identification:_identify(src/drivers) by extensions ['colcon_pkg']
[0.368s] Level 1:colcon.colcon_core.package_identification:_identify(src/drivers) by extension 'colcon_pkg'
[0.368s] Level 1:colcon.colcon_core.package_identification:_identify(src/drivers) by extensions ['colcon_meta']
[0.368s] Level 1:colcon.colcon_core.package_identification:_identify(src/drivers) by extension 'colcon_meta'
[0.368s] Level 1:colcon.colcon_core.package_identification:_identify(src/drivers) by extensions ['ros']
[0.368s] Level 1:colcon.colcon_core.package_identification:_identify(src/drivers) by extension 'ros'
[0.369s] DEBUG:colcon.colcon_core.package_identification:Package 'src/drivers' with type 'ros.ament_python' and name 'driver_imu'
[0.369s] Level 1:colcon.colcon_core.package_identification:_identify(src/external) by extensions ['ignore', 'ignore_ament_install']
[0.369s] Level 1:colcon.colcon_core.package_identification:_identify(src/external) by extension 'ignore'
[0.369s] Level 1:colcon.colcon_core.package_identification:_identify(src/external) by extension 'ignore_ament_install'
[0.369s] Level 1:colcon.colcon_core.package_identification:_identify(src/external) by extensions ['colcon_pkg']
[0.369s] Level 1:colcon.colcon_core.package_identification:_identify(src/external) by extension 'colcon_pkg'
[0.369s] Level 1:colcon.colcon_core.package_identification:_identify(src/external) by extensions ['colcon_meta']
[0.369s] Level 1:colcon.colcon_core.package_identification:_identify(src/external) by extension 'colcon_meta'
[0.369s] Level 1:colcon.colcon_core.package_identification:_identify(src/external) by extensions ['ros']
[0.370s] Level 1:colcon.colcon_core.package_identification:_identify(src/external) by extension 'ros'
[0.370s] Level 1:colcon.colcon_core.package_identification:_identify(src/external) by extensions ['cmake', 'python']
[0.370s] Level 1:colcon.colcon_core.package_identification:_identify(src/external) by extension 'cmake'
[0.370s] Level 1:colcon.colcon_core.package_identification:_identify(src/external) by extension 'python'
[0.370s] Level 1:colcon.colcon_core.package_identification:_identify(src/external) by extensions ['python_setup_py']
[0.370s] Level 1:colcon.colcon_core.package_identification:_identify(src/external) by extension 'python_setup_py'
[0.370s] Level 1:colcon.colcon_core.package_identification:_identify(src/external/ros2_bubble_rob) by extensions ['ignore', 'ignore_ament_install']
[0.370s] Level 1:colcon.colcon_core.package_identification:_identify(src/external/ros2_bubble_rob) by extension 'ignore'
[0.370s] Level 1:colcon.colcon_core.package_identification:_identify(src/external/ros2_bubble_rob) by extension 'ignore_ament_install'
[0.370s] Level 1:colcon.colcon_core.package_identification:_identify(src/external/ros2_bubble_rob) by extensions ['colcon_pkg']
[0.370s] Level 1:colcon.colcon_core.package_identification:_identify(src/external/ros2_bubble_rob) by extension 'colcon_pkg'
[0.370s] Level 1:colcon.colcon_core.package_identification:_identify(src/external/ros2_bubble_rob) by extensions ['colcon_meta']
[0.370s] Level 1:colcon.colcon_core.package_identification:_identify(src/external/ros2_bubble_rob) by extension 'colcon_meta'
[0.370s] Level 1:colcon.colcon_core.package_identification:_identify(src/external/ros2_bubble_rob) by extensions ['ros']
[0.370s] Level 1:colcon.colcon_core.package_identification:_identify(src/external/ros2_bubble_rob) by extension 'ros'
[0.371s] DEBUG:colcon.colcon_core.package_identification:Package 'src/external/ros2_bubble_rob' with type 'ros.ament_cmake' and name 'ros2_bubble_rob'
[0.371s] Level 1:colcon.colcon_core.package_identification:_identify(src/external/simExtROS2) by extensions ['ignore', 'ignore_ament_install']
[0.371s] Level 1:colcon.colcon_core.package_identification:_identify(src/external/simExtROS2) by extension 'ignore'
[0.371s] Level 1:colcon.colcon_core.package_identification:_identify(src/external/simExtROS2) by extension 'ignore_ament_install'
[0.371s] Level 1:colcon.colcon_core.package_identification:_identify(src/external/simExtROS2) by extensions ['colcon_pkg']
[0.371s] Level 1:colcon.colcon_core.package_identification:_identify(src/external/simExtROS2) by extension 'colcon_pkg'
[0.372s] Level 1:colcon.colcon_core.package_identification:_identify(src/external/simExtROS2) by extensions ['colcon_meta']
[0.372s] Level 1:colcon.colcon_core.package_identification:_identify(src/external/simExtROS2) by extension 'colcon_meta'
[0.372s] Level 1:colcon.colcon_core.package_identification:_identify(src/external/simExtROS2) by extensions ['ros']
[0.372s] Level 1:colcon.colcon_core.package_identification:_identify(src/external/simExtROS2) by extension 'ros'
[0.374s] DEBUG:colcon.colcon_core.package_identification:Package 'src/external/simExtROS2' with type 'ros.ament_cmake' and name 'sim_ros2_interface'
[0.374s] Level 1:colcon.colcon_core.package_identification:_identify(src/state_estimator) by extensions ['ignore', 'ignore_ament_install']
[0.374s] Level 1:colcon.colcon_core.package_identification:_identify(src/state_estimator) by extension 'ignore'
[0.374s] Level 1:colcon.colcon_core.package_identification:_identify(src/state_estimator) by extension 'ignore_ament_install'
[0.374s] Level 1:colcon.colcon_core.package_identification:_identify(src/state_estimator) by extensions ['colcon_pkg']
[0.375s] Level 1:colcon.colcon_core.package_identification:_identify(src/state_estimator) by extension 'colcon_pkg'
[0.375s] Level 1:colcon.colcon_core.package_identification:_identify(src/state_estimator) by extensions ['colcon_meta']
[0.375s] Level 1:colcon.colcon_core.package_identification:_identify(src/state_estimator) by extension 'colcon_meta'
[0.375s] Level 1:colcon.colcon_core.package_identification:_identify(src/state_estimator) by extensions ['ros']
[0.375s] Level 1:colcon.colcon_core.package_identification:_identify(src/state_estimator) by extension 'ros'
[0.376s] DEBUG:colcon.colcon_core.package_identification:Package 'src/state_estimator' with type 'ros.ament_cmake' and name 'state_estimator'
[0.376s] Level 1:colcon.colcon_core.package_discovery:discover_packages(recursive) using defaults
[0.376s] Level 1:colcon.colcon_core.package_discovery:discover_packages(ignore) discover
[0.376s] Level 1:colcon.colcon_core.package_discovery:discover_packages(ignore) using defaults
[0.376s] Level 1:colcon.colcon_core.package_discovery:discover_packages(path) discover
[0.376s] Level 1:colcon.colcon_core.package_discovery:discover_packages(path) using defaults
[0.408s] Level 5:colcon.colcon_core.verb:set package 'controllers' build argument 'cmake_args' from command line to '['-DCMAKE_BUILD_TYPE=Release']'
[0.408s] Level 5:colcon.colcon_core.verb:set package 'controllers' build argument 'cmake_target' from command line to 'None'
[0.408s] Level 5:colcon.colcon_core.verb:set package 'controllers' build argument 'cmake_target_skip_unavailable' from command line to 'False'
[0.409s] Level 5:colcon.colcon_core.verb:set package 'controllers' build argument 'cmake_clean_cache' from command line to 'False'
[0.409s] Level 5:colcon.colcon_core.verb:set package 'controllers' build argument 'cmake_clean_first' from command line to 'False'
[0.409s] Level 5:colcon.colcon_core.verb:set package 'controllers' build argument 'cmake_force_configure' from command line to 'False'
[0.409s] Level 5:colcon.colcon_core.verb:set package 'controllers' build argument 'ament_cmake_args' from command line to 'None'
[0.409s] Level 5:colcon.colcon_core.verb:set package 'controllers' build argument 'catkin_cmake_args' from command line to 'None'
[0.409s] Level 5:colcon.colcon_core.verb:set package 'controllers' build argument 'catkin_skip_building_tests' from command line to 'False'
[0.409s] DEBUG:colcon.colcon_core.verb:Building package 'controllers' with the following arguments: {'ament_cmake_args': None, 'build_base': '/home/twip_ws/build/controllers', 'catkin_cmake_args': None, 'catkin_skip_building_tests': False, 'cmake_args': ['-DCMAKE_BUILD_TYPE=Release'], 'cmake_clean_cache': False, 'cmake_clean_first': False, 'cmake_force_configure': False, 'cmake_target': None, 'cmake_target_skip_unavailable': False, 'install_base': '/home/twip_ws/install/controllers', 'merge_install': False, 'path': '/home/twip_ws/src/controllers', 'symlink_install': True, 'test_result_base': None}
[0.410s] Level 5:colcon.colcon_core.verb:set package 'driver_imu' build argument 'cmake_args' from command line to '['-DCMAKE_BUILD_TYPE=Release']'
[0.410s] Level 5:colcon.colcon_core.verb:set package 'driver_imu' build argument 'cmake_target' from command line to 'None'
[0.410s] Level 5:colcon.colcon_core.verb:set package 'driver_imu' build argument 'cmake_target_skip_unavailable' from command line to 'False'
[0.410s] Level 5:colcon.colcon_core.verb:set package 'driver_imu' build argument 'cmake_clean_cache' from command line to 'False'
[0.410s] Level 5:colcon.colcon_core.verb:set package 'driver_imu' build argument 'cmake_clean_first' from command line to 'False'
[0.410s] Level 5:colcon.colcon_core.verb:set package 'driver_imu' build argument 'cmake_force_configure' from command line to 'False'
[0.410s] Level 5:colcon.colcon_core.verb:set package 'driver_imu' build argument 'ament_cmake_args' from command line to 'None'
[0.410s] Level 5:colcon.colcon_core.verb:set package 'driver_imu' build argument 'catkin_cmake_args' from command line to 'None'
[0.410s] Level 5:colcon.colcon_core.verb:set package 'driver_imu' build argument 'catkin_skip_building_tests' from command line to 'False'
[0.410s] DEBUG:colcon.colcon_core.verb:Building package 'driver_imu' with the following arguments: {'ament_cmake_args': None, 'build_base': '/home/twip_ws/build/driver_imu', 'catkin_cmake_args': None, 'catkin_skip_building_tests': False, 'cmake_args': ['-DCMAKE_BUILD_TYPE=Release'], 'cmake_clean_cache': False, 'cmake_clean_first': False, 'cmake_force_configure': False, 'cmake_target': None, 'cmake_target_skip_unavailable': False, 'install_base': '/home/twip_ws/install/driver_imu', 'merge_install': False, 'path': '/home/twip_ws/src/drivers', 'symlink_install': True, 'test_result_base': None}
[0.411s] Level 5:colcon.colcon_core.verb:set package 'ros2_bubble_rob' build argument 'cmake_args' from command line to '['-DCMAKE_BUILD_TYPE=Release']'
[0.411s] Level 5:colcon.colcon_core.verb:set package 'ros2_bubble_rob' build argument 'cmake_target' from command line to 'None'
[0.411s] Level 5:colcon.colcon_core.verb:set package 'ros2_bubble_rob' build argument 'cmake_target_skip_unavailable' from command line to 'False'
[0.411s] Level 5:colcon.colcon_core.verb:set package 'ros2_bubble_rob' build argument 'cmake_clean_cache' from command line to 'False'
[0.411s] Level 5:colcon.colcon_core.verb:set package 'ros2_bubble_rob' build argument 'cmake_clean_first' from command line to 'False'
[0.411s] Level 5:colcon.colcon_core.verb:set package 'ros2_bubble_rob' build argument 'cmake_force_configure' from command line to 'False'
[0.411s] Level 5:colcon.colcon_core.verb:set package 'ros2_bubble_rob' build argument 'ament_cmake_args' from command line to 'None'
[0.411s] Level 5:colcon.colcon_core.verb:set package 'ros2_bubble_rob' build argument 'catkin_cmake_args' from command line to 'None'
[0.411s] Level 5:colcon.colcon_core.verb:set package 'ros2_bubble_rob' build argument 'catkin_skip_building_tests' from command line to 'False'
[0.411s] DEBUG:colcon.colcon_core.verb:Building package 'ros2_bubble_rob' with the following arguments: {'ament_cmake_args': None, 'build_base': '/home/twip_ws/build/ros2_bubble_rob', 'catkin_cmake_args': None, 'catkin_skip_building_tests': False, 'cmake_args': ['-DCMAKE_BUILD_TYPE=Release'], 'cmake_clean_cache': False, 'cmake_clean_first': False, 'cmake_force_configure': False, 'cmake_target': None, 'cmake_target_skip_unavailable': False, 'install_base': '/home/twip_ws/install/ros2_bubble_rob', 'merge_install': False, 'path': '/home/twip_ws/src/external/ros2_bubble_rob', 'symlink_install': True, 'test_result_base': None}
[0.412s] Level 5:colcon.colcon_core.verb:set package 'sim_ros2_interface' build argument 'cmake_args' from command line to '['-DCMAKE_BUILD_TYPE=Release']'
[0.412s] Level 5:colcon.colcon_core.verb:set package 'sim_ros2_interface' build argument 'cmake_target' from command line to 'None'
[0.412s] Level 5:colcon.colcon_core.verb:set package 'sim_ros2_interface' build argument 'cmake_target_skip_unavailable' from command line to 'False'
[0.412s] Level 5:colcon.colcon_core.verb:set package 'sim_ros2_interface' build argument 'cmake_clean_cache' from command line to 'False'
[0.412s] Level 5:colcon.colcon_core.verb:set package 'sim_ros2_interface' build argument 'cmake_clean_first' from command line to 'False'
[0.412s] Level 5:colcon.colcon_core.verb:set package 'sim_ros2_interface' build argument 'cmake_force_configure' from command line to 'False'
[0.412s] Level 5:colcon.colcon_core.verb:set package 'sim_ros2_interface' build argument 'ament_cmake_args' from command line to 'None'
[0.412s] Level 5:colcon.colcon_core.verb:set package 'sim_ros2_interface' build argument 'catkin_cmake_args' from command line to 'None'
[0.413s] Level 5:colcon.colcon_core.verb:set package 'sim_ros2_interface' build argument 'catkin_skip_building_tests' from command line to 'False'
[0.413s] DEBUG:colcon.colcon_core.verb:Building package 'sim_ros2_interface' with the following arguments: {'ament_cmake_args': None, 'build_base': '/home/twip_ws/build/sim_ros2_interface', 'catkin_cmake_args': None, 'catkin_skip_building_tests': False, 'cmake_args': ['-DCMAKE_BUILD_TYPE=Release'], 'cmake_clean_cache': False, 'cmake_clean_first': False, 'cmake_force_configure': False, 'cmake_target': None, 'cmake_target_skip_unavailable': False, 'install_base': '/home/twip_ws/install/sim_ros2_interface', 'merge_install': False, 'path': '/home/twip_ws/src/external/simExtROS2', 'symlink_install': True, 'test_result_base': None}
[0.413s] Level 5:colcon.colcon_core.verb:set package 'state_estimator' build argument 'cmake_args' from command line to '['-DCMAKE_BUILD_TYPE=Release']'
[0.413s] Level 5:colcon.colcon_core.verb:set package 'state_estimator' build argument 'cmake_target' from command line to 'None'
[0.413s] Level 5:colcon.colcon_core.verb:set package 'state_estimator' build argument 'cmake_target_skip_unavailable' from command line to 'False'
[0.414s] Level 5:colcon.colcon_core.verb:set package 'state_estimator' build argument 'cmake_clean_cache' from command line to 'False'
[0.414s] Level 5:colcon.colcon_core.verb:set package 'state_estimator' build argument 'cmake_clean_first' from command line to 'False'
[0.414s] Level 5:colcon.colcon_core.verb:set package 'state_estimator' build argument 'cmake_force_configure' from command line to 'False'
[0.414s] Level 5:colcon.colcon_core.verb:set package 'state_estimator' build argument 'ament_cmake_args' from command line to 'None'
[0.414s] Level 5:colcon.colcon_core.verb:set package 'state_estimator' build argument 'catkin_cmake_args' from command line to 'None'
[0.414s] Level 5:colcon.colcon_core.verb:set package 'state_estimator' build argument 'catkin_skip_building_tests' from command line to 'False'
[0.414s] DEBUG:colcon.colcon_core.verb:Building package 'state_estimator' with the following arguments: {'ament_cmake_args': None, 'build_base': '/home/twip_ws/build/state_estimator', 'catkin_cmake_args': None, 'catkin_skip_building_tests': False, 'cmake_args': ['-DCMAKE_BUILD_TYPE=Release'], 'cmake_clean_cache': False, 'cmake_clean_first': False, 'cmake_force_configure': False, 'cmake_target': None, 'cmake_target_skip_unavailable': False, 'install_base': '/home/twip_ws/install/state_estimator', 'merge_install': False, 'path': '/home/twip_ws/src/state_estimator', 'symlink_install': True, 'test_result_base': None}
[0.414s] INFO:colcon.colcon_core.executor:Executing jobs using 'parallel' executor
[0.418s] DEBUG:colcon.colcon_parallel_executor.executor.parallel:run_until_complete
[0.418s] INFO:colcon.colcon_ros.task.ament_python.build:Building ROS package in '/home/twip_ws/src/controllers' with build type 'ament_python'
[0.418s] Level 1:colcon.colcon_core.shell:create_environment_hook('controllers', 'ament_prefix_path')
[0.424s] INFO:colcon.colcon_core.plugin_system:Skipping extension 'colcon_core.shell.bat': Not used on non-Windows systems
[0.424s] INFO:colcon.colcon_core.shell:Creating environment hook '/home/twip_ws/install/controllers/share/controllers/hook/ament_prefix_path.ps1'
[0.425s] INFO:colcon.colcon_core.shell:Creating environment descriptor '/home/twip_ws/install/controllers/share/controllers/hook/ament_prefix_path.dsv'
[0.426s] INFO:colcon.colcon_core.shell:Creating environment hook '/home/twip_ws/install/controllers/share/controllers/hook/ament_prefix_path.sh'
[0.427s] INFO:colcon.colcon_core.shell:Skip shell extension 'powershell' for command environment: Not usable outside of PowerShell
[0.427s] DEBUG:colcon.colcon_core.shell:Skip shell extension 'dsv' for command environment
[0.433s] INFO:colcon.colcon_ros.task.ament_python.build:Building ROS package in '/home/twip_ws/src/drivers' with build type 'ament_python'
[0.434s] Level 1:colcon.colcon_core.shell:create_environment_hook('driver_imu', 'ament_prefix_path')
[0.434s] INFO:colcon.colcon_core.shell:Creating environment hook '/home/twip_ws/install/driver_imu/share/driver_imu/hook/ament_prefix_path.ps1'
[0.435s] INFO:colcon.colcon_core.shell:Creating environment descriptor '/home/twip_ws/install/driver_imu/share/driver_imu/hook/ament_prefix_path.dsv'
[0.436s] INFO:colcon.colcon_core.shell:Creating environment hook '/home/twip_ws/install/driver_imu/share/driver_imu/hook/ament_prefix_path.sh'
[0.437s] INFO:colcon.colcon_core.shell:Skip shell extension 'powershell' for command environment: Not usable outside of PowerShell
[0.437s] DEBUG:colcon.colcon_core.shell:Skip shell extension 'dsv' for command environment
[0.441s] INFO:colcon.colcon_ros.task.ament_cmake.build:Building ROS package in '/home/twip_ws/src/external/ros2_bubble_rob' with build type 'ament_cmake'
[0.441s] INFO:colcon.colcon_cmake.task.cmake.build:Building CMake package in '/home/twip_ws/src/external/ros2_bubble_rob'
[0.442s] INFO:colcon.colcon_core.shell:Skip shell extension 'powershell' for command environment: Not usable outside of PowerShell
[0.442s] DEBUG:colcon.colcon_core.shell:Skip shell extension 'dsv' for command environment
[0.447s] INFO:colcon.colcon_ros.task.ament_cmake.build:Building ROS package in '/home/twip_ws/src/external/simExtROS2' with build type 'ament_cmake'
[0.447s] INFO:colcon.colcon_cmake.task.cmake.build:Building CMake package in '/home/twip_ws/src/external/simExtROS2'
[0.448s] INFO:colcon.colcon_core.shell:Skip shell extension 'powershell' for command environment: Not usable outside of PowerShell
[0.448s] DEBUG:colcon.colcon_core.shell:Skip shell extension 'dsv' for command environment
[0.453s] INFO:colcon.colcon_ros.task.ament_cmake.build:Building ROS package in '/home/twip_ws/src/state_estimator' with build type 'ament_cmake'
[0.454s] INFO:colcon.colcon_cmake.task.cmake.build:Building CMake package in '/home/twip_ws/src/state_estimator'
[0.454s] INFO:colcon.colcon_core.shell:Skip shell extension 'powershell' for command environment: Not usable outside of PowerShell
[0.455s] DEBUG:colcon.colcon_core.shell:Skip shell extension 'dsv' for command environment
[0.710s] INFO:colcon.colcon_core.task.python.build:Building Python package in '/home/twip_ws/src/controllers'
[0.711s] INFO:colcon.colcon_core.shell:Skip shell extension 'powershell' for command environment: Not usable outside of PowerShell
[0.711s] DEBUG:colcon.colcon_core.shell:Skip shell extension 'dsv' for command environment
[0.979s] INFO:colcon.colcon_core.task.python.build:Building Python package in '/home/twip_ws/src/drivers'
[0.981s] INFO:colcon.colcon_core.shell:Skip shell extension 'powershell' for command environment: Not usable outside of PowerShell
[0.981s] DEBUG:colcon.colcon_core.shell:Skip shell extension 'dsv' for command environment
[0.994s] DEBUG:colcon.colcon_core.event_handler.log_command:Invoking command in '/home/twip_ws/build/ros2_bubble_rob': CMAKE_PREFIX_PATH=${CMAKE_PREFIX_PATH}:/home/twip_ws/install/driver_imu:/home/twip_ws/install/controllers:/opt/ros/humble PS1=\[\e]0;\u@\h: \w\a\]\[\033[01;37m\]\u\[\033[00m\]@\[\033[01;32m\]\h\[\033[00m\]:\[\033[01;34m\]\w\[\033[00m\] /usr/bin/cmake --build /home/twip_ws/build/ros2_bubble_rob -- -j8 -l8
[0.998s] DEBUG:colcon.colcon_core.event_handler.log_command:Invoking command in '/home/twip_ws/build/sim_ros2_interface': CMAKE_PREFIX_PATH=${CMAKE_PREFIX_PATH}:/home/twip_ws/install/driver_imu:/home/twip_ws/install/controllers:/opt/ros/humble PS1=\[\e]0;\u@\h: \w\a\]\[\033[01;37m\]\u\[\033[00m\]@\[\033[01;32m\]\h\[\033[00m\]:\[\033[01;34m\]\w\[\033[00m\] /usr/bin/cmake --build /home/twip_ws/build/sim_ros2_interface -- -j8 -l8
[1.004s] DEBUG:colcon.colcon_core.event_handler.log_command:Invoking command in '/home/twip_ws/build/state_estimator': CMAKE_PREFIX_PATH=${CMAKE_PREFIX_PATH}:/home/twip_ws/install/driver_imu:/home/twip_ws/install/controllers:/opt/ros/humble PS1=\[\e]0;\u@\h: \w\a\]\[\033[01;37m\]\u\[\033[00m\]@\[\033[01;32m\]\h\[\033[00m\]:\[\033[01;34m\]\w\[\033[00m\] /usr/bin/cmake --build /home/twip_ws/build/state_estimator -- -j8 -l8
[1.101s] DEBUG:colcon.colcon_core.event_handler.log_command:Invoked command in '/home/twip_ws/build/ros2_bubble_rob' returned '0': CMAKE_PREFIX_PATH=${CMAKE_PREFIX_PATH}:/home/twip_ws/install/driver_imu:/home/twip_ws/install/controllers:/opt/ros/humble PS1=\[\e]0;\u@\h: \w\a\]\[\033[01;37m\]\u\[\033[00m\]@\[\033[01;32m\]\h\[\033[00m\]:\[\033[01;34m\]\w\[\033[00m\] /usr/bin/cmake --build /home/twip_ws/build/ros2_bubble_rob -- -j8 -l8
[1.107s] DEBUG:colcon.colcon_core.event_handler.log_command:Invoked command in '/home/twip_ws/build/state_estimator' returned '0': CMAKE_PREFIX_PATH=${CMAKE_PREFIX_PATH}:/home/twip_ws/install/driver_imu:/home/twip_ws/install/controllers:/opt/ros/humble PS1=\[\e]0;\u@\h: \w\a\]\[\033[01;37m\]\u\[\033[00m\]@\[\033[01;32m\]\h\[\033[00m\]:\[\033[01;34m\]\w\[\033[00m\] /usr/bin/cmake --build /home/twip_ws/build/state_estimator -- -j8 -l8
[1.154s] DEBUG:colcon.colcon_core.event_handler.log_command:Invoking command in '/home/twip_ws/build/ros2_bubble_rob': CMAKE_PREFIX_PATH=${CMAKE_PREFIX_PATH}:/home/twip_ws/install/driver_imu:/home/twip_ws/install/controllers:/opt/ros/humble PS1=\[\e]0;\u@\h: \w\a\]\[\033[01;37m\]\u\[\033[00m\]@\[\033[01;32m\]\h\[\033[00m\]:\[\033[01;34m\]\w\[\033[00m\] /usr/bin/cmake --install /home/twip_ws/build/ros2_bubble_rob
[1.157s] DEBUG:colcon.colcon_core.event_handler.log_command:Invoking command in '/home/twip_ws/build/state_estimator': CMAKE_PREFIX_PATH=${CMAKE_PREFIX_PATH}:/home/twip_ws/install/driver_imu:/home/twip_ws/install/controllers:/opt/ros/humble PS1=\[\e]0;\u@\h: \w\a\]\[\033[01;37m\]\u\[\033[00m\]@\[\033[01;32m\]\h\[\033[00m\]:\[\033[01;34m\]\w\[\033[00m\] /usr/bin/cmake --install /home/twip_ws/build/state_estimator
[1.188s] Level 1:colcon.colcon_core.environment:create_environment_scripts_only(state_estimator)
[1.190s] DEBUG:colcon.colcon_core.event_handler.log_command:Invoked command in '/home/twip_ws/build/state_estimator' returned '0': CMAKE_PREFIX_PATH=${CMAKE_PREFIX_PATH}:/home/twip_ws/install/driver_imu:/home/twip_ws/install/controllers:/opt/ros/humble PS1=\[\e]0;\u@\h: \w\a\]\[\033[01;37m\]\u\[\033[00m\]@\[\033[01;32m\]\h\[\033[00m\]:\[\033[01;34m\]\w\[\033[00m\] /usr/bin/cmake --install /home/twip_ws/build/state_estimator
[1.195s] Level 1:colcon.colcon_core.environment:checking '/home/twip_ws/install/state_estimator' for CMake module files
[1.196s] Level 1:colcon.colcon_core.environment:checking '/home/twip_ws/install/state_estimator' for CMake config files
[1.196s] Level 1:colcon.colcon_core.shell:create_environment_hook('state_estimator', 'cmake_prefix_path')
[1.196s] INFO:colcon.colcon_core.shell:Creating environment hook '/home/twip_ws/install/state_estimator/share/state_estimator/hook/cmake_prefix_path.ps1'
[1.197s] INFO:colcon.colcon_core.shell:Creating environment descriptor '/home/twip_ws/install/state_estimator/share/state_estimator/hook/cmake_prefix_path.dsv'
[1.198s] INFO:colcon.colcon_core.shell:Creating environment hook '/home/twip_ws/install/state_estimator/share/state_estimator/hook/cmake_prefix_path.sh'
[1.199s] Level 1:colcon.colcon_core.environment:checking '/home/twip_ws/install/state_estimator/lib'
[1.199s] Level 1:colcon.colcon_core.environment:checking '/home/twip_ws/install/state_estimator/bin'
[1.199s] Level 1:colcon.colcon_core.environment:checking '/home/twip_ws/install/state_estimator/lib/pkgconfig/state_estimator.pc'
[1.200s] Level 1:colcon.colcon_core.environment:checking '/home/twip_ws/install/state_estimator/lib/python3.10/site-packages'
[1.200s] Level 1:colcon.colcon_core.environment:checking '/home/twip_ws/install/state_estimator/bin'
[1.201s] INFO:colcon.colcon_core.shell:Creating package script '/home/twip_ws/install/state_estimator/share/state_estimator/package.ps1'
[1.202s] INFO:colcon.colcon_core.shell:Creating package descriptor '/home/twip_ws/install/state_estimator/share/state_estimator/package.dsv'
[1.203s] INFO:colcon.colcon_core.shell:Creating package script '/home/twip_ws/install/state_estimator/share/state_estimator/package.sh'
[1.204s] INFO:colcon.colcon_core.shell:Creating package script '/home/twip_ws/install/state_estimator/share/state_estimator/package.bash'
[1.205s] INFO:colcon.colcon_core.shell:Creating package script '/home/twip_ws/install/state_estimator/share/state_estimator/package.zsh'
[1.206s] Level 1:colcon.colcon_core.environment:create_file_with_runtime_dependencies(/home/twip_ws/install/state_estimator/share/colcon-core/packages/state_estimator)
[1.208s] Level 1:colcon.colcon_core.environment:create_environment_scripts_only(ros2_bubble_rob)
[1.210s] Level 1:colcon.colcon_core.environment:checking '/home/twip_ws/install/ros2_bubble_rob' for CMake module files
[1.211s] DEBUG:colcon.colcon_core.event_handler.log_command:Invoked command in '/home/twip_ws/build/ros2_bubble_rob' returned '0': CMAKE_PREFIX_PATH=${CMAKE_PREFIX_PATH}:/home/twip_ws/install/driver_imu:/home/twip_ws/install/controllers:/opt/ros/humble PS1=\[\e]0;\u@\h: \w\a\]\[\033[01;37m\]\u\[\033[00m\]@\[\033[01;32m\]\h\[\033[00m\]:\[\033[01;34m\]\w\[\033[00m\] /usr/bin/cmake --install /home/twip_ws/build/ros2_bubble_rob
[1.211s] Level 1:colcon.colcon_core.environment:checking '/home/twip_ws/install/ros2_bubble_rob' for CMake config files
[1.211s] Level 1:colcon.colcon_core.shell:create_environment_hook('ros2_bubble_rob', 'cmake_prefix_path')
[1.212s] INFO:colcon.colcon_core.shell:Creating environment hook '/home/twip_ws/install/ros2_bubble_rob/share/ros2_bubble_rob/hook/cmake_prefix_path.ps1'
[1.213s] INFO:colcon.colcon_core.shell:Creating environment descriptor '/home/twip_ws/install/ros2_bubble_rob/share/ros2_bubble_rob/hook/cmake_prefix_path.dsv'
[1.213s] INFO:colcon.colcon_core.shell:Creating environment hook '/home/twip_ws/install/ros2_bubble_rob/share/ros2_bubble_rob/hook/cmake_prefix_path.sh'
[1.214s] Level 1:colcon.colcon_core.environment:checking '/home/twip_ws/install/ros2_bubble_rob/lib'
[1.214s] Level 1:colcon.colcon_core.environment:checking '/home/twip_ws/install/ros2_bubble_rob/bin'
[1.214s] Level 1:colcon.colcon_core.environment:checking '/home/twip_ws/install/ros2_bubble_rob/lib/pkgconfig/ros2_bubble_rob.pc'
[1.215s] Level 1:colcon.colcon_core.environment:checking '/home/twip_ws/install/ros2_bubble_rob/lib/python3.10/site-packages'
[1.215s] Level 1:colcon.colcon_core.environment:checking '/home/twip_ws/install/ros2_bubble_rob/bin'
[1.216s] INFO:colcon.colcon_core.shell:Creating package script '/home/twip_ws/install/ros2_bubble_rob/share/ros2_bubble_rob/package.ps1'
[1.217s] INFO:colcon.colcon_core.shell:Creating package descriptor '/home/twip_ws/install/ros2_bubble_rob/share/ros2_bubble_rob/package.dsv'
[1.218s] INFO:colcon.colcon_core.shell:Creating package script '/home/twip_ws/install/ros2_bubble_rob/share/ros2_bubble_rob/package.sh'
[1.218s] INFO:colcon.colcon_core.shell:Creating package script '/home/twip_ws/install/ros2_bubble_rob/share/ros2_bubble_rob/package.bash'
[1.219s] INFO:colcon.colcon_core.shell:Creating package script '/home/twip_ws/install/ros2_bubble_rob/share/ros2_bubble_rob/package.zsh'
[1.220s] Level 1:colcon.colcon_core.environment:create_file_with_runtime_dependencies(/home/twip_ws/install/ros2_bubble_rob/share/colcon-core/packages/ros2_bubble_rob)
[1.223s] DEBUG:colcon.colcon_core.event_handler.log_command:Invoked command in '/home/twip_ws/build/sim_ros2_interface' returned '0': CMAKE_PREFIX_PATH=${CMAKE_PREFIX_PATH}:/home/twip_ws/install/driver_imu:/home/twip_ws/install/controllers:/opt/ros/humble PS1=\[\e]0;\u@\h: \w\a\]\[\033[01;37m\]\u\[\033[00m\]@\[\033[01;32m\]\h\[\033[00m\]:\[\033[01;34m\]\w\[\033[00m\] /usr/bin/cmake --build /home/twip_ws/build/sim_ros2_interface -- -j8 -l8
[1.239s] Level 1:colcon.colcon_core.environment:create_environment_scripts_only(state_estimator)
[1.242s] Level 1:colcon.colcon_core.environment:checking '/home/twip_ws/install/state_estimator' for CMake module files
[1.243s] Level 1:colcon.colcon_core.environment:checking '/home/twip_ws/install/state_estimator' for CMake config files
[1.243s] Level 1:colcon.colcon_core.shell:create_environment_hook('state_estimator', 'cmake_prefix_path')
[1.244s] INFO:colcon.colcon_core.shell:Creating environment hook '/home/twip_ws/install/state_estimator/share/state_estimator/hook/cmake_prefix_path.ps1'
[1.245s] INFO:colcon.colcon_core.shell:Creating environment descriptor '/home/twip_ws/install/state_estimator/share/state_estimator/hook/cmake_prefix_path.dsv'
[1.246s] INFO:colcon.colcon_core.shell:Creating environment hook '/home/twip_ws/install/state_estimator/share/state_estimator/hook/cmake_prefix_path.sh'
[1.246s] Level 1:colcon.colcon_core.environment:checking '/home/twip_ws/install/state_estimator/lib'
[1.247s] Level 1:colcon.colcon_core.environment:checking '/home/twip_ws/install/state_estimator/bin'
[1.247s] Level 1:colcon.colcon_core.environment:checking '/home/twip_ws/install/state_estimator/lib/pkgconfig/state_estimator.pc'
[1.248s] Level 1:colcon.colcon_core.environment:checking '/home/twip_ws/install/state_estimator/lib/python3.10/site-packages'
[1.248s] Level 1:colcon.colcon_core.environment:checking '/home/twip_ws/install/state_estimator/bin'
[1.250s] INFO:colcon.colcon_core.shell:Creating package script '/home/twip_ws/install/state_estimator/share/state_estimator/package.ps1'
[1.251s] INFO:colcon.colcon_core.shell:Creating package descriptor '/home/twip_ws/install/state_estimator/share/state_estimator/package.dsv'
[1.252s] INFO:colcon.colcon_core.shell:Creating package script '/home/twip_ws/install/state_estimator/share/state_estimator/package.sh'
[1.253s] INFO:colcon.colcon_core.shell:Creating package script '/home/twip_ws/install/state_estimator/share/state_estimator/package.bash'
[1.254s] INFO:colcon.colcon_core.shell:Creating package script '/home/twip_ws/install/state_estimator/share/state_estimator/package.zsh'
[1.255s] Level 1:colcon.colcon_core.environment:create_file_with_runtime_dependencies(/home/twip_ws/install/state_estimator/share/colcon-core/packages/state_estimator)
[1.258s] Level 1:colcon.colcon_core.environment:create_environment_scripts_only(ros2_bubble_rob)
[1.260s] Level 1:colcon.colcon_core.environment:checking '/home/twip_ws/install/ros2_bubble_rob' for CMake module files
[1.261s] Level 1:colcon.colcon_core.environment:checking '/home/twip_ws/install/ros2_bubble_rob' for CMake config files
[1.262s] Level 1:colcon.colcon_core.shell:create_environment_hook('ros2_bubble_rob', 'cmake_prefix_path')
[1.263s] INFO:colcon.colcon_core.shell:Creating environment hook '/home/twip_ws/install/ros2_bubble_rob/share/ros2_bubble_rob/hook/cmake_prefix_path.ps1'
[1.263s] INFO:colcon.colcon_core.shell:Creating environment descriptor '/home/twip_ws/install/ros2_bubble_rob/share/ros2_bubble_rob/hook/cmake_prefix_path.dsv'
[1.264s] INFO:colcon.colcon_core.shell:Creating environment hook '/home/twip_ws/install/ros2_bubble_rob/share/ros2_bubble_rob/hook/cmake_prefix_path.sh'
[1.265s] Level 1:colcon.colcon_core.environment:checking '/home/twip_ws/install/ros2_bubble_rob/lib'
[1.266s] Level 1:colcon.colcon_core.environment:checking '/home/twip_ws/install/ros2_bubble_rob/bin'
[1.266s] Level 1:colcon.colcon_core.environment:checking '/home/twip_ws/install/ros2_bubble_rob/lib/pkgconfig/ros2_bubble_rob.pc'
[1.266s] Level 1:colcon.colcon_core.environment:checking '/home/twip_ws/install/ros2_bubble_rob/lib/python3.10/site-packages'
[1.267s] Level 1:colcon.colcon_core.environment:checking '/home/twip_ws/install/ros2_bubble_rob/bin'
[1.269s] INFO:colcon.colcon_core.shell:Creating package script '/home/twip_ws/install/ros2_bubble_rob/share/ros2_bubble_rob/package.ps1'
[1.271s] INFO:colcon.colcon_core.shell:Creating package descriptor '/home/twip_ws/install/ros2_bubble_rob/share/ros2_bubble_rob/package.dsv'
[1.272s] INFO:colcon.colcon_core.shell:Creating package script '/home/twip_ws/install/ros2_bubble_rob/share/ros2_bubble_rob/package.sh'
[1.273s] INFO:colcon.colcon_core.shell:Creating package script '/home/twip_ws/install/ros2_bubble_rob/share/ros2_bubble_rob/package.bash'
[1.274s] INFO:colcon.colcon_core.shell:Creating package script '/home/twip_ws/install/ros2_bubble_rob/share/ros2_bubble_rob/package.zsh'
[1.275s] Level 1:colcon.colcon_core.environment:create_file_with_runtime_dependencies(/home/twip_ws/install/ros2_bubble_rob/share/colcon-core/packages/ros2_bubble_rob)
[1.285s] DEBUG:colcon.colcon_core.event_handler.log_command:Invoking command in '/home/twip_ws/build/sim_ros2_interface': CMAKE_PREFIX_PATH=${CMAKE_PREFIX_PATH}:/home/twip_ws/install/driver_imu:/home/twip_ws/install/controllers:/opt/ros/humble PS1=\[\e]0;\u@\h: \w\a\]\[\033[01;37m\]\u\[\033[00m\]@\[\033[01;32m\]\h\[\033[00m\]:\[\033[01;34m\]\w\[\033[00m\] /usr/bin/cmake --install /home/twip_ws/build/sim_ros2_interface
[1.320s] Level 1:colcon.colcon_core.environment:create_environment_scripts_only(sim_ros2_interface)
[1.323s] Level 1:colcon.colcon_core.environment:checking '/home/twip_ws/install/sim_ros2_interface' for CMake module files
[1.324s] DEBUG:colcon.colcon_core.event_handler.log_command:Invoked command in '/home/twip_ws/build/sim_ros2_interface' returned '0': CMAKE_PREFIX_PATH=${CMAKE_PREFIX_PATH}:/home/twip_ws/install/driver_imu:/home/twip_ws/install/controllers:/opt/ros/humble PS1=\[\e]0;\u@\h: \w\a\]\[\033[01;37m\]\u\[\033[00m\]@\[\033[01;32m\]\h\[\033[00m\]:\[\033[01;34m\]\w\[\033[00m\] /usr/bin/cmake --install /home/twip_ws/build/sim_ros2_interface
[1.325s] Level 1:colcon.colcon_core.environment:checking '/home/twip_ws/install/sim_ros2_interface' for CMake config files
[1.325s] Level 1:colcon.colcon_core.shell:create_environment_hook('sim_ros2_interface', 'cmake_prefix_path')
[1.327s] INFO:colcon.colcon_core.shell:Creating environment hook '/home/twip_ws/install/sim_ros2_interface/share/sim_ros2_interface/hook/cmake_prefix_path.ps1'
[1.328s] INFO:colcon.colcon_core.shell:Creating environment descriptor '/home/twip_ws/install/sim_ros2_interface/share/sim_ros2_interface/hook/cmake_prefix_path.dsv'
[1.329s] INFO:colcon.colcon_core.shell:Creating environment hook '/home/twip_ws/install/sim_ros2_interface/share/sim_ros2_interface/hook/cmake_prefix_path.sh'
[1.330s] Level 1:colcon.colcon_core.environment:checking '/home/twip_ws/install/sim_ros2_interface/bin'
[1.330s] Level 1:colcon.colcon_core.environment:checking '/home/twip_ws/install/sim_ros2_interface/lib/pkgconfig/sim_ros2_interface.pc'
[1.330s] Level 1:colcon.colcon_core.environment:checking '/home/twip_ws/install/sim_ros2_interface/lib/python3.10/site-packages'
[1.331s] Level 1:colcon.colcon_core.environment:checking '/home/twip_ws/install/sim_ros2_interface/bin'
[1.332s] INFO:colcon.colcon_core.shell:Creating package script '/home/twip_ws/install/sim_ros2_interface/share/sim_ros2_interface/package.ps1'
[1.333s] INFO:colcon.colcon_core.shell:Creating package descriptor '/home/twip_ws/install/sim_ros2_interface/share/sim_ros2_interface/package.dsv'
[1.334s] INFO:colcon.colcon_core.shell:Creating package script '/home/twip_ws/install/sim_ros2_interface/share/sim_ros2_interface/package.sh'
[1.335s] INFO:colcon.colcon_core.shell:Creating package script '/home/twip_ws/install/sim_ros2_interface/share/sim_ros2_interface/package.bash'
[1.335s] INFO:colcon.colcon_core.shell:Creating package script '/home/twip_ws/install/sim_ros2_interface/share/sim_ros2_interface/package.zsh'
[1.336s] Level 1:colcon.colcon_core.environment:create_file_with_runtime_dependencies(/home/twip_ws/install/sim_ros2_interface/share/colcon-core/packages/sim_ros2_interface)
[1.395s] Level 1:colcon.colcon_core.environment:create_environment_scripts_only(sim_ros2_interface)
[1.398s] Level 1:colcon.colcon_core.environment:checking '/home/twip_ws/install/sim_ros2_interface' for CMake module files
[1.399s] Level 1:colcon.colcon_core.environment:checking '/home/twip_ws/install/sim_ros2_interface' for CMake config files
[1.399s] Level 1:colcon.colcon_core.shell:create_environment_hook('sim_ros2_interface', 'cmake_prefix_path')
[1.401s] INFO:colcon.colcon_core.shell:Creating environment hook '/home/twip_ws/install/sim_ros2_interface/share/sim_ros2_interface/hook/cmake_prefix_path.ps1'
[1.402s] INFO:colcon.colcon_core.shell:Creating environment descriptor '/home/twip_ws/install/sim_ros2_interface/share/sim_ros2_interface/hook/cmake_prefix_path.dsv'
[1.402s] INFO:colcon.colcon_core.shell:Creating environment hook '/home/twip_ws/install/sim_ros2_interface/share/sim_ros2_interface/hook/cmake_prefix_path.sh'
[1.403s] Level 1:colcon.colcon_core.environment:checking '/home/twip_ws/install/sim_ros2_interface/bin'
[1.403s] Level 1:colcon.colcon_core.environment:checking '/home/twip_ws/install/sim_ros2_interface/lib/pkgconfig/sim_ros2_interface.pc'
[1.404s] Level 1:colcon.colcon_core.environment:checking '/home/twip_ws/install/sim_ros2_interface/lib/python3.10/site-packages'
[1.405s] Level 1:colcon.colcon_core.environment:checking '/home/twip_ws/install/sim_ros2_interface/bin'
[1.406s] INFO:colcon.colcon_core.shell:Creating package script '/home/twip_ws/install/sim_ros2_interface/share/sim_ros2_interface/package.ps1'
[1.407s] INFO:colcon.colcon_core.shell:Creating package descriptor '/home/twip_ws/install/sim_ros2_interface/share/sim_ros2_interface/package.dsv'
[1.408s] INFO:colcon.colcon_core.shell:Creating package script '/home/twip_ws/install/sim_ros2_interface/share/sim_ros2_interface/package.sh'
[1.409s] INFO:colcon.colcon_core.shell:Creating package script '/home/twip_ws/install/sim_ros2_interface/share/sim_ros2_interface/package.bash'
[1.409s] INFO:colcon.colcon_core.shell:Creating package script '/home/twip_ws/install/sim_ros2_interface/share/sim_ros2_interface/package.zsh'
[1.410s] Level 1:colcon.colcon_core.environment:create_file_with_runtime_dependencies(/home/twip_ws/install/sim_ros2_interface/share/colcon-core/packages/sim_ros2_interface)
[1.570s] DEBUG:colcon.colcon_core.event_handler.log_command:Invoking command in '/home/twip_ws/build/driver_imu': PS1=\[\e]0;\u@\h: \w\a\]\[\033[01;37m\]\u\[\033[00m\]@\[\033[01;32m\]\h\[\033[00m\]:\[\033[01;34m\]\w\[\033[00m\] PYTHONPATH=/home/twip_ws/install/driver_imu/lib/python3.10/site-packages:${PYTHONPATH} /usr/bin/python3 setup.py develop --prefix /home/twip_ws/install/driver_imu --editable --build-directory /home/twip_ws/build/driver_imu/build --no-deps install_data --install-dir /home/twip_ws/install/driver_imu
[1.601s] DEBUG:colcon.colcon_core.event_handler.log_command:Invoking command in '/home/twip_ws/build/controllers': PS1=\[\e]0;\u@\h: \w\a\]\[\033[01;37m\]\u\[\033[00m\]@\[\033[01;32m\]\h\[\033[00m\]:\[\033[01;34m\]\w\[\033[00m\] PYTHONPATH=/home/twip_ws/install/controllers/lib/python3.10/site-packages:${PYTHONPATH} /usr/bin/python3 setup.py develop --prefix /home/twip_ws/install/controllers --editable --build-directory /home/twip_ws/build/controllers/build --no-deps install_data --install-dir /home/twip_ws/install/controllers
[2.215s] Level 1:colcon.colcon_core.shell:create_environment_hook('driver_imu', 'pythonpath_develop')
[2.216s] INFO:colcon.colcon_core.shell:Creating environment hook '/home/twip_ws/build/driver_imu/share/driver_imu/hook/pythonpath_develop.ps1'
[2.216s] DEBUG:colcon.colcon_core.event_handler.log_command:Invoked command in '/home/twip_ws/build/driver_imu' returned '0': PS1=\[\e]0;\u@\h: \w\a\]\[\033[01;37m\]\u\[\033[00m\]@\[\033[01;32m\]\h\[\033[00m\]:\[\033[01;34m\]\w\[\033[00m\] PYTHONPATH=/home/twip_ws/install/driver_imu/lib/python3.10/site-packages:${PYTHONPATH} /usr/bin/python3 setup.py develop --prefix /home/twip_ws/install/driver_imu --editable --build-directory /home/twip_ws/build/driver_imu/build --no-deps install_data --install-dir /home/twip_ws/install/driver_imu
[2.217s] INFO:colcon.colcon_core.shell:Creating environment descriptor '/home/twip_ws/build/driver_imu/share/driver_imu/hook/pythonpath_develop.dsv'
[2.218s] INFO:colcon.colcon_core.shell:Creating environment hook '/home/twip_ws/build/driver_imu/share/driver_imu/hook/pythonpath_develop.sh'
[2.219s] Level 1:colcon.colcon_core.environment:checking '/home/twip_ws/install/driver_imu' for CMake module files
[2.220s] Level 1:colcon.colcon_core.environment:checking '/home/twip_ws/install/driver_imu' for CMake config files
[2.221s] Level 1:colcon.colcon_core.environment:checking '/home/twip_ws/install/driver_imu/lib'
[2.221s] Level 1:colcon.colcon_core.environment:checking '/home/twip_ws/install/driver_imu/bin'
[2.221s] Level 1:colcon.colcon_core.environment:checking '/home/twip_ws/install/driver_imu/lib/pkgconfig/driver_imu.pc'
[2.221s] Level 1:colcon.colcon_core.environment:checking '/home/twip_ws/install/driver_imu/lib/python3.10/site-packages'
[2.221s] Level 1:colcon.colcon_core.shell:create_environment_hook('driver_imu', 'pythonpath')
[2.222s] INFO:colcon.colcon_core.shell:Creating environment hook '/home/twip_ws/install/driver_imu/share/driver_imu/hook/pythonpath.ps1'
[2.223s] INFO:colcon.colcon_core.shell:Creating environment descriptor '/home/twip_ws/install/driver_imu/share/driver_imu/hook/pythonpath.dsv'
[2.223s] INFO:colcon.colcon_core.shell:Creating environment hook '/home/twip_ws/install/driver_imu/share/driver_imu/hook/pythonpath.sh'
[2.224s] Level 1:colcon.colcon_core.environment:checking '/home/twip_ws/install/driver_imu/bin'
[2.224s] Level 1:colcon.colcon_core.environment:create_environment_scripts_only(driver_imu)
[2.225s] INFO:colcon.colcon_core.shell:Creating package script '/home/twip_ws/install/driver_imu/share/driver_imu/package.ps1'
[2.226s] INFO:colcon.colcon_core.shell:Creating package descriptor '/home/twip_ws/install/driver_imu/share/driver_imu/package.dsv'
[2.226s] INFO:colcon.colcon_core.shell:Creating package script '/home/twip_ws/install/driver_imu/share/driver_imu/package.sh'
[2.227s] INFO:colcon.colcon_core.shell:Creating package script '/home/twip_ws/install/driver_imu/share/driver_imu/package.bash'
[2.228s] INFO:colcon.colcon_core.shell:Creating package script '/home/twip_ws/install/driver_imu/share/driver_imu/package.zsh'
[2.228s] Level 1:colcon.colcon_core.environment:create_file_with_runtime_dependencies(/home/twip_ws/install/driver_imu/share/colcon-core/packages/driver_imu)
[2.240s] Level 1:colcon.colcon_core.shell:create_environment_hook('controllers', 'pythonpath_develop')
[2.241s] INFO:colcon.colcon_core.shell:Creating environment hook '/home/twip_ws/build/controllers/share/controllers/hook/pythonpath_develop.ps1'
[2.242s] DEBUG:colcon.colcon_core.event_handler.log_command:Invoked command in '/home/twip_ws/build/controllers' returned '0': PS1=\[\e]0;\u@\h: \w\a\]\[\033[01;37m\]\u\[\033[00m\]@\[\033[01;32m\]\h\[\033[00m\]:\[\033[01;34m\]\w\[\033[00m\] PYTHONPATH=/home/twip_ws/install/controllers/lib/python3.10/site-packages:${PYTHONPATH} /usr/bin/python3 setup.py develop --prefix /home/twip_ws/install/controllers --editable --build-directory /home/twip_ws/build/controllers/build --no-deps install_data --install-dir /home/twip_ws/install/controllers
[2.242s] INFO:colcon.colcon_core.shell:Creating environment descriptor '/home/twip_ws/build/controllers/share/controllers/hook/pythonpath_develop.dsv'
[2.242s] INFO:colcon.colcon_core.shell:Creating environment hook '/home/twip_ws/build/controllers/share/controllers/hook/pythonpath_develop.sh'
[2.244s] Level 1:colcon.colcon_core.environment:checking '/home/twip_ws/install/controllers' for CMake module files
[2.244s] Level 1:colcon.colcon_core.environment:checking '/home/twip_ws/install/controllers' for CMake config files
[2.245s] Level 1:colcon.colcon_core.environment:checking '/home/twip_ws/install/controllers/lib'
[2.245s] Level 1:colcon.colcon_core.environment:checking '/home/twip_ws/install/controllers/bin'
[2.245s] Level 1:colcon.colcon_core.environment:checking '/home/twip_ws/install/controllers/lib/pkgconfig/controllers.pc'
[2.246s] Level 1:colcon.colcon_core.environment:checking '/home/twip_ws/install/controllers/lib/python3.10/site-packages'
[2.246s] Level 1:colcon.colcon_core.shell:create_environment_hook('controllers', 'pythonpath')
[2.246s] INFO:colcon.colcon_core.shell:Creating environment hook '/home/twip_ws/install/controllers/share/controllers/hook/pythonpath.ps1'
[2.247s] INFO:colcon.colcon_core.shell:Creating environment descriptor '/home/twip_ws/install/controllers/share/controllers/hook/pythonpath.dsv'
[2.247s] INFO:colcon.colcon_core.shell:Creating environment hook '/home/twip_ws/install/controllers/share/controllers/hook/pythonpath.sh'
[2.248s] Level 1:colcon.colcon_core.environment:checking '/home/twip_ws/install/controllers/bin'
[2.248s] Level 1:colcon.colcon_core.environment:create_environment_scripts_only(controllers)
[2.249s] INFO:colcon.colcon_core.shell:Creating package script '/home/twip_ws/install/controllers/share/controllers/package.ps1'
[2.249s] INFO:colcon.colcon_core.shell:Creating package descriptor '/home/twip_ws/install/controllers/share/controllers/package.dsv'
[2.250s] INFO:colcon.colcon_core.shell:Creating package script '/home/twip_ws/install/controllers/share/controllers/package.sh'
[2.250s] INFO:colcon.colcon_core.shell:Creating package script '/home/twip_ws/install/controllers/share/controllers/package.bash'
[2.251s] INFO:colcon.colcon_core.shell:Creating package script '/home/twip_ws/install/controllers/share/controllers/package.zsh'
[2.251s] Level 1:colcon.colcon_core.environment:create_file_with_runtime_dependencies(/home/twip_ws/install/controllers/share/colcon-core/packages/controllers)
[2.251s] DEBUG:colcon.colcon_parallel_executor.executor.parallel:closing loop
[2.252s] DEBUG:colcon.colcon_parallel_executor.executor.parallel:loop closed
[2.252s] DEBUG:colcon.colcon_parallel_executor.executor.parallel:run_until_complete finished with '0'
[2.252s] DEBUG:colcon.colcon_core.event_reactor:joining thread
[2.261s] INFO:colcon.colcon_core.plugin_system:Skipping extension 'colcon_notification.desktop_notification.notify_send': Could not find 'notify-send'
[2.261s] INFO:colcon.colcon_core.plugin_system:Skipping extension 'colcon_notification.desktop_notification.terminal_notifier': Not used on non-Darwin systems
[2.261s] INFO:colcon.colcon_core.plugin_system:Skipping extension 'colcon_notification.desktop_notification.win32': Not used on non-Windows systems
[2.261s] INFO:colcon.colcon_notification.desktop_notification:Sending desktop notification using 'notify2'
[2.265s] DEBUG:colcon.colcon_notification.desktop_notification.notify2:Failed to initialize notify2: org.freedesktop.DBus.Error.Spawn.ExecFailed: /usr/bin/dbus-launch terminated abnormally without any error message
[2.265s] DEBUG:colcon.colcon_core.event_reactor:joined thread
[2.267s] INFO:colcon.colcon_core.shell:Creating prefix script '/home/twip_ws/install/local_setup.ps1'
[2.268s] INFO:colcon.colcon_core.shell:Creating prefix util module '/home/twip_ws/install/_local_setup_util_ps1.py'
[2.271s] INFO:colcon.colcon_core.shell:Creating prefix chain script '/home/twip_ws/install/setup.ps1'
[2.272s] INFO:colcon.colcon_core.shell:Creating prefix script '/home/twip_ws/install/local_setup.sh'
[2.273s] INFO:colcon.colcon_core.shell:Creating prefix util module '/home/twip_ws/install/_local_setup_util_sh.py'
[2.274s] INFO:colcon.colcon_core.shell:Creating prefix chain script '/home/twip_ws/install/setup.sh'
[2.275s] INFO:colcon.colcon_core.shell:Creating prefix script '/home/twip_ws/install/local_setup.bash'
[2.276s] INFO:colcon.colcon_core.shell:Creating prefix chain script '/home/twip_ws/install/setup.bash'
[2.278s] INFO:colcon.colcon_core.shell:Creating prefix script '/home/twip_ws/install/local_setup.zsh'
[2.278s] INFO:colcon.colcon_core.shell:Creating prefix chain script '/home/twip_ws/install/setup.zsh'
