[  7%] [34m[1mGenerating generated/actcli_del.cpp[0m
[  7%] [34m[1mGenerating generated/actcli_new.cpp[0m
[ 12%] [34m[1mGenerating generated/actsrv_action_abort.cpp[0m
[  7%] [34m[1mGenerating generated/actcli_cancelLastGoal.cpp[0m
[ 12%] [34m[1mGenerating generated/actcli_sendGoal.cpp[0m
[ 14%] [34m[1mGenerating generated/actsrv_action_canceled.cpp[0m
[ 17%] [34m[1mGenerating generated/actsrv_action_execute.cpp[0m
[ 19%] [34m[1mGenerating generated/actsrv_action_is_active.cpp[0m
[ 21%] [34m[1mGenerating generated/actsrv_action_is_executing.cpp[0m
[ 24%] [34m[1mGenerating generated/actsrv_action_is_canceling.cpp[0m
[ 26%] [34m[1mGenerating generated/actsrv_action_succeed.cpp[0m
[ 29%] [34m[1mGenerating generated/actsrv_action_publish_feedback.cpp[0m
[ 31%] [34m[1mGenerating generated/actsrv_new.cpp[0m
[ 34%] [34m[1mGenerating generated/actsrv_del.cpp[0m
[ 36%] [34m[1mGenerating generated/callbacks.cpp[0m
[ 39%] [34m[1mGenerating generated/callbacks.h[0m
[ 41%] [34m[1mGenerating generated/cli_call.cpp[0m
[ 43%] [34m[1mGenerating generated/cli_del.cpp[0m
[ 46%] [34m[1mGenerating generated/cli_new.cpp[0m
[ 48%] [34m[1mGenerating generated/cli_wait.cpp[0m
[ 51%] [34m[1mGenerating generated/if_const.cpp[0m
[ 53%] [34m[1mGenerating generated/if_new.cpp[0m
[ 56%] [34m[1mGenerating generated/if_list.cpp[0m
[ 58%] [34m[1mGenerating generated/pub_del.cpp[0m
[ 60%] [34m[1mGenerating generated/pub_new.cpp[0m
[ 63%] [34m[1mGenerating generated/pub_publish.cpp[0m
[ 65%] [34m[1mGenerating generated/srv_del.cpp[0m
[ 68%] [34m[1mGenerating generated/srv_new.cpp[0m
[ 70%] [34m[1mGenerating generated/sub_del.cpp[0m
[ 73%] [34m[1mGenerating generated/sub_new.cpp[0m
[ 73%] Built target generate_ros_code
[35m[1mConsolidate compiler generated dependencies of target simExtROS2[0m
[ 75%] [32mBuilding CXX object CMakeFiles/simExtROS2.dir/src/sim_ros2_interface.cpp.o[0m
[ 78%] [32mBuilding CXX object CMakeFiles/simExtROS2.dir/generated/callbacks.cpp.o[0m
