[0.551s] Invoking command in '/home/twip_ws/build/ros2_bubble_rob': CMAKE_PREFIX_PATH=${CMAKE_PREFIX_PATH}:/home/twip_ws/install/driver_imu:/home/twip_ws/install/controllers:/opt/ros/humble PS1=\[\e]0;\u@\h: \w\a\]\[\033[01;37m\]\u\[\033[00m\]@\[\033[01;32m\]\h\[\033[00m\]:\[\033[01;34m\]\w\[\033[00m\] /usr/bin/cmake --build /home/twip_ws/build/ros2_bubble_rob -- -j8 -l8
[0.641s] [100%] Built target ros2BubbleRob
[0.658s] Invoked command in '/home/twip_ws/build/ros2_bubble_rob' returned '0': CMAKE_PREFIX_PATH=${CMAKE_PREFIX_PATH}:/home/twip_ws/install/driver_imu:/home/twip_ws/install/controllers:/opt/ros/humble PS1=\[\e]0;\u@\h: \w\a\]\[\033[01;37m\]\u\[\033[00m\]@\[\033[01;32m\]\h\[\033[00m\]:\[\033[01;34m\]\w\[\033[00m\] /usr/bin/cmake --build /home/twip_ws/build/ros2_bubble_rob -- -j8 -l8
[0.710s] Invoking command in '/home/twip_ws/build/ros2_bubble_rob': CMAKE_PREFIX_PATH=${CMAKE_PREFIX_PATH}:/home/twip_ws/install/driver_imu:/home/twip_ws/install/controllers:/opt/ros/humble PS1=\[\e]0;\u@\h: \w\a\]\[\033[01;37m\]\u\[\033[00m\]@\[\033[01;32m\]\h\[\033[00m\]:\[\033[01;34m\]\w\[\033[00m\] /usr/bin/cmake --install /home/twip_ws/build/ros2_bubble_rob
[0.721s] -- Install configuration: "Release"
[0.722s] -- Execute custom install script
[0.723s] -- Up-to-date symlink: /home/twip_ws/install/ros2_bubble_rob/share/ament_index/resource_index/package_run_dependencies/ros2_bubble_rob
[0.723s] -- Up-to-date symlink: /home/twip_ws/install/ros2_bubble_rob/share/ament_index/resource_index/parent_prefix_path/ros2_bubble_rob
[0.724s] -- Up-to-date symlink: /home/twip_ws/install/ros2_bubble_rob/share/ros2_bubble_rob/environment/ament_prefix_path.sh
[0.724s] -- Up-to-date symlink: /home/twip_ws/install/ros2_bubble_rob/share/ros2_bubble_rob/environment/ament_prefix_path.dsv
[0.725s] -- Up-to-date symlink: /home/twip_ws/install/ros2_bubble_rob/share/ros2_bubble_rob/environment/path.sh
[0.725s] -- Up-to-date symlink: /home/twip_ws/install/ros2_bubble_rob/share/ros2_bubble_rob/environment/path.dsv
[0.726s] -- Up-to-date symlink: /home/twip_ws/install/ros2_bubble_rob/share/ros2_bubble_rob/local_setup.bash
[0.726s] -- Up-to-date symlink: /home/twip_ws/install/ros2_bubble_rob/share/ros2_bubble_rob/local_setup.sh
[0.727s] -- Up-to-date symlink: /home/twip_ws/install/ros2_bubble_rob/share/ros2_bubble_rob/local_setup.zsh
[0.732s] -- Up-to-date symlink: /home/twip_ws/install/ros2_bubble_rob/share/ros2_bubble_rob/local_setup.dsv
[0.732s] -- Symlinking: /home/twip_ws/install/ros2_bubble_rob/share/ros2_bubble_rob/package.dsv
[0.743s] -- Up-to-date symlink: /home/twip_ws/install/ros2_bubble_rob/share/ament_index/resource_index/packages/ros2_bubble_rob
[0.743s] -- Up-to-date symlink: /home/twip_ws/install/ros2_bubble_rob/share/ros2_bubble_rob/cmake/ros2_bubble_robConfig.cmake
[0.744s] -- Up-to-date symlink: /home/twip_ws/install/ros2_bubble_rob/share/ros2_bubble_rob/cmake/ros2_bubble_robConfig-version.cmake
[0.744s] -- Up-to-date symlink: /home/twip_ws/install/ros2_bubble_rob/share/ros2_bubble_rob/package.xml
[0.745s] -- Up-to-date: /home/twip_ws/install/ros2_bubble_rob/lib/ros2_bubble_rob/ros2BubbleRob
[0.768s] Invoked command in '/home/twip_ws/build/ros2_bubble_rob' returned '0': CMAKE_PREFIX_PATH=${CMAKE_PREFIX_PATH}:/home/twip_ws/install/driver_imu:/home/twip_ws/install/controllers:/opt/ros/humble PS1=\[\e]0;\u@\h: \w\a\]\[\033[01;37m\]\u\[\033[00m\]@\[\033[01;32m\]\h\[\033[00m\]:\[\033[01;34m\]\w\[\033[00m\] /usr/bin/cmake --install /home/twip_ws/build/ros2_bubble_rob
