[  2%] [34m[1mGenerating generated/actcli_cancelLastGoal.cpp[0m
[  7%] [34m[1mGenerating generated/actcli_new.cpp[0m
[  9%] [34m[1mGenerating generated/actcli_del.cpp[0m
[ 12%] [34m[1mGenerating generated/actsrv_action_canceled.cpp[0m
[ 14%] [34m[1mGenerating generated/actsrv_action_abort.cpp[0m
[ 14%] [34m[1mGenerating generated/actcli_sendGoal.cpp[0m
[ 17%] [34m[1mGenerating generated/actsrv_action_execute.cpp[0m
[ 19%] [34m[1mGenerating generated/actsrv_action_is_active.cpp[0m
[ 21%] [34m[1mGenerating generated/actsrv_action_is_canceling.cpp[0m
[ 24%] [34m[1mGenerating generated/actsrv_action_is_executing.cpp[0m
[ 26%] [34m[1mGenerating generated/actsrv_action_publish_feedback.cpp[0m
[ 29%] [34m[1mGenerating generated/actsrv_action_succeed.cpp[0m
[ 31%] [34m[1mGenerating generated/actsrv_del.cpp[0m
[ 34%] [34m[1mGenerating generated/actsrv_new.cpp[0m
[ 36%] [34m[1mGenerating generated/callbacks.cpp[0m
[ 39%] [34m[1mGenerating generated/callbacks.h[0m
[ 41%] [34m[1mGenerating generated/cli_call.cpp[0m
[ 43%] [34m[1mGenerating generated/cli_del.cpp[0m
[ 46%] [34m[1mGenerating generated/cli_wait.cpp[0m
[ 48%] [34m[1mGenerating generated/cli_new.cpp[0m
[ 51%] [34m[1mGenerating generated/if_const.cpp[0m
[ 53%] [34m[1mGenerating generated/if_list.cpp[0m
[ 56%] [34m[1mGenerating generated/if_new.cpp[0m
[ 58%] [34m[1mGenerating generated/pub_del.cpp[0m
[ 60%] [34m[1mGenerating generated/pub_new.cpp[0m
[ 63%] [34m[1mGenerating generated/pub_publish.cpp[0m
[ 65%] [34m[1mGenerating generated/srv_del.cpp[0m
[ 68%] [34m[1mGenerating generated/srv_new.cpp[0m
[ 70%] [34m[1mGenerating generated/sub_del.cpp[0m
[ 73%] [34m[1mGenerating generated/sub_new.cpp[0m
[ 73%] Built target generate_ros_code
[35m[1mConsolidate compiler generated dependencies of target simExtROS2[0m
[ 75%] [32mBuilding CXX object CMakeFiles/simExtROS2.dir/src/sim_ros2_interface.cpp.o[0m
[ 78%] [32mBuilding CXX object CMakeFiles/simExtROS2.dir/generated/callbacks.cpp.o[0m
[ 80%] [32m[1mLinking CXX shared library libsimExtROS2.so[0m
[100%] Built target simExtROS2
-- Install configuration: "Release"
-- Execute custom install script
-- Up-to-date symlink: /home/coppeliasim_simulation/CoppeliaSim/lua/simROS2-typecheck.lua
-- Up-to-date symlink: /home/coppeliasim_simulation/CoppeliaSim/lua/simROS2.lua
-- Up-to-date symlink: /home/coppeliasim_simulation/CoppeliaSim/helpFiles/en/simROS2.htm
-- Up-to-date symlink: /home/coppeliasim_simulation/CoppeliaSim/helpFiles/index/simROS2.json
-- Up-to-date symlink: /home/coppeliasim_simulation/CoppeliaSim/libsimExtROS2.so
-- Up-to-date symlink: /home/twip_ws/install/sim_ros2_interface/share/ament_index/resource_index/package_run_dependencies/sim_ros2_interface
-- Up-to-date symlink: /home/twip_ws/install/sim_ros2_interface/share/ament_index/resource_index/parent_prefix_path/sim_ros2_interface
-- Up-to-date symlink: /home/twip_ws/install/sim_ros2_interface/share/sim_ros2_interface/environment/ament_prefix_path.sh
-- Up-to-date symlink: /home/twip_ws/install/sim_ros2_interface/share/sim_ros2_interface/environment/ament_prefix_path.dsv
-- Up-to-date symlink: /home/twip_ws/install/sim_ros2_interface/share/sim_ros2_interface/environment/path.sh
-- Up-to-date symlink: /home/twip_ws/install/sim_ros2_interface/share/sim_ros2_interface/environment/path.dsv
-- Up-to-date symlink: /home/twip_ws/install/sim_ros2_interface/share/sim_ros2_interface/local_setup.bash
-- Up-to-date symlink: /home/twip_ws/install/sim_ros2_interface/share/sim_ros2_interface/local_setup.sh
-- Up-to-date symlink: /home/twip_ws/install/sim_ros2_interface/share/sim_ros2_interface/local_setup.zsh
-- Up-to-date symlink: /home/twip_ws/install/sim_ros2_interface/share/sim_ros2_interface/local_setup.dsv
-- Symlinking: /home/twip_ws/install/sim_ros2_interface/share/sim_ros2_interface/package.dsv
-- Up-to-date symlink: /home/twip_ws/install/sim_ros2_interface/share/ament_index/resource_index/packages/sim_ros2_interface
-- Up-to-date symlink: /home/twip_ws/install/sim_ros2_interface/share/sim_ros2_interface/cmake/sim_ros2_interfaceConfig.cmake
-- Up-to-date symlink: /home/twip_ws/install/sim_ros2_interface/share/sim_ros2_interface/cmake/sim_ros2_interfaceConfig-version.cmake
-- Up-to-date symlink: /home/twip_ws/install/sim_ros2_interface/share/sim_ros2_interface/package.xml
