[0.442s] Invoking command in '/home/twip_ws/build/ros2_bubble_rob': CMAKE_PREFIX_PATH=${CMAKE_PREFIX_PATH}:/home/twip_ws/install/driver_imu:/opt/ros/humble PS1=\[\e]0;\u@\h: \w\a\]\[\033[01;37m\]\u\[\033[00m\]@\[\033[01;32m\]\h\[\033[00m\]:\[\033[01;34m\]\w\[\033[00m\] /usr/bin/cmake --build /home/twip_ws/build/ros2_bubble_rob -- -j8 -l8
[0.510s] [100%] Built target ros2BubbleRob
[0.525s] Invoked command in '/home/twip_ws/build/ros2_bubble_rob' returned '0': CMAKE_PREFIX_PATH=${CMAKE_PREFIX_PATH}:/home/twip_ws/install/driver_imu:/opt/ros/humble PS1=\[\e]0;\u@\h: \w\a\]\[\033[01;37m\]\u\[\033[00m\]@\[\033[01;32m\]\h\[\033[00m\]:\[\033[01;34m\]\w\[\033[00m\] /usr/bin/cmake --build /home/twip_ws/build/ros2_bubble_rob -- -j8 -l8
[0.559s] Invoking command in '/home/twip_ws/build/ros2_bubble_rob': CMAKE_PREFIX_PATH=${CMAKE_PREFIX_PATH}:/home/twip_ws/install/driver_imu:/opt/ros/humble PS1=\[\e]0;\u@\h: \w\a\]\[\033[01;37m\]\u\[\033[00m\]@\[\033[01;32m\]\h\[\033[00m\]:\[\033[01;34m\]\w\[\033[00m\] /usr/bin/cmake --install /home/twip_ws/build/ros2_bubble_rob
[0.569s] -- Install configuration: "Release"
[0.569s] -- Execute custom install script
[0.569s] -- Up-to-date symlink: /home/twip_ws/install/ros2_bubble_rob/share/ament_index/resource_index/package_run_dependencies/ros2_bubble_rob
[0.569s] -- Up-to-date symlink: /home/twip_ws/install/ros2_bubble_rob/share/ament_index/resource_index/parent_prefix_path/ros2_bubble_rob
[0.569s] -- Up-to-date symlink: /home/twip_ws/install/ros2_bubble_rob/share/ros2_bubble_rob/environment/ament_prefix_path.sh
[0.570s] -- Up-to-date symlink: /home/twip_ws/install/ros2_bubble_rob/share/ros2_bubble_rob/environment/ament_prefix_path.dsv
[0.570s] -- Up-to-date symlink: /home/twip_ws/install/ros2_bubble_rob/share/ros2_bubble_rob/environment/path.sh
[0.570s] -- Up-to-date symlink: /home/twip_ws/install/ros2_bubble_rob/share/ros2_bubble_rob/environment/path.dsv
[0.570s] -- Up-to-date symlink: /home/twip_ws/install/ros2_bubble_rob/share/ros2_bubble_rob/local_setup.bash
[0.570s] -- Up-to-date symlink: /home/twip_ws/install/ros2_bubble_rob/share/ros2_bubble_rob/local_setup.sh
[0.570s] -- Up-to-date symlink: /home/twip_ws/install/ros2_bubble_rob/share/ros2_bubble_rob/local_setup.zsh
[0.570s] -- Up-to-date symlink: /home/twip_ws/install/ros2_bubble_rob/share/ros2_bubble_rob/local_setup.dsv
[0.571s] -- Symlinking: /home/twip_ws/install/ros2_bubble_rob/share/ros2_bubble_rob/package.dsv
[0.582s] -- Up-to-date symlink: /home/twip_ws/install/ros2_bubble_rob/share/ament_index/resource_index/packages/ros2_bubble_rob
[0.583s] -- Up-to-date symlink: /home/twip_ws/install/ros2_bubble_rob/share/ros2_bubble_rob/cmake/ros2_bubble_robConfig.cmake
[0.583s] -- Up-to-date symlink: /home/twip_ws/install/ros2_bubble_rob/share/ros2_bubble_rob/cmake/ros2_bubble_robConfig-version.cmake
[0.589s] -- Up-to-date symlink: /home/twip_ws/install/ros2_bubble_rob/share/ros2_bubble_rob/package.xml
[0.590s] -- Up-to-date: /home/twip_ws/install/ros2_bubble_rob/lib/ros2_bubble_rob/ros2BubbleRob
[0.636s] Invoked command in '/home/twip_ws/build/ros2_bubble_rob' returned '0': CMAKE_PREFIX_PATH=${CMAKE_PREFIX_PATH}:/home/twip_ws/install/driver_imu:/opt/ros/humble PS1=\[\e]0;\u@\h: \w\a\]\[\033[01;37m\]\u\[\033[00m\]@\[\033[01;32m\]\h\[\033[00m\]:\[\033[01;34m\]\w\[\033[00m\] /usr/bin/cmake --install /home/twip_ws/build/ros2_bubble_rob
