[0.569s] Invoking command in '/home/twip_ws/build/state_estimator': CMAKE_PREFIX_PATH=${CMAKE_PREFIX_PATH}:/home/twip_ws/install/driver_imu:/home/twip_ws/install/controllers:/opt/ros/humble PS1=\[\e]0;\u@\h: \w\a\]\[\033[01;37m\]\u\[\033[00m\]@\[\033[01;32m\]\h\[\033[00m\]:\[\033[01;34m\]\w\[\033[00m\] /usr/bin/cmake --build /home/twip_ws/build/state_estimator -- -j8 -l8
[0.694s] [100%] Built target complementary_filter
[0.828s] Invoked command in '/home/twip_ws/build/state_estimator' returned '0': CMAKE_PREFIX_PATH=${CMAKE_PREFIX_PATH}:/home/twip_ws/install/driver_imu:/home/twip_ws/install/controllers:/opt/ros/humble PS1=\[\e]0;\u@\h: \w\a\]\[\033[01;37m\]\u\[\033[00m\]@\[\033[01;32m\]\h\[\033[00m\]:\[\033[01;34m\]\w\[\033[00m\] /usr/bin/cmake --build /home/twip_ws/build/state_estimator -- -j8 -l8
[1.157s] Invoking command in '/home/twip_ws/build/state_estimator': CMAKE_PREFIX_PATH=${CMAKE_PREFIX_PATH}:/home/twip_ws/install/driver_imu:/home/twip_ws/install/controllers:/opt/ros/humble PS1=\[\e]0;\u@\h: \w\a\]\[\033[01;37m\]\u\[\033[00m\]@\[\033[01;32m\]\h\[\033[00m\]:\[\033[01;34m\]\w\[\033[00m\] /usr/bin/cmake --install /home/twip_ws/build/state_estimator
[1.175s] -- Install configuration: "Release"
[1.177s] -- Execute custom install script
[1.178s] -- Up-to-date symlink: /home/twip_ws/install/state_estimator/lib/state_estimator/complementary_filter
[1.179s] -- Up-to-date symlink: /home/twip_ws/install/state_estimator/share/ament_index/resource_index/package_run_dependencies/state_estimator
[1.180s] -- Up-to-date symlink: /home/twip_ws/install/state_estimator/share/ament_index/resource_index/parent_prefix_path/state_estimator
[1.181s] -- Up-to-date symlink: /home/twip_ws/install/state_estimator/share/state_estimator/environment/ament_prefix_path.sh
[1.181s] -- Up-to-date symlink: /home/twip_ws/install/state_estimator/share/state_estimator/environment/ament_prefix_path.dsv
[1.182s] -- Up-to-date symlink: /home/twip_ws/install/state_estimator/share/state_estimator/environment/path.sh
[1.183s] -- Up-to-date symlink: /home/twip_ws/install/state_estimator/share/state_estimator/environment/path.dsv
[1.184s] -- Up-to-date symlink: /home/twip_ws/install/state_estimator/share/state_estimator/local_setup.bash
[1.185s] -- Up-to-date symlink: /home/twip_ws/install/state_estimator/share/state_estimator/local_setup.sh
[1.186s] -- Up-to-date symlink: /home/twip_ws/install/state_estimator/share/state_estimator/local_setup.zsh
[1.187s] -- Up-to-date symlink: /home/twip_ws/install/state_estimator/share/state_estimator/local_setup.dsv
[1.187s] -- Symlinking: /home/twip_ws/install/state_estimator/share/state_estimator/package.dsv
[1.207s] -- Up-to-date symlink: /home/twip_ws/install/state_estimator/share/ament_index/resource_index/packages/state_estimator
[1.208s] -- Up-to-date symlink: /home/twip_ws/install/state_estimator/share/state_estimator/cmake/state_estimatorConfig.cmake
[1.209s] -- Up-to-date symlink: /home/twip_ws/install/state_estimator/share/state_estimator/cmake/state_estimatorConfig-version.cmake
[1.209s] -- Up-to-date symlink: /home/twip_ws/install/state_estimator/share/state_estimator/package.xml
[1.215s] Invoked command in '/home/twip_ws/build/state_estimator' returned '0': CMAKE_PREFIX_PATH=${CMAKE_PREFIX_PATH}:/home/twip_ws/install/driver_imu:/home/twip_ws/install/controllers:/opt/ros/humble PS1=\[\e]0;\u@\h: \w\a\]\[\033[01;37m\]\u\[\033[00m\]@\[\033[01;32m\]\h\[\033[00m\]:\[\033[01;34m\]\w\[\033[00m\] /usr/bin/cmake --install /home/twip_ws/build/state_estimator
