[0.239s] DEBUG:colcon:Command line arguments: ['/usr/bin/colcon', 'build', '--symlink-install', '--cmake-args', '-DCMAKE_BUILD_TYPE=Release']
[0.239s] DEBUG:colcon:Parsed command line arguments: Namespace(log_base=None, log_level=None, verb_name='build', build_base='build', install_base='install', merge_install=False, symlink_install=True, test_result_base=None, continue_on_error=False, executor='parallel', parallel_workers=8, event_handlers=None, ignore_user_meta=False, metas=['./colcon.meta'], base_paths=['.'], packages_ignore=None, packages_ignore_regex=None, paths=None, packages_up_to=None, packages_up_to_regex=None, packages_above=None, packages_above_and_dependencies=None, packages_above_depth=None, packages_select_by_dep=None, packages_skip_by_dep=None, packages_skip_up_to=None, packages_select_build_failed=False, packages_skip_build_finished=False, packages_select_test_failures=False, packages_skip_test_passed=False, packages_select=None, packages_skip=None, packages_select_regex=None, packages_skip_regex=None, packages_start=None, packages_end=None, cmake_args=['-DCMAKE_BUILD_TYPE=Release'], cmake_target=None, cmake_target_skip_unavailable=False, cmake_clean_cache=False, cmake_clean_first=False, cmake_force_configure=False, ament_cmake_args=None, catkin_cmake_args=None, catkin_skip_building_tests=False, mixin_files=None, mixin=None, verb_parser=<colcon_mixin.mixin.mixin_argument.MixinArgumentDecorator object at 0x7f072632ee90>, verb_extension=<colcon_core.verb.build.BuildVerb object at 0x7f0726cb0a30>, main=<bound method BuildVerb.main of <colcon_core.verb.build.BuildVerb object at 0x7f0726cb0a30>>, mixin_verb=('build',))
[0.257s] Level 1:colcon.colcon_core.package_discovery:discover_packages(colcon_meta) check parameters
[0.258s] INFO:colcon.colcon_metadata.package_discovery.colcon_meta:Using configuration from '/root/.colcon/metadata/default/Gazebo.meta'
[0.259s] INFO:colcon.colcon_metadata.package_discovery.colcon_meta:Using configuration from '/root/.colcon/metadata/default/fastrtps.meta'
[0.259s] Level 1:colcon.colcon_core.package_discovery:discover_packages(recursive) check parameters
[0.259s] Level 1:colcon.colcon_core.package_discovery:discover_packages(ignore) check parameters
[0.259s] Level 1:colcon.colcon_core.package_discovery:discover_packages(path) check parameters
[0.259s] Level 1:colcon.colcon_core.package_discovery:discover_packages(colcon_meta) discover
[0.259s] Level 1:colcon.colcon_core.package_discovery:discover_packages(recursive) discover
[0.259s] INFO:colcon.colcon_core.package_discovery:Crawling recursively for packages in '/home/twip_ws'
[0.259s] Level 1:colcon.colcon_core.package_identification:_identify(.) by extensions ['ignore', 'ignore_ament_install']
[0.260s] Level 1:colcon.colcon_core.package_identification:_identify(.) by extension 'ignore'
[0.260s] Level 1:colcon.colcon_core.package_identification:_identify(.) by extension 'ignore_ament_install'
[0.260s] Level 1:colcon.colcon_core.package_identification:_identify(.) by extensions ['colcon_pkg']
[0.260s] Level 1:colcon.colcon_core.package_identification:_identify(.) by extension 'colcon_pkg'
[0.260s] Level 1:colcon.colcon_core.package_identification:_identify(.) by extensions ['colcon_meta']
[0.260s] Level 1:colcon.colcon_core.package_identification:_identify(.) by extension 'colcon_meta'
[0.260s] Level 1:colcon.colcon_core.package_identification:_identify(.) by extensions ['ros']
[0.260s] Level 1:colcon.colcon_core.package_identification:_identify(.) by extension 'ros'
[0.270s] Level 1:colcon.colcon_core.package_identification:_identify(.) by extensions ['cmake', 'python']
[0.270s] Level 1:colcon.colcon_core.package_identification:_identify(.) by extension 'cmake'
[0.270s] Level 1:colcon.colcon_core.package_identification:_identify(.) by extension 'python'
[0.270s] Level 1:colcon.colcon_core.package_identification:_identify(.) by extensions ['python_setup_py']
[0.270s] Level 1:colcon.colcon_core.package_identification:_identify(.) by extension 'python_setup_py'
[0.270s] Level 1:colcon.colcon_core.package_identification:_identify(build) by extensions ['ignore', 'ignore_ament_install']
[0.270s] Level 1:colcon.colcon_core.package_identification:_identify(build) by extension 'ignore'
[0.270s] Level 1:colcon.colcon_core.package_identification:_identify(build) ignored
[0.270s] Level 1:colcon.colcon_core.package_identification:_identify(install) by extensions ['ignore', 'ignore_ament_install']
[0.270s] Level 1:colcon.colcon_core.package_identification:_identify(install) by extension 'ignore'
[0.271s] Level 1:colcon.colcon_core.package_identification:_identify(install) ignored
[0.271s] Level 1:colcon.colcon_core.package_identification:_identify(log) by extensions ['ignore', 'ignore_ament_install']
[0.271s] Level 1:colcon.colcon_core.package_identification:_identify(log) by extension 'ignore'
[0.271s] Level 1:colcon.colcon_core.package_identification:_identify(log) ignored
[0.271s] Level 1:colcon.colcon_core.package_identification:_identify(src) by extensions ['ignore', 'ignore_ament_install']
[0.271s] Level 1:colcon.colcon_core.package_identification:_identify(src) by extension 'ignore'
[0.271s] Level 1:colcon.colcon_core.package_identification:_identify(src) by extension 'ignore_ament_install'
[0.271s] Level 1:colcon.colcon_core.package_identification:_identify(src) by extensions ['colcon_pkg']
[0.271s] Level 1:colcon.colcon_core.package_identification:_identify(src) by extension 'colcon_pkg'
[0.271s] Level 1:colcon.colcon_core.package_identification:_identify(src) by extensions ['colcon_meta']
[0.271s] Level 1:colcon.colcon_core.package_identification:_identify(src) by extension 'colcon_meta'
[0.271s] Level 1:colcon.colcon_core.package_identification:_identify(src) by extensions ['ros']
[0.272s] Level 1:colcon.colcon_core.package_identification:_identify(src) by extension 'ros'
[0.272s] Level 1:colcon.colcon_core.package_identification:_identify(src) by extensions ['cmake', 'python']
[0.272s] Level 1:colcon.colcon_core.package_identification:_identify(src) by extension 'cmake'
[0.272s] Level 1:colcon.colcon_core.package_identification:_identify(src) by extension 'python'
[0.272s] Level 1:colcon.colcon_core.package_identification:_identify(src) by extensions ['python_setup_py']
[0.272s] Level 1:colcon.colcon_core.package_identification:_identify(src) by extension 'python_setup_py'
[0.272s] Level 1:colcon.colcon_core.package_identification:_identify(src/controllers) by extensions ['ignore', 'ignore_ament_install']
[0.272s] Level 1:colcon.colcon_core.package_identification:_identify(src/controllers) by extension 'ignore'
[0.272s] Level 1:colcon.colcon_core.package_identification:_identify(src/controllers) by extension 'ignore_ament_install'
[0.272s] Level 1:colcon.colcon_core.package_identification:_identify(src/controllers) by extensions ['colcon_pkg']
[0.272s] Level 1:colcon.colcon_core.package_identification:_identify(src/controllers) by extension 'colcon_pkg'
[0.272s] Level 1:colcon.colcon_core.package_identification:_identify(src/controllers) by extensions ['colcon_meta']
[0.272s] Level 1:colcon.colcon_core.package_identification:_identify(src/controllers) by extension 'colcon_meta'
[0.272s] Level 1:colcon.colcon_core.package_identification:_identify(src/controllers) by extensions ['ros']
[0.272s] Level 1:colcon.colcon_core.package_identification:_identify(src/controllers) by extension 'ros'
[0.274s] DEBUG:colcon.colcon_core.package_identification:Package 'src/controllers' with type 'ros.ament_python' and name 'controllers'
[0.274s] Level 1:colcon.colcon_core.package_identification:_identify(src/drivers) by extensions ['ignore', 'ignore_ament_install']
[0.275s] Level 1:colcon.colcon_core.package_identification:_identify(src/drivers) by extension 'ignore'
[0.275s] Level 1:colcon.colcon_core.package_identification:_identify(src/drivers) by extension 'ignore_ament_install'
[0.275s] Level 1:colcon.colcon_core.package_identification:_identify(src/drivers) by extensions ['colcon_pkg']
[0.275s] Level 1:colcon.colcon_core.package_identification:_identify(src/drivers) by extension 'colcon_pkg'
[0.275s] Level 1:colcon.colcon_core.package_identification:_identify(src/drivers) by extensions ['colcon_meta']
[0.275s] Level 1:colcon.colcon_core.package_identification:_identify(src/drivers) by extension 'colcon_meta'
[0.275s] Level 1:colcon.colcon_core.package_identification:_identify(src/drivers) by extensions ['ros']
[0.275s] Level 1:colcon.colcon_core.package_identification:_identify(src/drivers) by extension 'ros'
[0.276s] DEBUG:colcon.colcon_core.package_identification:Package 'src/drivers' with type 'ros.ament_python' and name 'driver_imu'
[0.276s] Level 1:colcon.colcon_core.package_identification:_identify(src/external) by extensions ['ignore', 'ignore_ament_install']
[0.276s] Level 1:colcon.colcon_core.package_identification:_identify(src/external) by extension 'ignore'
[0.276s] Level 1:colcon.colcon_core.package_identification:_identify(src/external) by extension 'ignore_ament_install'
[0.276s] Level 1:colcon.colcon_core.package_identification:_identify(src/external) by extensions ['colcon_pkg']
[0.276s] Level 1:colcon.colcon_core.package_identification:_identify(src/external) by extension 'colcon_pkg'
[0.276s] Level 1:colcon.colcon_core.package_identification:_identify(src/external) by extensions ['colcon_meta']
[0.276s] Level 1:colcon.colcon_core.package_identification:_identify(src/external) by extension 'colcon_meta'
[0.276s] Level 1:colcon.colcon_core.package_identification:_identify(src/external) by extensions ['ros']
[0.276s] Level 1:colcon.colcon_core.package_identification:_identify(src/external) by extension 'ros'
[0.276s] Level 1:colcon.colcon_core.package_identification:_identify(src/external) by extensions ['cmake', 'python']
[0.276s] Level 1:colcon.colcon_core.package_identification:_identify(src/external) by extension 'cmake'
[0.276s] Level 1:colcon.colcon_core.package_identification:_identify(src/external) by extension 'python'
[0.276s] Level 1:colcon.colcon_core.package_identification:_identify(src/external) by extensions ['python_setup_py']
[0.276s] Level 1:colcon.colcon_core.package_identification:_identify(src/external) by extension 'python_setup_py'
[0.276s] Level 1:colcon.colcon_core.package_identification:_identify(src/external/ros2_bubble_rob) by extensions ['ignore', 'ignore_ament_install']
[0.277s] Level 1:colcon.colcon_core.package_identification:_identify(src/external/ros2_bubble_rob) by extension 'ignore'
[0.277s] Level 1:colcon.colcon_core.package_identification:_identify(src/external/ros2_bubble_rob) by extension 'ignore_ament_install'
[0.277s] Level 1:colcon.colcon_core.package_identification:_identify(src/external/ros2_bubble_rob) by extensions ['colcon_pkg']
[0.277s] Level 1:colcon.colcon_core.package_identification:_identify(src/external/ros2_bubble_rob) by extension 'colcon_pkg'
[0.277s] Level 1:colcon.colcon_core.package_identification:_identify(src/external/ros2_bubble_rob) by extensions ['colcon_meta']
[0.277s] Level 1:colcon.colcon_core.package_identification:_identify(src/external/ros2_bubble_rob) by extension 'colcon_meta'
[0.277s] Level 1:colcon.colcon_core.package_identification:_identify(src/external/ros2_bubble_rob) by extensions ['ros']
[0.277s] Level 1:colcon.colcon_core.package_identification:_identify(src/external/ros2_bubble_rob) by extension 'ros'
[0.277s] DEBUG:colcon.colcon_core.package_identification:Package 'src/external/ros2_bubble_rob' with type 'ros.ament_cmake' and name 'ros2_bubble_rob'
[0.277s] Level 1:colcon.colcon_core.package_identification:_identify(src/external/simExtROS2) by extensions ['ignore', 'ignore_ament_install']
[0.278s] Level 1:colcon.colcon_core.package_identification:_identify(src/external/simExtROS2) by extension 'ignore'
[0.278s] Level 1:colcon.colcon_core.package_identification:_identify(src/external/simExtROS2) by extension 'ignore_ament_install'
[0.278s] Level 1:colcon.colcon_core.package_identification:_identify(src/external/simExtROS2) by extensions ['colcon_pkg']
[0.278s] Level 1:colcon.colcon_core.package_identification:_identify(src/external/simExtROS2) by extension 'colcon_pkg'
[0.278s] Level 1:colcon.colcon_core.package_identification:_identify(src/external/simExtROS2) by extensions ['colcon_meta']
[0.278s] Level 1:colcon.colcon_core.package_identification:_identify(src/external/simExtROS2) by extension 'colcon_meta'
[0.278s] Level 1:colcon.colcon_core.package_identification:_identify(src/external/simExtROS2) by extensions ['ros']
[0.278s] Level 1:colcon.colcon_core.package_identification:_identify(src/external/simExtROS2) by extension 'ros'
[0.280s] DEBUG:colcon.colcon_core.package_identification:Package 'src/external/simExtROS2' with type 'ros.ament_cmake' and name 'sim_ros2_interface'
[0.280s] Level 1:colcon.colcon_core.package_identification:_identify(src/state_estimator) by extensions ['ignore', 'ignore_ament_install']
[0.280s] Level 1:colcon.colcon_core.package_identification:_identify(src/state_estimator) by extension 'ignore'
[0.280s] Level 1:colcon.colcon_core.package_identification:_identify(src/state_estimator) by extension 'ignore_ament_install'
[0.281s] Level 1:colcon.colcon_core.package_identification:_identify(src/state_estimator) by extensions ['colcon_pkg']
[0.281s] Level 1:colcon.colcon_core.package_identification:_identify(src/state_estimator) by extension 'colcon_pkg'
[0.281s] Level 1:colcon.colcon_core.package_identification:_identify(src/state_estimator) by extensions ['colcon_meta']
[0.281s] Level 1:colcon.colcon_core.package_identification:_identify(src/state_estimator) by extension 'colcon_meta'
[0.281s] Level 1:colcon.colcon_core.package_identification:_identify(src/state_estimator) by extensions ['ros']
[0.281s] Level 1:colcon.colcon_core.package_identification:_identify(src/state_estimator) by extension 'ros'
[0.282s] DEBUG:colcon.colcon_core.package_identification:Package 'src/state_estimator' with type 'ros.ament_cmake' and name 'state_estimator'
[0.282s] Level 1:colcon.colcon_core.package_discovery:discover_packages(recursive) using defaults
[0.282s] Level 1:colcon.colcon_core.package_discovery:discover_packages(ignore) discover
[0.282s] Level 1:colcon.colcon_core.package_discovery:discover_packages(ignore) using defaults
[0.282s] Level 1:colcon.colcon_core.package_discovery:discover_packages(path) discover
[0.282s] Level 1:colcon.colcon_core.package_discovery:discover_packages(path) using defaults
[0.320s] Level 5:colcon.colcon_core.verb:set package 'controllers' build argument 'cmake_args' from command line to '['-DCMAKE_BUILD_TYPE=Release']'
[0.320s] Level 5:colcon.colcon_core.verb:set package 'controllers' build argument 'cmake_target' from command line to 'None'
[0.320s] Level 5:colcon.colcon_core.verb:set package 'controllers' build argument 'cmake_target_skip_unavailable' from command line to 'False'
[0.320s] Level 5:colcon.colcon_core.verb:set package 'controllers' build argument 'cmake_clean_cache' from command line to 'False'
[0.320s] Level 5:colcon.colcon_core.verb:set package 'controllers' build argument 'cmake_clean_first' from command line to 'False'
[0.320s] Level 5:colcon.colcon_core.verb:set package 'controllers' build argument 'cmake_force_configure' from command line to 'False'
[0.320s] Level 5:colcon.colcon_core.verb:set package 'controllers' build argument 'ament_cmake_args' from command line to 'None'
[0.320s] Level 5:colcon.colcon_core.verb:set package 'controllers' build argument 'catkin_cmake_args' from command line to 'None'
[0.320s] Level 5:colcon.colcon_core.verb:set package 'controllers' build argument 'catkin_skip_building_tests' from command line to 'False'
[0.320s] DEBUG:colcon.colcon_core.verb:Building package 'controllers' with the following arguments: {'ament_cmake_args': None, 'build_base': '/home/twip_ws/build/controllers', 'catkin_cmake_args': None, 'catkin_skip_building_tests': False, 'cmake_args': ['-DCMAKE_BUILD_TYPE=Release'], 'cmake_clean_cache': False, 'cmake_clean_first': False, 'cmake_force_configure': False, 'cmake_target': None, 'cmake_target_skip_unavailable': False, 'install_base': '/home/twip_ws/install/controllers', 'merge_install': False, 'path': '/home/twip_ws/src/controllers', 'symlink_install': True, 'test_result_base': None}
[0.321s] Level 5:colcon.colcon_core.verb:set package 'driver_imu' build argument 'cmake_args' from command line to '['-DCMAKE_BUILD_TYPE=Release']'
[0.321s] Level 5:colcon.colcon_core.verb:set package 'driver_imu' build argument 'cmake_target' from command line to 'None'
[0.321s] Level 5:colcon.colcon_core.verb:set package 'driver_imu' build argument 'cmake_target_skip_unavailable' from command line to 'False'
[0.321s] Level 5:colcon.colcon_core.verb:set package 'driver_imu' build argument 'cmake_clean_cache' from command line to 'False'
[0.321s] Level 5:colcon.colcon_core.verb:set package 'driver_imu' build argument 'cmake_clean_first' from command line to 'False'
[0.321s] Level 5:colcon.colcon_core.verb:set package 'driver_imu' build argument 'cmake_force_configure' from command line to 'False'
[0.322s] Level 5:colcon.colcon_core.verb:set package 'driver_imu' build argument 'ament_cmake_args' from command line to 'None'
[0.322s] Level 5:colcon.colcon_core.verb:set package 'driver_imu' build argument 'catkin_cmake_args' from command line to 'None'
[0.322s] Level 5:colcon.colcon_core.verb:set package 'driver_imu' build argument 'catkin_skip_building_tests' from command line to 'False'
[0.322s] DEBUG:colcon.colcon_core.verb:Building package 'driver_imu' with the following arguments: {'ament_cmake_args': None, 'build_base': '/home/twip_ws/build/driver_imu', 'catkin_cmake_args': None, 'catkin_skip_building_tests': False, 'cmake_args': ['-DCMAKE_BUILD_TYPE=Release'], 'cmake_clean_cache': False, 'cmake_clean_first': False, 'cmake_force_configure': False, 'cmake_target': None, 'cmake_target_skip_unavailable': False, 'install_base': '/home/twip_ws/install/driver_imu', 'merge_install': False, 'path': '/home/twip_ws/src/drivers', 'symlink_install': True, 'test_result_base': None}
[0.322s] Level 5:colcon.colcon_core.verb:set package 'ros2_bubble_rob' build argument 'cmake_args' from command line to '['-DCMAKE_BUILD_TYPE=Release']'
[0.323s] Level 5:colcon.colcon_core.verb:set package 'ros2_bubble_rob' build argument 'cmake_target' from command line to 'None'
[0.323s] Level 5:colcon.colcon_core.verb:set package 'ros2_bubble_rob' build argument 'cmake_target_skip_unavailable' from command line to 'False'
[0.323s] Level 5:colcon.colcon_core.verb:set package 'ros2_bubble_rob' build argument 'cmake_clean_cache' from command line to 'False'
[0.323s] Level 5:colcon.colcon_core.verb:set package 'ros2_bubble_rob' build argument 'cmake_clean_first' from command line to 'False'
[0.323s] Level 5:colcon.colcon_core.verb:set package 'ros2_bubble_rob' build argument 'cmake_force_configure' from command line to 'False'
[0.323s] Level 5:colcon.colcon_core.verb:set package 'ros2_bubble_rob' build argument 'ament_cmake_args' from command line to 'None'
[0.323s] Level 5:colcon.colcon_core.verb:set package 'ros2_bubble_rob' build argument 'catkin_cmake_args' from command line to 'None'
[0.323s] Level 5:colcon.colcon_core.verb:set package 'ros2_bubble_rob' build argument 'catkin_skip_building_tests' from command line to 'False'
[0.323s] DEBUG:colcon.colcon_core.verb:Building package 'ros2_bubble_rob' with the following arguments: {'ament_cmake_args': None, 'build_base': '/home/twip_ws/build/ros2_bubble_rob', 'catkin_cmake_args': None, 'catkin_skip_building_tests': False, 'cmake_args': ['-DCMAKE_BUILD_TYPE=Release'], 'cmake_clean_cache': False, 'cmake_clean_first': False, 'cmake_force_configure': False, 'cmake_target': None, 'cmake_target_skip_unavailable': False, 'install_base': '/home/twip_ws/install/ros2_bubble_rob', 'merge_install': False, 'path': '/home/twip_ws/src/external/ros2_bubble_rob', 'symlink_install': True, 'test_result_base': None}
[0.324s] Level 5:colcon.colcon_core.verb:set package 'sim_ros2_interface' build argument 'cmake_args' from command line to '['-DCMAKE_BUILD_TYPE=Release']'
[0.324s] Level 5:colcon.colcon_core.verb:set package 'sim_ros2_interface' build argument 'cmake_target' from command line to 'None'
[0.324s] Level 5:colcon.colcon_core.verb:set package 'sim_ros2_interface' build argument 'cmake_target_skip_unavailable' from command line to 'False'
[0.324s] Level 5:colcon.colcon_core.verb:set package 'sim_ros2_interface' build argument 'cmake_clean_cache' from command line to 'False'
[0.324s] Level 5:colcon.colcon_core.verb:set package 'sim_ros2_interface' build argument 'cmake_clean_first' from command line to 'False'
[0.324s] Level 5:colcon.colcon_core.verb:set package 'sim_ros2_interface' build argument 'cmake_force_configure' from command line to 'False'
[0.324s] Level 5:colcon.colcon_core.verb:set package 'sim_ros2_interface' build argument 'ament_cmake_args' from command line to 'None'
[0.324s] Level 5:colcon.colcon_core.verb:set package 'sim_ros2_interface' build argument 'catkin_cmake_args' from command line to 'None'
[0.324s] Level 5:colcon.colcon_core.verb:set package 'sim_ros2_interface' build argument 'catkin_skip_building_tests' from command line to 'False'
[0.324s] DEBUG:colcon.colcon_core.verb:Building package 'sim_ros2_interface' with the following arguments: {'ament_cmake_args': None, 'build_base': '/home/twip_ws/build/sim_ros2_interface', 'catkin_cmake_args': None, 'catkin_skip_building_tests': False, 'cmake_args': ['-DCMAKE_BUILD_TYPE=Release'], 'cmake_clean_cache': False, 'cmake_clean_first': False, 'cmake_force_configure': False, 'cmake_target': None, 'cmake_target_skip_unavailable': False, 'install_base': '/home/twip_ws/install/sim_ros2_interface', 'merge_install': False, 'path': '/home/twip_ws/src/external/simExtROS2', 'symlink_install': True, 'test_result_base': None}
[0.325s] Level 5:colcon.colcon_core.verb:set package 'state_estimator' build argument 'cmake_args' from command line to '['-DCMAKE_BUILD_TYPE=Release']'
[0.325s] Level 5:colcon.colcon_core.verb:set package 'state_estimator' build argument 'cmake_target' from command line to 'None'
[0.325s] Level 5:colcon.colcon_core.verb:set package 'state_estimator' build argument 'cmake_target_skip_unavailable' from command line to 'False'
[0.325s] Level 5:colcon.colcon_core.verb:set package 'state_estimator' build argument 'cmake_clean_cache' from command line to 'False'
[0.325s] Level 5:colcon.colcon_core.verb:set package 'state_estimator' build argument 'cmake_clean_first' from command line to 'False'
[0.325s] Level 5:colcon.colcon_core.verb:set package 'state_estimator' build argument 'cmake_force_configure' from command line to 'False'
[0.325s] Level 5:colcon.colcon_core.verb:set package 'state_estimator' build argument 'ament_cmake_args' from command line to 'None'
[0.325s] Level 5:colcon.colcon_core.verb:set package 'state_estimator' build argument 'catkin_cmake_args' from command line to 'None'
[0.325s] Level 5:colcon.colcon_core.verb:set package 'state_estimator' build argument 'catkin_skip_building_tests' from command line to 'False'
[0.325s] DEBUG:colcon.colcon_core.verb:Building package 'state_estimator' with the following arguments: {'ament_cmake_args': None, 'build_base': '/home/twip_ws/build/state_estimator', 'catkin_cmake_args': None, 'catkin_skip_building_tests': False, 'cmake_args': ['-DCMAKE_BUILD_TYPE=Release'], 'cmake_clean_cache': False, 'cmake_clean_first': False, 'cmake_force_configure': False, 'cmake_target': None, 'cmake_target_skip_unavailable': False, 'install_base': '/home/twip_ws/install/state_estimator', 'merge_install': False, 'path': '/home/twip_ws/src/state_estimator', 'symlink_install': True, 'test_result_base': None}
[0.326s] INFO:colcon.colcon_core.executor:Executing jobs using 'parallel' executor
[0.329s] DEBUG:colcon.colcon_parallel_executor.executor.parallel:run_until_complete
[0.330s] INFO:colcon.colcon_ros.task.ament_python.build:Building ROS package in '/home/twip_ws/src/controllers' with build type 'ament_python'
[0.330s] Level 1:colcon.colcon_core.shell:create_environment_hook('controllers', 'ament_prefix_path')
[0.334s] INFO:colcon.colcon_core.plugin_system:Skipping extension 'colcon_core.shell.bat': Not used on non-Windows systems
[0.334s] INFO:colcon.colcon_core.shell:Creating environment hook '/home/twip_ws/install/controllers/share/controllers/hook/ament_prefix_path.ps1'
[0.335s] INFO:colcon.colcon_core.shell:Creating environment descriptor '/home/twip_ws/install/controllers/share/controllers/hook/ament_prefix_path.dsv'
[0.335s] INFO:colcon.colcon_core.shell:Creating environment hook '/home/twip_ws/install/controllers/share/controllers/hook/ament_prefix_path.sh'
[0.337s] INFO:colcon.colcon_core.shell:Skip shell extension 'powershell' for command environment: Not usable outside of PowerShell
[0.337s] DEBUG:colcon.colcon_core.shell:Skip shell extension 'dsv' for command environment
[0.342s] INFO:colcon.colcon_ros.task.ament_python.build:Building ROS package in '/home/twip_ws/src/drivers' with build type 'ament_python'
[0.342s] Level 1:colcon.colcon_core.shell:create_environment_hook('driver_imu', 'ament_prefix_path')
[0.342s] INFO:colcon.colcon_core.shell:Creating environment hook '/home/twip_ws/install/driver_imu/share/driver_imu/hook/ament_prefix_path.ps1'
[0.343s] INFO:colcon.colcon_core.shell:Creating environment descriptor '/home/twip_ws/install/driver_imu/share/driver_imu/hook/ament_prefix_path.dsv'
[0.344s] INFO:colcon.colcon_core.shell:Creating environment hook '/home/twip_ws/install/driver_imu/share/driver_imu/hook/ament_prefix_path.sh'
[0.344s] INFO:colcon.colcon_core.shell:Skip shell extension 'powershell' for command environment: Not usable outside of PowerShell
[0.345s] DEBUG:colcon.colcon_core.shell:Skip shell extension 'dsv' for command environment
[0.348s] INFO:colcon.colcon_ros.task.ament_cmake.build:Building ROS package in '/home/twip_ws/src/external/ros2_bubble_rob' with build type 'ament_cmake'
[0.348s] INFO:colcon.colcon_cmake.task.cmake.build:Building CMake package in '/home/twip_ws/src/external/ros2_bubble_rob'
[0.349s] INFO:colcon.colcon_core.shell:Skip shell extension 'powershell' for command environment: Not usable outside of PowerShell
[0.349s] DEBUG:colcon.colcon_core.shell:Skip shell extension 'dsv' for command environment
[0.352s] INFO:colcon.colcon_ros.task.ament_cmake.build:Building ROS package in '/home/twip_ws/src/external/simExtROS2' with build type 'ament_cmake'
[0.352s] INFO:colcon.colcon_cmake.task.cmake.build:Building CMake package in '/home/twip_ws/src/external/simExtROS2'
[0.353s] INFO:colcon.colcon_core.shell:Skip shell extension 'powershell' for command environment: Not usable outside of PowerShell
[0.353s] DEBUG:colcon.colcon_core.shell:Skip shell extension 'dsv' for command environment
[0.356s] INFO:colcon.colcon_ros.task.ament_cmake.build:Building ROS package in '/home/twip_ws/src/state_estimator' with build type 'ament_cmake'
[0.357s] INFO:colcon.colcon_cmake.task.cmake.build:Building CMake package in '/home/twip_ws/src/state_estimator'
[0.357s] INFO:colcon.colcon_core.shell:Skip shell extension 'powershell' for command environment: Not usable outside of PowerShell
[0.357s] DEBUG:colcon.colcon_core.shell:Skip shell extension 'dsv' for command environment
[0.573s] INFO:colcon.colcon_core.task.python.build:Building Python package in '/home/twip_ws/src/controllers'
[0.574s] INFO:colcon.colcon_core.shell:Skip shell extension 'powershell' for command environment: Not usable outside of PowerShell
[0.574s] DEBUG:colcon.colcon_core.shell:Skip shell extension 'dsv' for command environment
[0.781s] INFO:colcon.colcon_core.task.python.build:Building Python package in '/home/twip_ws/src/drivers'
[0.782s] INFO:colcon.colcon_core.shell:Skip shell extension 'powershell' for command environment: Not usable outside of PowerShell
[0.782s] DEBUG:colcon.colcon_core.shell:Skip shell extension 'dsv' for command environment
[0.791s] DEBUG:colcon.colcon_core.event_handler.log_command:Invoking command in '/home/twip_ws/build/ros2_bubble_rob': CMAKE_PREFIX_PATH=${CMAKE_PREFIX_PATH}:/home/twip_ws/install/driver_imu:/opt/ros/humble PS1=\[\e]0;\u@\h: \w\a\]\[\033[01;37m\]\u\[\033[00m\]@\[\033[01;32m\]\h\[\033[00m\]:\[\033[01;34m\]\w\[\033[00m\] /usr/bin/cmake --build /home/twip_ws/build/ros2_bubble_rob -- -j8 -l8
[0.795s] DEBUG:colcon.colcon_core.event_handler.log_command:Invoking command in '/home/twip_ws/build/sim_ros2_interface': CMAKE_PREFIX_PATH=${CMAKE_PREFIX_PATH}:/home/twip_ws/install/driver_imu:/opt/ros/humble PS1=\[\e]0;\u@\h: \w\a\]\[\033[01;37m\]\u\[\033[00m\]@\[\033[01;32m\]\h\[\033[00m\]:\[\033[01;34m\]\w\[\033[00m\] /usr/bin/cmake --build /home/twip_ws/build/sim_ros2_interface -- -j8 -l8
[0.799s] DEBUG:colcon.colcon_core.event_handler.log_command:Invoking command in '/home/twip_ws/build/state_estimator': CMAKE_PREFIX_PATH=${CMAKE_PREFIX_PATH}:/home/twip_ws/install/driver_imu:/opt/ros/humble PS1=\[\e]0;\u@\h: \w\a\]\[\033[01;37m\]\u\[\033[00m\]@\[\033[01;32m\]\h\[\033[00m\]:\[\033[01;34m\]\w\[\033[00m\] /usr/bin/cmake --build /home/twip_ws/build/state_estimator -- -j8 -l8
[0.871s] DEBUG:colcon.colcon_core.event_handler.log_command:Invoked command in '/home/twip_ws/build/state_estimator' returned '0': CMAKE_PREFIX_PATH=${CMAKE_PREFIX_PATH}:/home/twip_ws/install/driver_imu:/opt/ros/humble PS1=\[\e]0;\u@\h: \w\a\]\[\033[01;37m\]\u\[\033[00m\]@\[\033[01;32m\]\h\[\033[00m\]:\[\033[01;34m\]\w\[\033[00m\] /usr/bin/cmake --build /home/twip_ws/build/state_estimator -- -j8 -l8
[0.873s] DEBUG:colcon.colcon_core.event_handler.log_command:Invoked command in '/home/twip_ws/build/ros2_bubble_rob' returned '0': CMAKE_PREFIX_PATH=${CMAKE_PREFIX_PATH}:/home/twip_ws/install/driver_imu:/opt/ros/humble PS1=\[\e]0;\u@\h: \w\a\]\[\033[01;37m\]\u\[\033[00m\]@\[\033[01;32m\]\h\[\033[00m\]:\[\033[01;34m\]\w\[\033[00m\] /usr/bin/cmake --build /home/twip_ws/build/ros2_bubble_rob -- -j8 -l8
[0.904s] DEBUG:colcon.colcon_core.event_handler.log_command:Invoking command in '/home/twip_ws/build/state_estimator': CMAKE_PREFIX_PATH=${CMAKE_PREFIX_PATH}:/home/twip_ws/install/driver_imu:/opt/ros/humble PS1=\[\e]0;\u@\h: \w\a\]\[\033[01;37m\]\u\[\033[00m\]@\[\033[01;32m\]\h\[\033[00m\]:\[\033[01;34m\]\w\[\033[00m\] /usr/bin/cmake --install /home/twip_ws/build/state_estimator
[0.907s] DEBUG:colcon.colcon_core.event_handler.log_command:Invoking command in '/home/twip_ws/build/ros2_bubble_rob': CMAKE_PREFIX_PATH=${CMAKE_PREFIX_PATH}:/home/twip_ws/install/driver_imu:/opt/ros/humble PS1=\[\e]0;\u@\h: \w\a\]\[\033[01;37m\]\u\[\033[00m\]@\[\033[01;32m\]\h\[\033[00m\]:\[\033[01;34m\]\w\[\033[00m\] /usr/bin/cmake --install /home/twip_ws/build/ros2_bubble_rob
[0.916s] DEBUG:colcon.colcon_core.event_handler.log_command:Invoked command in '/home/twip_ws/build/sim_ros2_interface' returned '0': CMAKE_PREFIX_PATH=${CMAKE_PREFIX_PATH}:/home/twip_ws/install/driver_imu:/opt/ros/humble PS1=\[\e]0;\u@\h: \w\a\]\[\033[01;37m\]\u\[\033[00m\]@\[\033[01;32m\]\h\[\033[00m\]:\[\033[01;34m\]\w\[\033[00m\] /usr/bin/cmake --build /home/twip_ws/build/sim_ros2_interface -- -j8 -l8
[0.925s] Level 1:colcon.colcon_core.environment:create_environment_scripts_only(state_estimator)
[0.926s] DEBUG:colcon.colcon_core.event_handler.log_command:Invoked command in '/home/twip_ws/build/state_estimator' returned '0': CMAKE_PREFIX_PATH=${CMAKE_PREFIX_PATH}:/home/twip_ws/install/driver_imu:/opt/ros/humble PS1=\[\e]0;\u@\h: \w\a\]\[\033[01;37m\]\u\[\033[00m\]@\[\033[01;32m\]\h\[\033[00m\]:\[\033[01;34m\]\w\[\033[00m\] /usr/bin/cmake --install /home/twip_ws/build/state_estimator
[0.932s] Level 1:colcon.colcon_core.environment:checking '/home/twip_ws/install/state_estimator' for CMake module files
[0.933s] Level 1:colcon.colcon_core.environment:checking '/home/twip_ws/install/state_estimator' for CMake config files
[0.938s] Level 1:colcon.colcon_core.shell:create_environment_hook('state_estimator', 'cmake_prefix_path')
[0.939s] INFO:colcon.colcon_core.shell:Creating environment hook '/home/twip_ws/install/state_estimator/share/state_estimator/hook/cmake_prefix_path.ps1'
[0.940s] INFO:colcon.colcon_core.shell:Creating environment descriptor '/home/twip_ws/install/state_estimator/share/state_estimator/hook/cmake_prefix_path.dsv'
[0.941s] INFO:colcon.colcon_core.shell:Creating environment hook '/home/twip_ws/install/state_estimator/share/state_estimator/hook/cmake_prefix_path.sh'
[0.942s] Level 1:colcon.colcon_core.environment:checking '/home/twip_ws/install/state_estimator/lib'
[0.942s] Level 1:colcon.colcon_core.environment:checking '/home/twip_ws/install/state_estimator/bin'
[0.942s] Level 1:colcon.colcon_core.environment:checking '/home/twip_ws/install/state_estimator/lib/pkgconfig/state_estimator.pc'
[0.943s] Level 1:colcon.colcon_core.environment:checking '/home/twip_ws/install/state_estimator/lib/python3.10/site-packages'
[0.943s] Level 1:colcon.colcon_core.environment:checking '/home/twip_ws/install/state_estimator/bin'
[0.944s] INFO:colcon.colcon_core.shell:Creating package script '/home/twip_ws/install/state_estimator/share/state_estimator/package.ps1'
[0.946s] INFO:colcon.colcon_core.shell:Creating package descriptor '/home/twip_ws/install/state_estimator/share/state_estimator/package.dsv'
[0.946s] INFO:colcon.colcon_core.shell:Creating package script '/home/twip_ws/install/state_estimator/share/state_estimator/package.sh'
[0.948s] INFO:colcon.colcon_core.shell:Creating package script '/home/twip_ws/install/state_estimator/share/state_estimator/package.bash'
[0.949s] INFO:colcon.colcon_core.shell:Creating package script '/home/twip_ws/install/state_estimator/share/state_estimator/package.zsh'
[0.950s] Level 1:colcon.colcon_core.environment:create_file_with_runtime_dependencies(/home/twip_ws/install/state_estimator/share/colcon-core/packages/state_estimator)
[0.974s] DEBUG:colcon.colcon_core.event_handler.log_command:Invoking command in '/home/twip_ws/build/sim_ros2_interface': CMAKE_PREFIX_PATH=${CMAKE_PREFIX_PATH}:/home/twip_ws/install/driver_imu:/opt/ros/humble PS1=\[\e]0;\u@\h: \w\a\]\[\033[01;37m\]\u\[\033[00m\]@\[\033[01;32m\]\h\[\033[00m\]:\[\033[01;34m\]\w\[\033[00m\] /usr/bin/cmake --install /home/twip_ws/build/sim_ros2_interface
[0.974s] Level 1:colcon.colcon_core.environment:create_environment_scripts_only(ros2_bubble_rob)
[0.976s] Level 1:colcon.colcon_core.environment:checking '/home/twip_ws/install/ros2_bubble_rob' for CMake module files
[0.977s] Level 1:colcon.colcon_core.environment:checking '/home/twip_ws/install/ros2_bubble_rob' for CMake config files
[0.978s] Level 1:colcon.colcon_core.shell:create_environment_hook('ros2_bubble_rob', 'cmake_prefix_path')
[0.978s] INFO:colcon.colcon_core.shell:Creating environment hook '/home/twip_ws/install/ros2_bubble_rob/share/ros2_bubble_rob/hook/cmake_prefix_path.ps1'
[0.979s] INFO:colcon.colcon_core.shell:Creating environment descriptor '/home/twip_ws/install/ros2_bubble_rob/share/ros2_bubble_rob/hook/cmake_prefix_path.dsv'
[0.979s] INFO:colcon.colcon_core.shell:Creating environment hook '/home/twip_ws/install/ros2_bubble_rob/share/ros2_bubble_rob/hook/cmake_prefix_path.sh'
[0.980s] Level 1:colcon.colcon_core.environment:checking '/home/twip_ws/install/ros2_bubble_rob/lib'
[0.980s] Level 1:colcon.colcon_core.environment:checking '/home/twip_ws/install/ros2_bubble_rob/bin'
[0.980s] Level 1:colcon.colcon_core.environment:checking '/home/twip_ws/install/ros2_bubble_rob/lib/pkgconfig/ros2_bubble_rob.pc'
[0.981s] Level 1:colcon.colcon_core.environment:checking '/home/twip_ws/install/ros2_bubble_rob/lib/python3.10/site-packages'
[0.981s] Level 1:colcon.colcon_core.environment:checking '/home/twip_ws/install/ros2_bubble_rob/bin'
[0.982s] INFO:colcon.colcon_core.shell:Creating package script '/home/twip_ws/install/ros2_bubble_rob/share/ros2_bubble_rob/package.ps1'
[0.984s] DEBUG:colcon.colcon_core.event_handler.log_command:Invoked command in '/home/twip_ws/build/ros2_bubble_rob' returned '0': CMAKE_PREFIX_PATH=${CMAKE_PREFIX_PATH}:/home/twip_ws/install/driver_imu:/opt/ros/humble PS1=\[\e]0;\u@\h: \w\a\]\[\033[01;37m\]\u\[\033[00m\]@\[\033[01;32m\]\h\[\033[00m\]:\[\033[01;34m\]\w\[\033[00m\] /usr/bin/cmake --install /home/twip_ws/build/ros2_bubble_rob
[0.985s] INFO:colcon.colcon_core.shell:Creating package descriptor '/home/twip_ws/install/ros2_bubble_rob/share/ros2_bubble_rob/package.dsv'
[0.988s] INFO:colcon.colcon_core.shell:Creating package script '/home/twip_ws/install/ros2_bubble_rob/share/ros2_bubble_rob/package.sh'
[0.990s] INFO:colcon.colcon_core.shell:Creating package script '/home/twip_ws/install/ros2_bubble_rob/share/ros2_bubble_rob/package.bash'
[0.991s] INFO:colcon.colcon_core.shell:Creating package script '/home/twip_ws/install/ros2_bubble_rob/share/ros2_bubble_rob/package.zsh'
[0.991s] Level 1:colcon.colcon_core.environment:create_file_with_runtime_dependencies(/home/twip_ws/install/ros2_bubble_rob/share/colcon-core/packages/ros2_bubble_rob)
[0.994s] Level 1:colcon.colcon_core.environment:create_environment_scripts_only(state_estimator)
[0.996s] Level 1:colcon.colcon_core.environment:checking '/home/twip_ws/install/state_estimator' for CMake module files
[0.997s] Level 1:colcon.colcon_core.environment:checking '/home/twip_ws/install/state_estimator' for CMake config files
[0.997s] Level 1:colcon.colcon_core.shell:create_environment_hook('state_estimator', 'cmake_prefix_path')
[0.998s] INFO:colcon.colcon_core.shell:Creating environment hook '/home/twip_ws/install/state_estimator/share/state_estimator/hook/cmake_prefix_path.ps1'
[1.000s] INFO:colcon.colcon_core.shell:Creating environment descriptor '/home/twip_ws/install/state_estimator/share/state_estimator/hook/cmake_prefix_path.dsv'
[1.000s] INFO:colcon.colcon_core.shell:Creating environment hook '/home/twip_ws/install/state_estimator/share/state_estimator/hook/cmake_prefix_path.sh'
[1.001s] Level 1:colcon.colcon_core.environment:checking '/home/twip_ws/install/state_estimator/lib'
[1.001s] Level 1:colcon.colcon_core.environment:checking '/home/twip_ws/install/state_estimator/bin'
[1.001s] Level 1:colcon.colcon_core.environment:checking '/home/twip_ws/install/state_estimator/lib/pkgconfig/state_estimator.pc'
[1.002s] Level 1:colcon.colcon_core.environment:checking '/home/twip_ws/install/state_estimator/lib/python3.10/site-packages'
[1.002s] Level 1:colcon.colcon_core.environment:checking '/home/twip_ws/install/state_estimator/bin'
[1.003s] INFO:colcon.colcon_core.shell:Creating package script '/home/twip_ws/install/state_estimator/share/state_estimator/package.ps1'
[1.004s] INFO:colcon.colcon_core.shell:Creating package descriptor '/home/twip_ws/install/state_estimator/share/state_estimator/package.dsv'
[1.005s] INFO:colcon.colcon_core.shell:Creating package script '/home/twip_ws/install/state_estimator/share/state_estimator/package.sh'
[1.005s] INFO:colcon.colcon_core.shell:Creating package script '/home/twip_ws/install/state_estimator/share/state_estimator/package.bash'
[1.006s] INFO:colcon.colcon_core.shell:Creating package script '/home/twip_ws/install/state_estimator/share/state_estimator/package.zsh'
[1.006s] Level 1:colcon.colcon_core.environment:create_file_with_runtime_dependencies(/home/twip_ws/install/state_estimator/share/colcon-core/packages/state_estimator)
[1.008s] Level 1:colcon.colcon_core.environment:create_environment_scripts_only(sim_ros2_interface)
[1.010s] Level 1:colcon.colcon_core.environment:checking '/home/twip_ws/install/sim_ros2_interface' for CMake module files
[1.011s] DEBUG:colcon.colcon_core.event_handler.log_command:Invoked command in '/home/twip_ws/build/sim_ros2_interface' returned '0': CMAKE_PREFIX_PATH=${CMAKE_PREFIX_PATH}:/home/twip_ws/install/driver_imu:/opt/ros/humble PS1=\[\e]0;\u@\h: \w\a\]\[\033[01;37m\]\u\[\033[00m\]@\[\033[01;32m\]\h\[\033[00m\]:\[\033[01;34m\]\w\[\033[00m\] /usr/bin/cmake --install /home/twip_ws/build/sim_ros2_interface
[1.011s] Level 1:colcon.colcon_core.environment:checking '/home/twip_ws/install/sim_ros2_interface' for CMake config files
[1.011s] Level 1:colcon.colcon_core.shell:create_environment_hook('sim_ros2_interface', 'cmake_prefix_path')
[1.012s] INFO:colcon.colcon_core.shell:Creating environment hook '/home/twip_ws/install/sim_ros2_interface/share/sim_ros2_interface/hook/cmake_prefix_path.ps1'
[1.013s] INFO:colcon.colcon_core.shell:Creating environment descriptor '/home/twip_ws/install/sim_ros2_interface/share/sim_ros2_interface/hook/cmake_prefix_path.dsv'
[1.013s] INFO:colcon.colcon_core.shell:Creating environment hook '/home/twip_ws/install/sim_ros2_interface/share/sim_ros2_interface/hook/cmake_prefix_path.sh'
[1.014s] Level 1:colcon.colcon_core.environment:checking '/home/twip_ws/install/sim_ros2_interface/bin'
[1.014s] Level 1:colcon.colcon_core.environment:checking '/home/twip_ws/install/sim_ros2_interface/lib/pkgconfig/sim_ros2_interface.pc'
[1.015s] Level 1:colcon.colcon_core.environment:checking '/home/twip_ws/install/sim_ros2_interface/lib/python3.10/site-packages'
[1.015s] Level 1:colcon.colcon_core.environment:checking '/home/twip_ws/install/sim_ros2_interface/bin'
[1.016s] INFO:colcon.colcon_core.shell:Creating package script '/home/twip_ws/install/sim_ros2_interface/share/sim_ros2_interface/package.ps1'
[1.017s] INFO:colcon.colcon_core.shell:Creating package descriptor '/home/twip_ws/install/sim_ros2_interface/share/sim_ros2_interface/package.dsv'
[1.017s] INFO:colcon.colcon_core.shell:Creating package script '/home/twip_ws/install/sim_ros2_interface/share/sim_ros2_interface/package.sh'
[1.017s] INFO:colcon.colcon_core.shell:Creating package script '/home/twip_ws/install/sim_ros2_interface/share/sim_ros2_interface/package.bash'
[1.018s] INFO:colcon.colcon_core.shell:Creating package script '/home/twip_ws/install/sim_ros2_interface/share/sim_ros2_interface/package.zsh'
[1.018s] Level 1:colcon.colcon_core.environment:create_file_with_runtime_dependencies(/home/twip_ws/install/sim_ros2_interface/share/colcon-core/packages/sim_ros2_interface)
[1.020s] Level 1:colcon.colcon_core.environment:create_environment_scripts_only(ros2_bubble_rob)
[1.021s] Level 1:colcon.colcon_core.environment:checking '/home/twip_ws/install/ros2_bubble_rob' for CMake module files
[1.022s] Level 1:colcon.colcon_core.environment:checking '/home/twip_ws/install/ros2_bubble_rob' for CMake config files
[1.022s] Level 1:colcon.colcon_core.shell:create_environment_hook('ros2_bubble_rob', 'cmake_prefix_path')
[1.023s] INFO:colcon.colcon_core.shell:Creating environment hook '/home/twip_ws/install/ros2_bubble_rob/share/ros2_bubble_rob/hook/cmake_prefix_path.ps1'
[1.023s] INFO:colcon.colcon_core.shell:Creating environment descriptor '/home/twip_ws/install/ros2_bubble_rob/share/ros2_bubble_rob/hook/cmake_prefix_path.dsv'
[1.023s] INFO:colcon.colcon_core.shell:Creating environment hook '/home/twip_ws/install/ros2_bubble_rob/share/ros2_bubble_rob/hook/cmake_prefix_path.sh'
[1.024s] Level 1:colcon.colcon_core.environment:checking '/home/twip_ws/install/ros2_bubble_rob/lib'
[1.024s] Level 1:colcon.colcon_core.environment:checking '/home/twip_ws/install/ros2_bubble_rob/bin'
[1.024s] Level 1:colcon.colcon_core.environment:checking '/home/twip_ws/install/ros2_bubble_rob/lib/pkgconfig/ros2_bubble_rob.pc'
[1.024s] Level 1:colcon.colcon_core.environment:checking '/home/twip_ws/install/ros2_bubble_rob/lib/python3.10/site-packages'
[1.025s] Level 1:colcon.colcon_core.environment:checking '/home/twip_ws/install/ros2_bubble_rob/bin'
[1.025s] INFO:colcon.colcon_core.shell:Creating package script '/home/twip_ws/install/ros2_bubble_rob/share/ros2_bubble_rob/package.ps1'
[1.026s] INFO:colcon.colcon_core.shell:Creating package descriptor '/home/twip_ws/install/ros2_bubble_rob/share/ros2_bubble_rob/package.dsv'
[1.026s] INFO:colcon.colcon_core.shell:Creating package script '/home/twip_ws/install/ros2_bubble_rob/share/ros2_bubble_rob/package.sh'
[1.027s] INFO:colcon.colcon_core.shell:Creating package script '/home/twip_ws/install/ros2_bubble_rob/share/ros2_bubble_rob/package.bash'
[1.027s] INFO:colcon.colcon_core.shell:Creating package script '/home/twip_ws/install/ros2_bubble_rob/share/ros2_bubble_rob/package.zsh'
[1.028s] Level 1:colcon.colcon_core.environment:create_file_with_runtime_dependencies(/home/twip_ws/install/ros2_bubble_rob/share/colcon-core/packages/ros2_bubble_rob)
[1.053s] Level 1:colcon.colcon_core.environment:create_environment_scripts_only(sim_ros2_interface)
[1.055s] Level 1:colcon.colcon_core.environment:checking '/home/twip_ws/install/sim_ros2_interface' for CMake module files
[1.055s] Level 1:colcon.colcon_core.environment:checking '/home/twip_ws/install/sim_ros2_interface' for CMake config files
[1.055s] Level 1:colcon.colcon_core.shell:create_environment_hook('sim_ros2_interface', 'cmake_prefix_path')
[1.056s] INFO:colcon.colcon_core.shell:Creating environment hook '/home/twip_ws/install/sim_ros2_interface/share/sim_ros2_interface/hook/cmake_prefix_path.ps1'
[1.056s] INFO:colcon.colcon_core.shell:Creating environment descriptor '/home/twip_ws/install/sim_ros2_interface/share/sim_ros2_interface/hook/cmake_prefix_path.dsv'
[1.057s] INFO:colcon.colcon_core.shell:Creating environment hook '/home/twip_ws/install/sim_ros2_interface/share/sim_ros2_interface/hook/cmake_prefix_path.sh'
[1.057s] Level 1:colcon.colcon_core.environment:checking '/home/twip_ws/install/sim_ros2_interface/bin'
[1.057s] Level 1:colcon.colcon_core.environment:checking '/home/twip_ws/install/sim_ros2_interface/lib/pkgconfig/sim_ros2_interface.pc'
[1.058s] Level 1:colcon.colcon_core.environment:checking '/home/twip_ws/install/sim_ros2_interface/lib/python3.10/site-packages'
[1.058s] Level 1:colcon.colcon_core.environment:checking '/home/twip_ws/install/sim_ros2_interface/bin'
[1.059s] INFO:colcon.colcon_core.shell:Creating package script '/home/twip_ws/install/sim_ros2_interface/share/sim_ros2_interface/package.ps1'
[1.059s] INFO:colcon.colcon_core.shell:Creating package descriptor '/home/twip_ws/install/sim_ros2_interface/share/sim_ros2_interface/package.dsv'
[1.060s] INFO:colcon.colcon_core.shell:Creating package script '/home/twip_ws/install/sim_ros2_interface/share/sim_ros2_interface/package.sh'
[1.060s] INFO:colcon.colcon_core.shell:Creating package script '/home/twip_ws/install/sim_ros2_interface/share/sim_ros2_interface/package.bash'
[1.061s] INFO:colcon.colcon_core.shell:Creating package script '/home/twip_ws/install/sim_ros2_interface/share/sim_ros2_interface/package.zsh'
[1.061s] Level 1:colcon.colcon_core.environment:create_file_with_runtime_dependencies(/home/twip_ws/install/sim_ros2_interface/share/colcon-core/packages/sim_ros2_interface)
[1.234s] DEBUG:colcon.colcon_core.event_handler.log_command:Invoking command in '/home/twip_ws/build/controllers': PS1=\[\e]0;\u@\h: \w\a\]\[\033[01;37m\]\u\[\033[00m\]@\[\033[01;32m\]\h\[\033[00m\]:\[\033[01;34m\]\w\[\033[00m\] PYTHONPATH=/home/twip_ws/install/controllers/lib/python3.10/site-packages:${PYTHONPATH} /usr/bin/python3 setup.py develop --prefix /home/twip_ws/install/controllers --editable --build-directory /home/twip_ws/build/controllers/build --no-deps install_data --install-dir /home/twip_ws/install/controllers
[1.243s] DEBUG:colcon.colcon_core.event_handler.log_command:Invoking command in '/home/twip_ws/build/driver_imu': PS1=\[\e]0;\u@\h: \w\a\]\[\033[01;37m\]\u\[\033[00m\]@\[\033[01;32m\]\h\[\033[00m\]:\[\033[01;34m\]\w\[\033[00m\] PYTHONPATH=/home/twip_ws/install/driver_imu/lib/python3.10/site-packages:${PYTHONPATH} /usr/bin/python3 setup.py develop --prefix /home/twip_ws/install/driver_imu --editable --build-directory /home/twip_ws/build/driver_imu/build --no-deps install_data --install-dir /home/twip_ws/install/driver_imu
[1.694s] Level 1:colcon.colcon_core.shell:create_environment_hook('controllers', 'pythonpath_develop')
[1.694s] DEBUG:colcon.colcon_core.event_handler.log_command:Invoked command in '/home/twip_ws/build/controllers' returned '0': PS1=\[\e]0;\u@\h: \w\a\]\[\033[01;37m\]\u\[\033[00m\]@\[\033[01;32m\]\h\[\033[00m\]:\[\033[01;34m\]\w\[\033[00m\] PYTHONPATH=/home/twip_ws/install/controllers/lib/python3.10/site-packages:${PYTHONPATH} /usr/bin/python3 setup.py develop --prefix /home/twip_ws/install/controllers --editable --build-directory /home/twip_ws/build/controllers/build --no-deps install_data --install-dir /home/twip_ws/install/controllers
[1.695s] INFO:colcon.colcon_core.shell:Creating environment hook '/home/twip_ws/build/controllers/share/controllers/hook/pythonpath_develop.ps1'
[1.696s] INFO:colcon.colcon_core.shell:Creating environment descriptor '/home/twip_ws/build/controllers/share/controllers/hook/pythonpath_develop.dsv'
[1.696s] INFO:colcon.colcon_core.shell:Creating environment hook '/home/twip_ws/build/controllers/share/controllers/hook/pythonpath_develop.sh'
[1.697s] Level 1:colcon.colcon_core.environment:checking '/home/twip_ws/install/controllers' for CMake module files
[1.698s] Level 1:colcon.colcon_core.environment:checking '/home/twip_ws/install/controllers' for CMake config files
[1.698s] Level 1:colcon.colcon_core.environment:checking '/home/twip_ws/install/controllers/lib'
[1.698s] Level 1:colcon.colcon_core.environment:checking '/home/twip_ws/install/controllers/bin'
[1.698s] Level 1:colcon.colcon_core.environment:checking '/home/twip_ws/install/controllers/lib/pkgconfig/controllers.pc'
[1.698s] Level 1:colcon.colcon_core.environment:checking '/home/twip_ws/install/controllers/lib/python3.10/site-packages'
[1.698s] Level 1:colcon.colcon_core.shell:create_environment_hook('controllers', 'pythonpath')
[1.699s] INFO:colcon.colcon_core.shell:Creating environment hook '/home/twip_ws/install/controllers/share/controllers/hook/pythonpath.ps1'
[1.699s] INFO:colcon.colcon_core.shell:Creating environment descriptor '/home/twip_ws/install/controllers/share/controllers/hook/pythonpath.dsv'
[1.700s] INFO:colcon.colcon_core.shell:Creating environment hook '/home/twip_ws/install/controllers/share/controllers/hook/pythonpath.sh'
[1.700s] Level 1:colcon.colcon_core.environment:checking '/home/twip_ws/install/controllers/bin'
[1.700s] Level 1:colcon.colcon_core.environment:create_environment_scripts_only(controllers)
[1.701s] INFO:colcon.colcon_core.shell:Creating package script '/home/twip_ws/install/controllers/share/controllers/package.ps1'
[1.701s] INFO:colcon.colcon_core.shell:Creating package descriptor '/home/twip_ws/install/controllers/share/controllers/package.dsv'
[1.702s] INFO:colcon.colcon_core.shell:Creating package script '/home/twip_ws/install/controllers/share/controllers/package.sh'
[1.702s] INFO:colcon.colcon_core.shell:Creating package script '/home/twip_ws/install/controllers/share/controllers/package.bash'
[1.702s] INFO:colcon.colcon_core.shell:Creating package script '/home/twip_ws/install/controllers/share/controllers/package.zsh'
[1.703s] Level 1:colcon.colcon_core.environment:create_file_with_runtime_dependencies(/home/twip_ws/install/controllers/share/colcon-core/packages/controllers)
[1.704s] Level 1:colcon.colcon_core.shell:create_environment_hook('driver_imu', 'pythonpath_develop')
[1.705s] INFO:colcon.colcon_core.shell:Creating environment hook '/home/twip_ws/build/driver_imu/share/driver_imu/hook/pythonpath_develop.ps1'
[1.706s] INFO:colcon.colcon_core.shell:Creating environment descriptor '/home/twip_ws/build/driver_imu/share/driver_imu/hook/pythonpath_develop.dsv'
[1.706s] DEBUG:colcon.colcon_core.event_handler.log_command:Invoked command in '/home/twip_ws/build/driver_imu' returned '0': PS1=\[\e]0;\u@\h: \w\a\]\[\033[01;37m\]\u\[\033[00m\]@\[\033[01;32m\]\h\[\033[00m\]:\[\033[01;34m\]\w\[\033[00m\] PYTHONPATH=/home/twip_ws/install/driver_imu/lib/python3.10/site-packages:${PYTHONPATH} /usr/bin/python3 setup.py develop --prefix /home/twip_ws/install/driver_imu --editable --build-directory /home/twip_ws/build/driver_imu/build --no-deps install_data --install-dir /home/twip_ws/install/driver_imu
[1.706s] INFO:colcon.colcon_core.shell:Creating environment hook '/home/twip_ws/build/driver_imu/share/driver_imu/hook/pythonpath_develop.sh'
[1.708s] Level 1:colcon.colcon_core.environment:checking '/home/twip_ws/install/driver_imu' for CMake module files
[1.708s] Level 1:colcon.colcon_core.environment:checking '/home/twip_ws/install/driver_imu' for CMake config files
[1.709s] Level 1:colcon.colcon_core.environment:checking '/home/twip_ws/install/driver_imu/lib'
[1.709s] Level 1:colcon.colcon_core.environment:checking '/home/twip_ws/install/driver_imu/bin'
[1.709s] Level 1:colcon.colcon_core.environment:checking '/home/twip_ws/install/driver_imu/lib/pkgconfig/driver_imu.pc'
[1.709s] Level 1:colcon.colcon_core.environment:checking '/home/twip_ws/install/driver_imu/lib/python3.10/site-packages'
[1.709s] Level 1:colcon.colcon_core.shell:create_environment_hook('driver_imu', 'pythonpath')
[1.710s] INFO:colcon.colcon_core.shell:Creating environment hook '/home/twip_ws/install/driver_imu/share/driver_imu/hook/pythonpath.ps1'
[1.710s] INFO:colcon.colcon_core.shell:Creating environment descriptor '/home/twip_ws/install/driver_imu/share/driver_imu/hook/pythonpath.dsv'
[1.711s] INFO:colcon.colcon_core.shell:Creating environment hook '/home/twip_ws/install/driver_imu/share/driver_imu/hook/pythonpath.sh'
[1.711s] Level 1:colcon.colcon_core.environment:checking '/home/twip_ws/install/driver_imu/bin'
[1.711s] Level 1:colcon.colcon_core.environment:create_environment_scripts_only(driver_imu)
[1.712s] INFO:colcon.colcon_core.shell:Creating package script '/home/twip_ws/install/driver_imu/share/driver_imu/package.ps1'
[1.713s] INFO:colcon.colcon_core.shell:Creating package descriptor '/home/twip_ws/install/driver_imu/share/driver_imu/package.dsv'
[1.714s] INFO:colcon.colcon_core.shell:Creating package script '/home/twip_ws/install/driver_imu/share/driver_imu/package.sh'
[1.714s] INFO:colcon.colcon_core.shell:Creating package script '/home/twip_ws/install/driver_imu/share/driver_imu/package.bash'
[1.715s] INFO:colcon.colcon_core.shell:Creating package script '/home/twip_ws/install/driver_imu/share/driver_imu/package.zsh'
[1.715s] Level 1:colcon.colcon_core.environment:create_file_with_runtime_dependencies(/home/twip_ws/install/driver_imu/share/colcon-core/packages/driver_imu)
[1.715s] DEBUG:colcon.colcon_parallel_executor.executor.parallel:closing loop
[1.716s] DEBUG:colcon.colcon_parallel_executor.executor.parallel:loop closed
[1.716s] DEBUG:colcon.colcon_parallel_executor.executor.parallel:run_until_complete finished with '0'
[1.716s] DEBUG:colcon.colcon_core.event_reactor:joining thread
[1.722s] INFO:colcon.colcon_core.plugin_system:Skipping extension 'colcon_notification.desktop_notification.notify_send': Could not find 'notify-send'
[1.722s] INFO:colcon.colcon_core.plugin_system:Skipping extension 'colcon_notification.desktop_notification.terminal_notifier': Not used on non-Darwin systems
[1.722s] INFO:colcon.colcon_core.plugin_system:Skipping extension 'colcon_notification.desktop_notification.win32': Not used on non-Windows systems
[1.722s] INFO:colcon.colcon_notification.desktop_notification:Sending desktop notification using 'notify2'
[1.725s] DEBUG:colcon.colcon_notification.desktop_notification.notify2:Failed to initialize notify2: org.freedesktop.DBus.Error.Spawn.ExecFailed: /usr/bin/dbus-launch terminated abnormally without any error message
[1.725s] DEBUG:colcon.colcon_core.event_reactor:joined thread
[1.727s] INFO:colcon.colcon_core.shell:Creating prefix script '/home/twip_ws/install/local_setup.ps1'
[1.728s] INFO:colcon.colcon_core.shell:Creating prefix util module '/home/twip_ws/install/_local_setup_util_ps1.py'
[1.730s] INFO:colcon.colcon_core.shell:Creating prefix chain script '/home/twip_ws/install/setup.ps1'
[1.731s] INFO:colcon.colcon_core.shell:Creating prefix script '/home/twip_ws/install/local_setup.sh'
[1.732s] INFO:colcon.colcon_core.shell:Creating prefix util module '/home/twip_ws/install/_local_setup_util_sh.py'
[1.732s] INFO:colcon.colcon_core.shell:Creating prefix chain script '/home/twip_ws/install/setup.sh'
[1.734s] INFO:colcon.colcon_core.shell:Creating prefix script '/home/twip_ws/install/local_setup.bash'
[1.734s] INFO:colcon.colcon_core.shell:Creating prefix chain script '/home/twip_ws/install/setup.bash'
[1.736s] INFO:colcon.colcon_core.shell:Creating prefix script '/home/twip_ws/install/local_setup.zsh'
[1.736s] INFO:colcon.colcon_core.shell:Creating prefix chain script '/home/twip_ws/install/setup.zsh'
