running develop
/usr/lib/python3/dist-packages/setuptools/command/easy_install.py:158: EasyInstallDeprecationWarning: easy_install command is deprecated. Use build and pip and other standards-based tools.
  warnings.warn(
/usr/lib/python3/dist-packages/setuptools/command/install.py:34: SetuptoolsDeprecationWarning: setup.py install is deprecated. Use build and pip and other standards-based tools.
  warnings.warn(
running egg_info
creating controllers.egg-info
writing controllers.egg-info/PKG-INFO
writing dependency_links to controllers.egg-info/dependency_links.txt
writing entry points to controllers.egg-info/entry_points.txt
writing requirements to controllers.egg-info/requires.txt
writing top-level names to controllers.egg-info/top_level.txt
writing manifest file 'controllers.egg-info/SOURCES.txt'
reading manifest file 'controllers.egg-info/SOURCES.txt'
writing manifest file 'controllers.egg-info/SOURCES.txt'
running build_ext
Creating /home/twip_ws/install/controllers/lib/python3.10/site-packages/controllers.egg-link (link to .)
Installing run_casadi script to /home/twip_ws/install/controllers/lib/controllers
Installing run_controllers script to /home/twip_ws/install/controllers/lib/controllers

Installed /home/twip_ws/build/controllers
running install_data
creating /home/twip_ws/install/controllers/share/ament_index
creating /home/twip_ws/install/controllers/share/ament_index/resource_index
creating /home/twip_ws/install/controllers/share/ament_index/resource_index/packages
copying resource/controllers -> /home/twip_ws/install/controllers/share/ament_index/resource_index/packages
copying package.xml -> /home/twip_ws/install/controllers/share/controllers
