[0.675s] Invoking command in '/home/twip_ws/build/controllers': PS1=\[\e]0;\u@\h: \w\a\]\[\033[01;37m\]\u\[\033[00m\]@\[\033[01;32m\]\h\[\033[00m\]:\[\033[01;34m\]\w\[\033[00m\] PYTHONPATH=/home/twip_ws/install/controllers/lib/python3.10/site-packages:${PYTHONPATH} /usr/bin/python3 setup.py develop --prefix /home/twip_ws/install/controllers --editable --build-directory /home/twip_ws/build/controllers/build --no-deps install_data --install-dir /home/twip_ws/install/controllers
[0.940s] running develop
[0.940s] /usr/lib/python3/dist-packages/setuptools/command/easy_install.py:158: EasyInstallDeprecationWarning: easy_install command is deprecated. Use build and pip and other standards-based tools.
[0.940s]   warnings.warn(
[0.942s] /usr/lib/python3/dist-packages/setuptools/command/install.py:34: SetuptoolsDeprecationWarning: setup.py install is deprecated. Use build and pip and other standards-based tools.
[0.942s]   warnings.warn(
[1.071s] running egg_info
[1.071s] creating controllers.egg-info
[1.071s] writing controllers.egg-info/PKG-INFO
[1.071s] writing dependency_links to controllers.egg-info/dependency_links.txt
[1.071s] writing entry points to controllers.egg-info/entry_points.txt
[1.071s] writing requirements to controllers.egg-info/requires.txt
[1.071s] writing top-level names to controllers.egg-info/top_level.txt
[1.072s] writing manifest file 'controllers.egg-info/SOURCES.txt'
[1.073s] reading manifest file 'controllers.egg-info/SOURCES.txt'
[1.074s] writing manifest file 'controllers.egg-info/SOURCES.txt'
[1.075s] running build_ext
[1.075s] Creating /home/twip_ws/install/controllers/lib/python3.10/site-packages/controllers.egg-link (link to .)
[1.076s] Installing run_casadi script to /home/twip_ws/install/controllers/lib/controllers
[1.076s] Installing run_controllers script to /home/twip_ws/install/controllers/lib/controllers
[1.076s] 
[1.076s] Installed /home/twip_ws/build/controllers
[1.077s] running install_data
[1.077s] creating /home/twip_ws/install/controllers/share/ament_index
[1.077s] creating /home/twip_ws/install/controllers/share/ament_index/resource_index
[1.077s] creating /home/twip_ws/install/controllers/share/ament_index/resource_index/packages
[1.077s] copying resource/controllers -> /home/twip_ws/install/controllers/share/ament_index/resource_index/packages
[1.077s] copying package.xml -> /home/twip_ws/install/controllers/share/controllers
[1.108s] Invoked command in '/home/twip_ws/build/controllers' returned '0': PS1=\[\e]0;\u@\h: \w\a\]\[\033[01;37m\]\u\[\033[00m\]@\[\033[01;32m\]\h\[\033[00m\]:\[\033[01;34m\]\w\[\033[00m\] PYTHONPATH=/home/twip_ws/install/controllers/lib/python3.10/site-packages:${PYTHONPATH} /usr/bin/python3 setup.py develop --prefix /home/twip_ws/install/controllers --editable --build-directory /home/twip_ws/build/controllers/build --no-deps install_data --install-dir /home/twip_ws/install/controllers
