[0.572s] DEBUG:colcon:Command line arguments: ['/usr/bin/colcon', 'build', '--symlink-install', '--cmake-args', '-DCMAKE_BUILD_TYPE=Release', '--packages-select', 'sim_ros2_interface']
[0.573s] DEBUG:colcon:Parsed command line arguments: Namespace(log_base=None, log_level=None, verb_name='build', build_base='build', install_base='install', merge_install=False, symlink_install=True, test_result_base=None, continue_on_error=False, executor='parallel', parallel_workers=8, event_handlers=None, ignore_user_meta=False, metas=['./colcon.meta'], base_paths=['.'], packages_ignore=None, packages_ignore_regex=None, paths=None, packages_up_to=None, packages_up_to_regex=None, packages_above=None, packages_above_and_dependencies=None, packages_above_depth=None, packages_select_by_dep=None, packages_skip_by_dep=None, packages_skip_up_to=None, packages_select_build_failed=False, packages_skip_build_finished=False, packages_select_test_failures=False, packages_skip_test_passed=False, packages_select=['sim_ros2_interface'], packages_skip=None, packages_select_regex=None, packages_skip_regex=None, packages_start=None, packages_end=None, cmake_args=['-DCMAKE_BUILD_TYPE=Release'], cmake_target=None, cmake_target_skip_unavailable=False, cmake_clean_cache=False, cmake_clean_first=False, cmake_force_configure=False, ament_cmake_args=None, catkin_cmake_args=None, catkin_skip_building_tests=False, mixin_files=None, mixin=None, verb_parser=<colcon_mixin.mixin.mixin_argument.MixinArgumentDecorator object at 0x7f5a34feadd0>, verb_extension=<colcon_core.verb.build.BuildVerb object at 0x7f5a35966a40>, main=<bound method BuildVerb.main of <colcon_core.verb.build.BuildVerb object at 0x7f5a35966a40>>, mixin_verb=('build',))
[0.602s] Level 1:colcon.colcon_core.package_discovery:discover_packages(colcon_meta) check parameters
[0.603s] INFO:colcon.colcon_metadata.package_discovery.colcon_meta:Using configuration from '/root/.colcon/metadata/default/Gazebo.meta'
[0.604s] INFO:colcon.colcon_metadata.package_discovery.colcon_meta:Using configuration from '/root/.colcon/metadata/default/fastrtps.meta'
[0.604s] Level 1:colcon.colcon_core.package_discovery:discover_packages(recursive) check parameters
[0.604s] Level 1:colcon.colcon_core.package_discovery:discover_packages(ignore) check parameters
[0.605s] Level 1:colcon.colcon_core.package_discovery:discover_packages(path) check parameters
[0.605s] Level 1:colcon.colcon_core.package_discovery:discover_packages(colcon_meta) discover
[0.605s] Level 1:colcon.colcon_core.package_discovery:discover_packages(recursive) discover
[0.605s] INFO:colcon.colcon_core.package_discovery:Crawling recursively for packages in '/home/twip_ws'
[0.605s] Level 1:colcon.colcon_core.package_identification:_identify(.) by extensions ['ignore', 'ignore_ament_install']
[0.605s] Level 1:colcon.colcon_core.package_identification:_identify(.) by extension 'ignore'
[0.605s] Level 1:colcon.colcon_core.package_identification:_identify(.) by extension 'ignore_ament_install'
[0.605s] Level 1:colcon.colcon_core.package_identification:_identify(.) by extensions ['colcon_pkg']
[0.605s] Level 1:colcon.colcon_core.package_identification:_identify(.) by extension 'colcon_pkg'
[0.605s] Level 1:colcon.colcon_core.package_identification:_identify(.) by extensions ['colcon_meta']
[0.605s] Level 1:colcon.colcon_core.package_identification:_identify(.) by extension 'colcon_meta'
[0.606s] Level 1:colcon.colcon_core.package_identification:_identify(.) by extensions ['ros']
[0.606s] Level 1:colcon.colcon_core.package_identification:_identify(.) by extension 'ros'
[0.621s] Level 1:colcon.colcon_core.package_identification:_identify(.) by extensions ['cmake', 'python']
[0.621s] Level 1:colcon.colcon_core.package_identification:_identify(.) by extension 'cmake'
[0.622s] Level 1:colcon.colcon_core.package_identification:_identify(.) by extension 'python'
[0.622s] Level 1:colcon.colcon_core.package_identification:_identify(.) by extensions ['python_setup_py']
[0.622s] Level 1:colcon.colcon_core.package_identification:_identify(.) by extension 'python_setup_py'
[0.622s] Level 1:colcon.colcon_core.package_identification:_identify(build) by extensions ['ignore', 'ignore_ament_install']
[0.622s] Level 1:colcon.colcon_core.package_identification:_identify(build) by extension 'ignore'
[0.622s] Level 1:colcon.colcon_core.package_identification:_identify(build) ignored
[0.622s] Level 1:colcon.colcon_core.package_identification:_identify(install) by extensions ['ignore', 'ignore_ament_install']
[0.622s] Level 1:colcon.colcon_core.package_identification:_identify(install) by extension 'ignore'
[0.622s] Level 1:colcon.colcon_core.package_identification:_identify(install) ignored
[0.623s] Level 1:colcon.colcon_core.package_identification:_identify(log) by extensions ['ignore', 'ignore_ament_install']
[0.623s] Level 1:colcon.colcon_core.package_identification:_identify(log) by extension 'ignore'
[0.623s] Level 1:colcon.colcon_core.package_identification:_identify(log) ignored
[0.623s] Level 1:colcon.colcon_core.package_identification:_identify(src) by extensions ['ignore', 'ignore_ament_install']
[0.623s] Level 1:colcon.colcon_core.package_identification:_identify(src) by extension 'ignore'
[0.623s] Level 1:colcon.colcon_core.package_identification:_identify(src) by extension 'ignore_ament_install'
[0.623s] Level 1:colcon.colcon_core.package_identification:_identify(src) by extensions ['colcon_pkg']
[0.624s] Level 1:colcon.colcon_core.package_identification:_identify(src) by extension 'colcon_pkg'
[0.624s] Level 1:colcon.colcon_core.package_identification:_identify(src) by extensions ['colcon_meta']
[0.624s] Level 1:colcon.colcon_core.package_identification:_identify(src) by extension 'colcon_meta'
[0.624s] Level 1:colcon.colcon_core.package_identification:_identify(src) by extensions ['ros']
[0.624s] Level 1:colcon.colcon_core.package_identification:_identify(src) by extension 'ros'
[0.624s] Level 1:colcon.colcon_core.package_identification:_identify(src) by extensions ['cmake', 'python']
[0.624s] Level 1:colcon.colcon_core.package_identification:_identify(src) by extension 'cmake'
[0.624s] Level 1:colcon.colcon_core.package_identification:_identify(src) by extension 'python'
[0.624s] Level 1:colcon.colcon_core.package_identification:_identify(src) by extensions ['python_setup_py']
[0.624s] Level 1:colcon.colcon_core.package_identification:_identify(src) by extension 'python_setup_py'
[0.624s] Level 1:colcon.colcon_core.package_identification:_identify(src/controllers) by extensions ['ignore', 'ignore_ament_install']
[0.625s] Level 1:colcon.colcon_core.package_identification:_identify(src/controllers) by extension 'ignore'
[0.625s] Level 1:colcon.colcon_core.package_identification:_identify(src/controllers) by extension 'ignore_ament_install'
[0.625s] Level 1:colcon.colcon_core.package_identification:_identify(src/controllers) by extensions ['colcon_pkg']
[0.625s] Level 1:colcon.colcon_core.package_identification:_identify(src/controllers) by extension 'colcon_pkg'
[0.625s] Level 1:colcon.colcon_core.package_identification:_identify(src/controllers) by extensions ['colcon_meta']
[0.625s] Level 1:colcon.colcon_core.package_identification:_identify(src/controllers) by extension 'colcon_meta'
[0.625s] Level 1:colcon.colcon_core.package_identification:_identify(src/controllers) by extensions ['ros']
[0.625s] Level 1:colcon.colcon_core.package_identification:_identify(src/controllers) by extension 'ros'
[0.629s] DEBUG:colcon.colcon_core.package_identification:Package 'src/controllers' with type 'ros.ament_python' and name 'controllers'
[0.629s] Level 1:colcon.colcon_core.package_identification:_identify(src/drivers) by extensions ['ignore', 'ignore_ament_install']
[0.629s] Level 1:colcon.colcon_core.package_identification:_identify(src/drivers) by extension 'ignore'
[0.629s] Level 1:colcon.colcon_core.package_identification:_identify(src/drivers) by extension 'ignore_ament_install'
[0.629s] Level 1:colcon.colcon_core.package_identification:_identify(src/drivers) by extensions ['colcon_pkg']
[0.629s] Level 1:colcon.colcon_core.package_identification:_identify(src/drivers) by extension 'colcon_pkg'
[0.629s] Level 1:colcon.colcon_core.package_identification:_identify(src/drivers) by extensions ['colcon_meta']
[0.629s] Level 1:colcon.colcon_core.package_identification:_identify(src/drivers) by extension 'colcon_meta'
[0.629s] Level 1:colcon.colcon_core.package_identification:_identify(src/drivers) by extensions ['ros']
[0.629s] Level 1:colcon.colcon_core.package_identification:_identify(src/drivers) by extension 'ros'
[0.630s] DEBUG:colcon.colcon_core.package_identification:Package 'src/drivers' with type 'ros.ament_python' and name 'driver_imu'
[0.631s] Level 1:colcon.colcon_core.package_identification:_identify(src/external) by extensions ['ignore', 'ignore_ament_install']
[0.631s] Level 1:colcon.colcon_core.package_identification:_identify(src/external) by extension 'ignore'
[0.631s] Level 1:colcon.colcon_core.package_identification:_identify(src/external) by extension 'ignore_ament_install'
[0.631s] Level 1:colcon.colcon_core.package_identification:_identify(src/external) by extensions ['colcon_pkg']
[0.631s] Level 1:colcon.colcon_core.package_identification:_identify(src/external) by extension 'colcon_pkg'
[0.631s] Level 1:colcon.colcon_core.package_identification:_identify(src/external) by extensions ['colcon_meta']
[0.631s] Level 1:colcon.colcon_core.package_identification:_identify(src/external) by extension 'colcon_meta'
[0.631s] Level 1:colcon.colcon_core.package_identification:_identify(src/external) by extensions ['ros']
[0.631s] Level 1:colcon.colcon_core.package_identification:_identify(src/external) by extension 'ros'
[0.631s] Level 1:colcon.colcon_core.package_identification:_identify(src/external) by extensions ['cmake', 'python']
[0.631s] Level 1:colcon.colcon_core.package_identification:_identify(src/external) by extension 'cmake'
[0.631s] Level 1:colcon.colcon_core.package_identification:_identify(src/external) by extension 'python'
[0.631s] Level 1:colcon.colcon_core.package_identification:_identify(src/external) by extensions ['python_setup_py']
[0.631s] Level 1:colcon.colcon_core.package_identification:_identify(src/external) by extension 'python_setup_py'
[0.631s] Level 1:colcon.colcon_core.package_identification:_identify(src/external/ros2_bubble_rob) by extensions ['ignore', 'ignore_ament_install']
[0.632s] Level 1:colcon.colcon_core.package_identification:_identify(src/external/ros2_bubble_rob) by extension 'ignore'
[0.632s] Level 1:colcon.colcon_core.package_identification:_identify(src/external/ros2_bubble_rob) by extension 'ignore_ament_install'
[0.632s] Level 1:colcon.colcon_core.package_identification:_identify(src/external/ros2_bubble_rob) by extensions ['colcon_pkg']
[0.632s] Level 1:colcon.colcon_core.package_identification:_identify(src/external/ros2_bubble_rob) by extension 'colcon_pkg'
[0.632s] Level 1:colcon.colcon_core.package_identification:_identify(src/external/ros2_bubble_rob) by extensions ['colcon_meta']
[0.632s] Level 1:colcon.colcon_core.package_identification:_identify(src/external/ros2_bubble_rob) by extension 'colcon_meta'
[0.632s] Level 1:colcon.colcon_core.package_identification:_identify(src/external/ros2_bubble_rob) by extensions ['ros']
[0.632s] Level 1:colcon.colcon_core.package_identification:_identify(src/external/ros2_bubble_rob) by extension 'ros'
[0.633s] DEBUG:colcon.colcon_core.package_identification:Package 'src/external/ros2_bubble_rob' with type 'ros.ament_cmake' and name 'ros2_bubble_rob'
[0.633s] Level 1:colcon.colcon_core.package_identification:_identify(src/external/simExtROS2) by extensions ['ignore', 'ignore_ament_install']
[0.633s] Level 1:colcon.colcon_core.package_identification:_identify(src/external/simExtROS2) by extension 'ignore'
[0.633s] Level 1:colcon.colcon_core.package_identification:_identify(src/external/simExtROS2) by extension 'ignore_ament_install'
[0.633s] Level 1:colcon.colcon_core.package_identification:_identify(src/external/simExtROS2) by extensions ['colcon_pkg']
[0.633s] Level 1:colcon.colcon_core.package_identification:_identify(src/external/simExtROS2) by extension 'colcon_pkg'
[0.633s] Level 1:colcon.colcon_core.package_identification:_identify(src/external/simExtROS2) by extensions ['colcon_meta']
[0.633s] Level 1:colcon.colcon_core.package_identification:_identify(src/external/simExtROS2) by extension 'colcon_meta'
[0.634s] Level 1:colcon.colcon_core.package_identification:_identify(src/external/simExtROS2) by extensions ['ros']
[0.634s] Level 1:colcon.colcon_core.package_identification:_identify(src/external/simExtROS2) by extension 'ros'
[0.637s] DEBUG:colcon.colcon_core.package_identification:Package 'src/external/simExtROS2' with type 'ros.ament_cmake' and name 'sim_ros2_interface'
[0.638s] Level 1:colcon.colcon_core.package_identification:_identify(src/state_estimator) by extensions ['ignore', 'ignore_ament_install']
[0.638s] Level 1:colcon.colcon_core.package_identification:_identify(src/state_estimator) by extension 'ignore'
[0.638s] Level 1:colcon.colcon_core.package_identification:_identify(src/state_estimator) by extension 'ignore_ament_install'
[0.638s] Level 1:colcon.colcon_core.package_identification:_identify(src/state_estimator) by extensions ['colcon_pkg']
[0.638s] Level 1:colcon.colcon_core.package_identification:_identify(src/state_estimator) by extension 'colcon_pkg'
[0.638s] Level 1:colcon.colcon_core.package_identification:_identify(src/state_estimator) by extensions ['colcon_meta']
[0.638s] Level 1:colcon.colcon_core.package_identification:_identify(src/state_estimator) by extension 'colcon_meta'
[0.638s] Level 1:colcon.colcon_core.package_identification:_identify(src/state_estimator) by extensions ['ros']
[0.638s] Level 1:colcon.colcon_core.package_identification:_identify(src/state_estimator) by extension 'ros'
[0.640s] DEBUG:colcon.colcon_core.package_identification:Package 'src/state_estimator' with type 'ros.ament_cmake' and name 'state_estimator'
[0.640s] Level 1:colcon.colcon_core.package_discovery:discover_packages(recursive) using defaults
[0.640s] Level 1:colcon.colcon_core.package_discovery:discover_packages(ignore) discover
[0.640s] Level 1:colcon.colcon_core.package_discovery:discover_packages(ignore) using defaults
[0.640s] Level 1:colcon.colcon_core.package_discovery:discover_packages(path) discover
[0.640s] Level 1:colcon.colcon_core.package_discovery:discover_packages(path) using defaults
[0.686s] INFO:colcon.colcon_core.package_selection:Skipping not selected package 'controllers' in 'src/controllers'
[0.686s] INFO:colcon.colcon_core.package_selection:Skipping not selected package 'driver_imu' in 'src/drivers'
[0.686s] INFO:colcon.colcon_core.package_selection:Skipping not selected package 'ros2_bubble_rob' in 'src/external/ros2_bubble_rob'
[0.686s] INFO:colcon.colcon_core.package_selection:Skipping not selected package 'state_estimator' in 'src/state_estimator'
[0.687s] Level 5:colcon.colcon_core.verb:set package 'sim_ros2_interface' build argument 'cmake_args' from command line to '['-DCMAKE_BUILD_TYPE=Release']'
[0.687s] Level 5:colcon.colcon_core.verb:set package 'sim_ros2_interface' build argument 'cmake_target' from command line to 'None'
[0.687s] Level 5:colcon.colcon_core.verb:set package 'sim_ros2_interface' build argument 'cmake_target_skip_unavailable' from command line to 'False'
[0.687s] Level 5:colcon.colcon_core.verb:set package 'sim_ros2_interface' build argument 'cmake_clean_cache' from command line to 'False'
[0.687s] Level 5:colcon.colcon_core.verb:set package 'sim_ros2_interface' build argument 'cmake_clean_first' from command line to 'False'
[0.687s] Level 5:colcon.colcon_core.verb:set package 'sim_ros2_interface' build argument 'cmake_force_configure' from command line to 'False'
[0.687s] Level 5:colcon.colcon_core.verb:set package 'sim_ros2_interface' build argument 'ament_cmake_args' from command line to 'None'
[0.687s] Level 5:colcon.colcon_core.verb:set package 'sim_ros2_interface' build argument 'catkin_cmake_args' from command line to 'None'
[0.688s] Level 5:colcon.colcon_core.verb:set package 'sim_ros2_interface' build argument 'catkin_skip_building_tests' from command line to 'False'
[0.688s] DEBUG:colcon.colcon_core.verb:Building package 'sim_ros2_interface' with the following arguments: {'ament_cmake_args': None, 'build_base': '/home/twip_ws/build/sim_ros2_interface', 'catkin_cmake_args': None, 'catkin_skip_building_tests': False, 'cmake_args': ['-DCMAKE_BUILD_TYPE=Release'], 'cmake_clean_cache': False, 'cmake_clean_first': False, 'cmake_force_configure': False, 'cmake_target': None, 'cmake_target_skip_unavailable': False, 'install_base': '/home/twip_ws/install/sim_ros2_interface', 'merge_install': False, 'path': '/home/twip_ws/src/external/simExtROS2', 'symlink_install': True, 'test_result_base': None}
[0.688s] INFO:colcon.colcon_core.executor:Executing jobs using 'parallel' executor
[0.691s] DEBUG:colcon.colcon_parallel_executor.executor.parallel:run_until_complete
[0.691s] INFO:colcon.colcon_ros.task.ament_cmake.build:Building ROS package in '/home/twip_ws/src/external/simExtROS2' with build type 'ament_cmake'
[0.692s] INFO:colcon.colcon_cmake.task.cmake.build:Building CMake package in '/home/twip_ws/src/external/simExtROS2'
[0.697s] INFO:colcon.colcon_core.plugin_system:Skipping extension 'colcon_core.shell.bat': Not used on non-Windows systems
[0.698s] INFO:colcon.colcon_core.shell:Skip shell extension 'powershell' for command environment: Not usable outside of PowerShell
[0.698s] DEBUG:colcon.colcon_core.shell:Skip shell extension 'dsv' for command environment
[0.711s] DEBUG:colcon.colcon_core.event_handler.log_command:Invoking command in '/home/twip_ws/build/sim_ros2_interface': CMAKE_PREFIX_PATH=${CMAKE_PREFIX_PATH}:/home/twip_ws/install/driver_imu:/home/twip_ws/install/controllers:/opt/ros/humble PS1=\[\e]0;\u@\h: \w\a\]\[\033[01;37m\]\u\[\033[00m\]@\[\033[01;32m\]\h\[\033[00m\]:\[\033[01;34m\]\w\[\033[00m\] /usr/bin/cmake --build /home/twip_ws/build/sim_ros2_interface -- -j8 -l8
[166.458s] DEBUG:colcon.colcon_core.event_handler.log_command:Invoked command in '/home/twip_ws/build/sim_ros2_interface' returned '0': CMAKE_PREFIX_PATH=${CMAKE_PREFIX_PATH}:/home/twip_ws/install/driver_imu:/home/twip_ws/install/controllers:/opt/ros/humble PS1=\[\e]0;\u@\h: \w\a\]\[\033[01;37m\]\u\[\033[00m\]@\[\033[01;32m\]\h\[\033[00m\]:\[\033[01;34m\]\w\[\033[00m\] /usr/bin/cmake --build /home/twip_ws/build/sim_ros2_interface -- -j8 -l8
[166.533s] DEBUG:colcon.colcon_core.event_handler.log_command:Invoking command in '/home/twip_ws/build/sim_ros2_interface': CMAKE_PREFIX_PATH=${CMAKE_PREFIX_PATH}:/home/twip_ws/install/driver_imu:/home/twip_ws/install/controllers:/opt/ros/humble PS1=\[\e]0;\u@\h: \w\a\]\[\033[01;37m\]\u\[\033[00m\]@\[\033[01;32m\]\h\[\033[00m\]:\[\033[01;34m\]\w\[\033[00m\] /usr/bin/cmake --install /home/twip_ws/build/sim_ros2_interface
[166.561s] Level 1:colcon.colcon_core.environment:create_environment_scripts_only(sim_ros2_interface)
[166.563s] DEBUG:colcon.colcon_core.event_handler.log_command:Invoked command in '/home/twip_ws/build/sim_ros2_interface' returned '0': CMAKE_PREFIX_PATH=${CMAKE_PREFIX_PATH}:/home/twip_ws/install/driver_imu:/home/twip_ws/install/controllers:/opt/ros/humble PS1=\[\e]0;\u@\h: \w\a\]\[\033[01;37m\]\u\[\033[00m\]@\[\033[01;32m\]\h\[\033[00m\]:\[\033[01;34m\]\w\[\033[00m\] /usr/bin/cmake --install /home/twip_ws/build/sim_ros2_interface
[166.567s] Level 1:colcon.colcon_core.environment:checking '/home/twip_ws/install/sim_ros2_interface' for CMake module files
[166.568s] Level 1:colcon.colcon_core.environment:checking '/home/twip_ws/install/sim_ros2_interface' for CMake config files
[166.569s] Level 1:colcon.colcon_core.shell:create_environment_hook('sim_ros2_interface', 'cmake_prefix_path')
[166.570s] INFO:colcon.colcon_core.shell:Creating environment hook '/home/twip_ws/install/sim_ros2_interface/share/sim_ros2_interface/hook/cmake_prefix_path.ps1'
[166.571s] INFO:colcon.colcon_core.shell:Creating environment descriptor '/home/twip_ws/install/sim_ros2_interface/share/sim_ros2_interface/hook/cmake_prefix_path.dsv'
[166.572s] INFO:colcon.colcon_core.shell:Creating environment hook '/home/twip_ws/install/sim_ros2_interface/share/sim_ros2_interface/hook/cmake_prefix_path.sh'
[166.573s] Level 1:colcon.colcon_core.environment:checking '/home/twip_ws/install/sim_ros2_interface/bin'
[166.574s] Level 1:colcon.colcon_core.environment:checking '/home/twip_ws/install/sim_ros2_interface/lib/pkgconfig/sim_ros2_interface.pc'
[166.575s] Level 1:colcon.colcon_core.environment:checking '/home/twip_ws/install/sim_ros2_interface/lib/python3.10/site-packages'
[166.576s] Level 1:colcon.colcon_core.environment:checking '/home/twip_ws/install/sim_ros2_interface/bin'
[166.577s] INFO:colcon.colcon_core.shell:Creating package script '/home/twip_ws/install/sim_ros2_interface/share/sim_ros2_interface/package.ps1'
[166.578s] INFO:colcon.colcon_core.shell:Creating package descriptor '/home/twip_ws/install/sim_ros2_interface/share/sim_ros2_interface/package.dsv'
[166.579s] INFO:colcon.colcon_core.shell:Creating package script '/home/twip_ws/install/sim_ros2_interface/share/sim_ros2_interface/package.sh'
[166.580s] INFO:colcon.colcon_core.shell:Creating package script '/home/twip_ws/install/sim_ros2_interface/share/sim_ros2_interface/package.bash'
[166.581s] INFO:colcon.colcon_core.shell:Creating package script '/home/twip_ws/install/sim_ros2_interface/share/sim_ros2_interface/package.zsh'
[166.583s] Level 1:colcon.colcon_core.environment:create_file_with_runtime_dependencies(/home/twip_ws/install/sim_ros2_interface/share/colcon-core/packages/sim_ros2_interface)
[166.638s] Level 1:colcon.colcon_core.environment:create_environment_scripts_only(sim_ros2_interface)
[166.640s] Level 1:colcon.colcon_core.environment:checking '/home/twip_ws/install/sim_ros2_interface' for CMake module files
[166.641s] Level 1:colcon.colcon_core.environment:checking '/home/twip_ws/install/sim_ros2_interface' for CMake config files
[166.642s] Level 1:colcon.colcon_core.shell:create_environment_hook('sim_ros2_interface', 'cmake_prefix_path')
[166.643s] INFO:colcon.colcon_core.shell:Creating environment hook '/home/twip_ws/install/sim_ros2_interface/share/sim_ros2_interface/hook/cmake_prefix_path.ps1'
[166.644s] INFO:colcon.colcon_core.shell:Creating environment descriptor '/home/twip_ws/install/sim_ros2_interface/share/sim_ros2_interface/hook/cmake_prefix_path.dsv'
[166.644s] INFO:colcon.colcon_core.shell:Creating environment hook '/home/twip_ws/install/sim_ros2_interface/share/sim_ros2_interface/hook/cmake_prefix_path.sh'
[166.646s] Level 1:colcon.colcon_core.environment:checking '/home/twip_ws/install/sim_ros2_interface/bin'
[166.646s] Level 1:colcon.colcon_core.environment:checking '/home/twip_ws/install/sim_ros2_interface/lib/pkgconfig/sim_ros2_interface.pc'
[166.646s] Level 1:colcon.colcon_core.environment:checking '/home/twip_ws/install/sim_ros2_interface/lib/python3.10/site-packages'
[166.647s] Level 1:colcon.colcon_core.environment:checking '/home/twip_ws/install/sim_ros2_interface/bin'
[166.648s] INFO:colcon.colcon_core.shell:Creating package script '/home/twip_ws/install/sim_ros2_interface/share/sim_ros2_interface/package.ps1'
[166.650s] INFO:colcon.colcon_core.shell:Creating package descriptor '/home/twip_ws/install/sim_ros2_interface/share/sim_ros2_interface/package.dsv'
[166.651s] INFO:colcon.colcon_core.shell:Creating package script '/home/twip_ws/install/sim_ros2_interface/share/sim_ros2_interface/package.sh'
[166.651s] INFO:colcon.colcon_core.shell:Creating package script '/home/twip_ws/install/sim_ros2_interface/share/sim_ros2_interface/package.bash'
[166.652s] INFO:colcon.colcon_core.shell:Creating package script '/home/twip_ws/install/sim_ros2_interface/share/sim_ros2_interface/package.zsh'
[166.653s] Level 1:colcon.colcon_core.environment:create_file_with_runtime_dependencies(/home/twip_ws/install/sim_ros2_interface/share/colcon-core/packages/sim_ros2_interface)
[166.654s] DEBUG:colcon.colcon_parallel_executor.executor.parallel:closing loop
[166.654s] DEBUG:colcon.colcon_parallel_executor.executor.parallel:loop closed
[166.655s] DEBUG:colcon.colcon_parallel_executor.executor.parallel:run_until_complete finished with '0'
[166.655s] DEBUG:colcon.colcon_core.event_reactor:joining thread
[166.665s] INFO:colcon.colcon_core.plugin_system:Skipping extension 'colcon_notification.desktop_notification.notify_send': Could not find 'notify-send'
[166.665s] INFO:colcon.colcon_core.plugin_system:Skipping extension 'colcon_notification.desktop_notification.terminal_notifier': Not used on non-Darwin systems
[166.665s] INFO:colcon.colcon_core.plugin_system:Skipping extension 'colcon_notification.desktop_notification.win32': Not used on non-Windows systems
[166.665s] INFO:colcon.colcon_notification.desktop_notification:Sending desktop notification using 'notify2'
[166.669s] DEBUG:colcon.colcon_notification.desktop_notification.notify2:Failed to initialize notify2: org.freedesktop.DBus.Error.Spawn.ExecFailed: /usr/bin/dbus-launch terminated abnormally without any error message
[166.670s] DEBUG:colcon.colcon_core.event_reactor:joined thread
[166.672s] INFO:colcon.colcon_core.shell:Creating prefix script '/home/twip_ws/install/local_setup.ps1'
[166.674s] INFO:colcon.colcon_core.shell:Creating prefix util module '/home/twip_ws/install/_local_setup_util_ps1.py'
[166.677s] INFO:colcon.colcon_core.shell:Creating prefix chain script '/home/twip_ws/install/setup.ps1'
[166.679s] INFO:colcon.colcon_core.shell:Creating prefix script '/home/twip_ws/install/local_setup.sh'
[166.680s] INFO:colcon.colcon_core.shell:Creating prefix util module '/home/twip_ws/install/_local_setup_util_sh.py'
[166.681s] INFO:colcon.colcon_core.shell:Creating prefix chain script '/home/twip_ws/install/setup.sh'
[166.683s] INFO:colcon.colcon_core.shell:Creating prefix script '/home/twip_ws/install/local_setup.bash'
[166.684s] INFO:colcon.colcon_core.shell:Creating prefix chain script '/home/twip_ws/install/setup.bash'
[166.687s] INFO:colcon.colcon_core.shell:Creating prefix script '/home/twip_ws/install/local_setup.zsh'
[166.688s] INFO:colcon.colcon_core.shell:Creating prefix chain script '/home/twip_ws/install/setup.zsh'
