[0.268s] DEBUG:colcon:Command line arguments: ['/usr/bin/colcon', 'build', '--symlink-install', '--cmake-args', '-DCMAKE_BUILD_TYPE=Release']
[0.269s] DEBUG:colcon:Parsed command line arguments: Namespace(log_base=None, log_level=None, verb_name='build', build_base='build', install_base='install', merge_install=False, symlink_install=True, test_result_base=None, continue_on_error=False, executor='parallel', parallel_workers=8, event_handlers=None, ignore_user_meta=False, metas=['./colcon.meta'], base_paths=['.'], packages_ignore=None, packages_ignore_regex=None, paths=None, packages_up_to=None, packages_up_to_regex=None, packages_above=None, packages_above_and_dependencies=None, packages_above_depth=None, packages_select_by_dep=None, packages_skip_by_dep=None, packages_skip_up_to=None, packages_select_build_failed=False, packages_skip_build_finished=False, packages_select_test_failures=False, packages_skip_test_passed=False, packages_select=None, packages_skip=None, packages_select_regex=None, packages_skip_regex=None, packages_start=None, packages_end=None, cmake_args=['-DCMAKE_BUILD_TYPE=Release'], cmake_target=None, cmake_target_skip_unavailable=False, cmake_clean_cache=False, cmake_clean_first=False, cmake_force_configure=False, ament_cmake_args=None, catkin_cmake_args=None, catkin_skip_building_tests=False, mixin_files=None, mixin=None, verb_parser=<colcon_mixin.mixin.mixin_argument.MixinArgumentDecorator object at 0x7f35708e6d70>, verb_extension=<colcon_core.verb.build.BuildVerb object at 0x7f3571268a00>, main=<bound method BuildVerb.main of <colcon_core.verb.build.BuildVerb object at 0x7f3571268a00>>, mixin_verb=('build',))
[0.290s] Level 1:colcon.colcon_core.package_discovery:discover_packages(colcon_meta) check parameters
[0.291s] INFO:colcon.colcon_metadata.package_discovery.colcon_meta:Using configuration from '/root/.colcon/metadata/default/Gazebo.meta'
[0.292s] INFO:colcon.colcon_metadata.package_discovery.colcon_meta:Using configuration from '/root/.colcon/metadata/default/fastrtps.meta'
[0.292s] Level 1:colcon.colcon_core.package_discovery:discover_packages(recursive) check parameters
[0.292s] Level 1:colcon.colcon_core.package_discovery:discover_packages(ignore) check parameters
[0.292s] Level 1:colcon.colcon_core.package_discovery:discover_packages(path) check parameters
[0.292s] Level 1:colcon.colcon_core.package_discovery:discover_packages(colcon_meta) discover
[0.292s] Level 1:colcon.colcon_core.package_discovery:discover_packages(recursive) discover
[0.292s] INFO:colcon.colcon_core.package_discovery:Crawling recursively for packages in '/home/twip_ws'
[0.292s] Level 1:colcon.colcon_core.package_identification:_identify(.) by extensions ['ignore', 'ignore_ament_install']
[0.293s] Level 1:colcon.colcon_core.package_identification:_identify(.) by extension 'ignore'
[0.293s] Level 1:colcon.colcon_core.package_identification:_identify(.) by extension 'ignore_ament_install'
[0.293s] Level 1:colcon.colcon_core.package_identification:_identify(.) by extensions ['colcon_pkg']
[0.293s] Level 1:colcon.colcon_core.package_identification:_identify(.) by extension 'colcon_pkg'
[0.293s] Level 1:colcon.colcon_core.package_identification:_identify(.) by extensions ['colcon_meta']
[0.293s] Level 1:colcon.colcon_core.package_identification:_identify(.) by extension 'colcon_meta'
[0.293s] Level 1:colcon.colcon_core.package_identification:_identify(.) by extensions ['ros']
[0.293s] Level 1:colcon.colcon_core.package_identification:_identify(.) by extension 'ros'
[0.305s] Level 1:colcon.colcon_core.package_identification:_identify(.) by extensions ['cmake', 'python']
[0.305s] Level 1:colcon.colcon_core.package_identification:_identify(.) by extension 'cmake'
[0.305s] Level 1:colcon.colcon_core.package_identification:_identify(.) by extension 'python'
[0.305s] Level 1:colcon.colcon_core.package_identification:_identify(.) by extensions ['python_setup_py']
[0.305s] Level 1:colcon.colcon_core.package_identification:_identify(.) by extension 'python_setup_py'
[0.305s] Level 1:colcon.colcon_core.package_identification:_identify(build) by extensions ['ignore', 'ignore_ament_install']
[0.305s] Level 1:colcon.colcon_core.package_identification:_identify(build) by extension 'ignore'
[0.305s] Level 1:colcon.colcon_core.package_identification:_identify(build) ignored
[0.306s] Level 1:colcon.colcon_core.package_identification:_identify(install) by extensions ['ignore', 'ignore_ament_install']
[0.306s] Level 1:colcon.colcon_core.package_identification:_identify(install) by extension 'ignore'
[0.306s] Level 1:colcon.colcon_core.package_identification:_identify(install) ignored
[0.306s] Level 1:colcon.colcon_core.package_identification:_identify(log) by extensions ['ignore', 'ignore_ament_install']
[0.306s] Level 1:colcon.colcon_core.package_identification:_identify(log) by extension 'ignore'
[0.306s] Level 1:colcon.colcon_core.package_identification:_identify(log) ignored
[0.306s] Level 1:colcon.colcon_core.package_identification:_identify(src) by extensions ['ignore', 'ignore_ament_install']
[0.306s] Level 1:colcon.colcon_core.package_identification:_identify(src) by extension 'ignore'
[0.306s] Level 1:colcon.colcon_core.package_identification:_identify(src) by extension 'ignore_ament_install'
[0.306s] Level 1:colcon.colcon_core.package_identification:_identify(src) by extensions ['colcon_pkg']
[0.306s] Level 1:colcon.colcon_core.package_identification:_identify(src) by extension 'colcon_pkg'
[0.306s] Level 1:colcon.colcon_core.package_identification:_identify(src) by extensions ['colcon_meta']
[0.306s] Level 1:colcon.colcon_core.package_identification:_identify(src) by extension 'colcon_meta'
[0.307s] Level 1:colcon.colcon_core.package_identification:_identify(src) by extensions ['ros']
[0.307s] Level 1:colcon.colcon_core.package_identification:_identify(src) by extension 'ros'
[0.307s] Level 1:colcon.colcon_core.package_identification:_identify(src) by extensions ['cmake', 'python']
[0.307s] Level 1:colcon.colcon_core.package_identification:_identify(src) by extension 'cmake'
[0.307s] Level 1:colcon.colcon_core.package_identification:_identify(src) by extension 'python'
[0.307s] Level 1:colcon.colcon_core.package_identification:_identify(src) by extensions ['python_setup_py']
[0.307s] Level 1:colcon.colcon_core.package_identification:_identify(src) by extension 'python_setup_py'
[0.307s] Level 1:colcon.colcon_core.package_identification:_identify(src/controllers) by extensions ['ignore', 'ignore_ament_install']
[0.307s] Level 1:colcon.colcon_core.package_identification:_identify(src/controllers) by extension 'ignore'
[0.307s] Level 1:colcon.colcon_core.package_identification:_identify(src/controllers) by extension 'ignore_ament_install'
[0.307s] Level 1:colcon.colcon_core.package_identification:_identify(src/controllers) by extensions ['colcon_pkg']
[0.307s] Level 1:colcon.colcon_core.package_identification:_identify(src/controllers) by extension 'colcon_pkg'
[0.307s] Level 1:colcon.colcon_core.package_identification:_identify(src/controllers) by extensions ['colcon_meta']
[0.307s] Level 1:colcon.colcon_core.package_identification:_identify(src/controllers) by extension 'colcon_meta'
[0.307s] Level 1:colcon.colcon_core.package_identification:_identify(src/controllers) by extensions ['ros']
[0.308s] Level 1:colcon.colcon_core.package_identification:_identify(src/controllers) by extension 'ros'
[0.310s] DEBUG:colcon.colcon_core.package_identification:Package 'src/controllers' with type 'ros.ament_python' and name 'controllers'
[0.310s] Level 1:colcon.colcon_core.package_identification:_identify(src/drivers) by extensions ['ignore', 'ignore_ament_install']
[0.311s] Level 1:colcon.colcon_core.package_identification:_identify(src/drivers) by extension 'ignore'
[0.311s] Level 1:colcon.colcon_core.package_identification:_identify(src/drivers) by extension 'ignore_ament_install'
[0.311s] Level 1:colcon.colcon_core.package_identification:_identify(src/drivers) by extensions ['colcon_pkg']
[0.311s] Level 1:colcon.colcon_core.package_identification:_identify(src/drivers) by extension 'colcon_pkg'
[0.311s] Level 1:colcon.colcon_core.package_identification:_identify(src/drivers) by extensions ['colcon_meta']
[0.311s] Level 1:colcon.colcon_core.package_identification:_identify(src/drivers) by extension 'colcon_meta'
[0.311s] Level 1:colcon.colcon_core.package_identification:_identify(src/drivers) by extensions ['ros']
[0.311s] Level 1:colcon.colcon_core.package_identification:_identify(src/drivers) by extension 'ros'
[0.311s] DEBUG:colcon.colcon_core.package_identification:Package 'src/drivers' with type 'ros.ament_python' and name 'driver_imu'
[0.312s] Level 1:colcon.colcon_core.package_identification:_identify(src/external) by extensions ['ignore', 'ignore_ament_install']
[0.312s] Level 1:colcon.colcon_core.package_identification:_identify(src/external) by extension 'ignore'
[0.312s] Level 1:colcon.colcon_core.package_identification:_identify(src/external) by extension 'ignore_ament_install'
[0.312s] Level 1:colcon.colcon_core.package_identification:_identify(src/external) by extensions ['colcon_pkg']
[0.312s] Level 1:colcon.colcon_core.package_identification:_identify(src/external) by extension 'colcon_pkg'
[0.312s] Level 1:colcon.colcon_core.package_identification:_identify(src/external) by extensions ['colcon_meta']
[0.312s] Level 1:colcon.colcon_core.package_identification:_identify(src/external) by extension 'colcon_meta'
[0.312s] Level 1:colcon.colcon_core.package_identification:_identify(src/external) by extensions ['ros']
[0.312s] Level 1:colcon.colcon_core.package_identification:_identify(src/external) by extension 'ros'
[0.312s] Level 1:colcon.colcon_core.package_identification:_identify(src/external) by extensions ['cmake', 'python']
[0.312s] Level 1:colcon.colcon_core.package_identification:_identify(src/external) by extension 'cmake'
[0.312s] Level 1:colcon.colcon_core.package_identification:_identify(src/external) by extension 'python'
[0.312s] Level 1:colcon.colcon_core.package_identification:_identify(src/external) by extensions ['python_setup_py']
[0.312s] Level 1:colcon.colcon_core.package_identification:_identify(src/external) by extension 'python_setup_py'
[0.313s] Level 1:colcon.colcon_core.package_identification:_identify(src/external/ros2_bubble_rob) by extensions ['ignore', 'ignore_ament_install']
[0.313s] Level 1:colcon.colcon_core.package_identification:_identify(src/external/ros2_bubble_rob) by extension 'ignore'
[0.313s] Level 1:colcon.colcon_core.package_identification:_identify(src/external/ros2_bubble_rob) by extension 'ignore_ament_install'
[0.313s] Level 1:colcon.colcon_core.package_identification:_identify(src/external/ros2_bubble_rob) by extensions ['colcon_pkg']
[0.313s] Level 1:colcon.colcon_core.package_identification:_identify(src/external/ros2_bubble_rob) by extension 'colcon_pkg'
[0.313s] Level 1:colcon.colcon_core.package_identification:_identify(src/external/ros2_bubble_rob) by extensions ['colcon_meta']
[0.313s] Level 1:colcon.colcon_core.package_identification:_identify(src/external/ros2_bubble_rob) by extension 'colcon_meta'
[0.313s] Level 1:colcon.colcon_core.package_identification:_identify(src/external/ros2_bubble_rob) by extensions ['ros']
[0.313s] Level 1:colcon.colcon_core.package_identification:_identify(src/external/ros2_bubble_rob) by extension 'ros'
[0.314s] DEBUG:colcon.colcon_core.package_identification:Package 'src/external/ros2_bubble_rob' with type 'ros.ament_cmake' and name 'ros2_bubble_rob'
[0.314s] Level 1:colcon.colcon_core.package_identification:_identify(src/external/simExtROS2) by extensions ['ignore', 'ignore_ament_install']
[0.314s] Level 1:colcon.colcon_core.package_identification:_identify(src/external/simExtROS2) by extension 'ignore'
[0.314s] Level 1:colcon.colcon_core.package_identification:_identify(src/external/simExtROS2) by extension 'ignore_ament_install'
[0.314s] Level 1:colcon.colcon_core.package_identification:_identify(src/external/simExtROS2) by extensions ['colcon_pkg']
[0.314s] Level 1:colcon.colcon_core.package_identification:_identify(src/external/simExtROS2) by extension 'colcon_pkg'
[0.314s] Level 1:colcon.colcon_core.package_identification:_identify(src/external/simExtROS2) by extensions ['colcon_meta']
[0.314s] Level 1:colcon.colcon_core.package_identification:_identify(src/external/simExtROS2) by extension 'colcon_meta'
[0.314s] Level 1:colcon.colcon_core.package_identification:_identify(src/external/simExtROS2) by extensions ['ros']
[0.314s] Level 1:colcon.colcon_core.package_identification:_identify(src/external/simExtROS2) by extension 'ros'
[0.317s] DEBUG:colcon.colcon_core.package_identification:Package 'src/external/simExtROS2' with type 'ros.ament_cmake' and name 'sim_ros2_interface'
[0.317s] Level 1:colcon.colcon_core.package_identification:_identify(src/state_estimator) by extensions ['ignore', 'ignore_ament_install']
[0.318s] Level 1:colcon.colcon_core.package_identification:_identify(src/state_estimator) by extension 'ignore'
[0.318s] Level 1:colcon.colcon_core.package_identification:_identify(src/state_estimator) by extension 'ignore_ament_install'
[0.318s] Level 1:colcon.colcon_core.package_identification:_identify(src/state_estimator) by extensions ['colcon_pkg']
[0.318s] Level 1:colcon.colcon_core.package_identification:_identify(src/state_estimator) by extension 'colcon_pkg'
[0.318s] Level 1:colcon.colcon_core.package_identification:_identify(src/state_estimator) by extensions ['colcon_meta']
[0.318s] Level 1:colcon.colcon_core.package_identification:_identify(src/state_estimator) by extension 'colcon_meta'
[0.318s] Level 1:colcon.colcon_core.package_identification:_identify(src/state_estimator) by extensions ['ros']
[0.318s] Level 1:colcon.colcon_core.package_identification:_identify(src/state_estimator) by extension 'ros'
[0.319s] DEBUG:colcon.colcon_core.package_identification:Package 'src/state_estimator' with type 'ros.ament_cmake' and name 'state_estimator'
[0.319s] Level 1:colcon.colcon_core.package_discovery:discover_packages(recursive) using defaults
[0.319s] Level 1:colcon.colcon_core.package_discovery:discover_packages(ignore) discover
[0.319s] Level 1:colcon.colcon_core.package_discovery:discover_packages(ignore) using defaults
[0.319s] Level 1:colcon.colcon_core.package_discovery:discover_packages(path) discover
[0.319s] Level 1:colcon.colcon_core.package_discovery:discover_packages(path) using defaults
[0.352s] Level 5:colcon.colcon_core.verb:set package 'controllers' build argument 'cmake_args' from command line to '['-DCMAKE_BUILD_TYPE=Release']'
[0.352s] Level 5:colcon.colcon_core.verb:set package 'controllers' build argument 'cmake_target' from command line to 'None'
[0.352s] Level 5:colcon.colcon_core.verb:set package 'controllers' build argument 'cmake_target_skip_unavailable' from command line to 'False'
[0.352s] Level 5:colcon.colcon_core.verb:set package 'controllers' build argument 'cmake_clean_cache' from command line to 'False'
[0.352s] Level 5:colcon.colcon_core.verb:set package 'controllers' build argument 'cmake_clean_first' from command line to 'False'
[0.352s] Level 5:colcon.colcon_core.verb:set package 'controllers' build argument 'cmake_force_configure' from command line to 'False'
[0.352s] Level 5:colcon.colcon_core.verb:set package 'controllers' build argument 'ament_cmake_args' from command line to 'None'
[0.352s] Level 5:colcon.colcon_core.verb:set package 'controllers' build argument 'catkin_cmake_args' from command line to 'None'
[0.352s] Level 5:colcon.colcon_core.verb:set package 'controllers' build argument 'catkin_skip_building_tests' from command line to 'False'
[0.352s] DEBUG:colcon.colcon_core.verb:Building package 'controllers' with the following arguments: {'ament_cmake_args': None, 'build_base': '/home/twip_ws/build/controllers', 'catkin_cmake_args': None, 'catkin_skip_building_tests': False, 'cmake_args': ['-DCMAKE_BUILD_TYPE=Release'], 'cmake_clean_cache': False, 'cmake_clean_first': False, 'cmake_force_configure': False, 'cmake_target': None, 'cmake_target_skip_unavailable': False, 'install_base': '/home/twip_ws/install/controllers', 'merge_install': False, 'path': '/home/twip_ws/src/controllers', 'symlink_install': True, 'test_result_base': None}
[0.353s] Level 5:colcon.colcon_core.verb:set package 'driver_imu' build argument 'cmake_args' from command line to '['-DCMAKE_BUILD_TYPE=Release']'
[0.353s] Level 5:colcon.colcon_core.verb:set package 'driver_imu' build argument 'cmake_target' from command line to 'None'
[0.353s] Level 5:colcon.colcon_core.verb:set package 'driver_imu' build argument 'cmake_target_skip_unavailable' from command line to 'False'
[0.353s] Level 5:colcon.colcon_core.verb:set package 'driver_imu' build argument 'cmake_clean_cache' from command line to 'False'
[0.353s] Level 5:colcon.colcon_core.verb:set package 'driver_imu' build argument 'cmake_clean_first' from command line to 'False'
[0.353s] Level 5:colcon.colcon_core.verb:set package 'driver_imu' build argument 'cmake_force_configure' from command line to 'False'
[0.353s] Level 5:colcon.colcon_core.verb:set package 'driver_imu' build argument 'ament_cmake_args' from command line to 'None'
[0.353s] Level 5:colcon.colcon_core.verb:set package 'driver_imu' build argument 'catkin_cmake_args' from command line to 'None'
[0.353s] Level 5:colcon.colcon_core.verb:set package 'driver_imu' build argument 'catkin_skip_building_tests' from command line to 'False'
[0.353s] DEBUG:colcon.colcon_core.verb:Building package 'driver_imu' with the following arguments: {'ament_cmake_args': None, 'build_base': '/home/twip_ws/build/driver_imu', 'catkin_cmake_args': None, 'catkin_skip_building_tests': False, 'cmake_args': ['-DCMAKE_BUILD_TYPE=Release'], 'cmake_clean_cache': False, 'cmake_clean_first': False, 'cmake_force_configure': False, 'cmake_target': None, 'cmake_target_skip_unavailable': False, 'install_base': '/home/twip_ws/install/driver_imu', 'merge_install': False, 'path': '/home/twip_ws/src/drivers', 'symlink_install': True, 'test_result_base': None}
[0.354s] Level 5:colcon.colcon_core.verb:set package 'ros2_bubble_rob' build argument 'cmake_args' from command line to '['-DCMAKE_BUILD_TYPE=Release']'
[0.354s] Level 5:colcon.colcon_core.verb:set package 'ros2_bubble_rob' build argument 'cmake_target' from command line to 'None'
[0.354s] Level 5:colcon.colcon_core.verb:set package 'ros2_bubble_rob' build argument 'cmake_target_skip_unavailable' from command line to 'False'
[0.354s] Level 5:colcon.colcon_core.verb:set package 'ros2_bubble_rob' build argument 'cmake_clean_cache' from command line to 'False'
[0.354s] Level 5:colcon.colcon_core.verb:set package 'ros2_bubble_rob' build argument 'cmake_clean_first' from command line to 'False'
[0.354s] Level 5:colcon.colcon_core.verb:set package 'ros2_bubble_rob' build argument 'cmake_force_configure' from command line to 'False'
[0.354s] Level 5:colcon.colcon_core.verb:set package 'ros2_bubble_rob' build argument 'ament_cmake_args' from command line to 'None'
[0.354s] Level 5:colcon.colcon_core.verb:set package 'ros2_bubble_rob' build argument 'catkin_cmake_args' from command line to 'None'
[0.354s] Level 5:colcon.colcon_core.verb:set package 'ros2_bubble_rob' build argument 'catkin_skip_building_tests' from command line to 'False'
[0.354s] DEBUG:colcon.colcon_core.verb:Building package 'ros2_bubble_rob' with the following arguments: {'ament_cmake_args': None, 'build_base': '/home/twip_ws/build/ros2_bubble_rob', 'catkin_cmake_args': None, 'catkin_skip_building_tests': False, 'cmake_args': ['-DCMAKE_BUILD_TYPE=Release'], 'cmake_clean_cache': False, 'cmake_clean_first': False, 'cmake_force_configure': False, 'cmake_target': None, 'cmake_target_skip_unavailable': False, 'install_base': '/home/twip_ws/install/ros2_bubble_rob', 'merge_install': False, 'path': '/home/twip_ws/src/external/ros2_bubble_rob', 'symlink_install': True, 'test_result_base': None}
[0.355s] Level 5:colcon.colcon_core.verb:set package 'sim_ros2_interface' build argument 'cmake_args' from command line to '['-DCMAKE_BUILD_TYPE=Release']'
[0.355s] Level 5:colcon.colcon_core.verb:set package 'sim_ros2_interface' build argument 'cmake_target' from command line to 'None'
[0.355s] Level 5:colcon.colcon_core.verb:set package 'sim_ros2_interface' build argument 'cmake_target_skip_unavailable' from command line to 'False'
[0.355s] Level 5:colcon.colcon_core.verb:set package 'sim_ros2_interface' build argument 'cmake_clean_cache' from command line to 'False'
[0.355s] Level 5:colcon.colcon_core.verb:set package 'sim_ros2_interface' build argument 'cmake_clean_first' from command line to 'False'
[0.355s] Level 5:colcon.colcon_core.verb:set package 'sim_ros2_interface' build argument 'cmake_force_configure' from command line to 'False'
[0.355s] Level 5:colcon.colcon_core.verb:set package 'sim_ros2_interface' build argument 'ament_cmake_args' from command line to 'None'
[0.355s] Level 5:colcon.colcon_core.verb:set package 'sim_ros2_interface' build argument 'catkin_cmake_args' from command line to 'None'
[0.355s] Level 5:colcon.colcon_core.verb:set package 'sim_ros2_interface' build argument 'catkin_skip_building_tests' from command line to 'False'
[0.355s] DEBUG:colcon.colcon_core.verb:Building package 'sim_ros2_interface' with the following arguments: {'ament_cmake_args': None, 'build_base': '/home/twip_ws/build/sim_ros2_interface', 'catkin_cmake_args': None, 'catkin_skip_building_tests': False, 'cmake_args': ['-DCMAKE_BUILD_TYPE=Release'], 'cmake_clean_cache': False, 'cmake_clean_first': False, 'cmake_force_configure': False, 'cmake_target': None, 'cmake_target_skip_unavailable': False, 'install_base': '/home/twip_ws/install/sim_ros2_interface', 'merge_install': False, 'path': '/home/twip_ws/src/external/simExtROS2', 'symlink_install': True, 'test_result_base': None}
[0.356s] Level 5:colcon.colcon_core.verb:set package 'state_estimator' build argument 'cmake_args' from command line to '['-DCMAKE_BUILD_TYPE=Release']'
[0.356s] Level 5:colcon.colcon_core.verb:set package 'state_estimator' build argument 'cmake_target' from command line to 'None'
[0.356s] Level 5:colcon.colcon_core.verb:set package 'state_estimator' build argument 'cmake_target_skip_unavailable' from command line to 'False'
[0.356s] Level 5:colcon.colcon_core.verb:set package 'state_estimator' build argument 'cmake_clean_cache' from command line to 'False'
[0.356s] Level 5:colcon.colcon_core.verb:set package 'state_estimator' build argument 'cmake_clean_first' from command line to 'False'
[0.356s] Level 5:colcon.colcon_core.verb:set package 'state_estimator' build argument 'cmake_force_configure' from command line to 'False'
[0.357s] Level 5:colcon.colcon_core.verb:set package 'state_estimator' build argument 'ament_cmake_args' from command line to 'None'
[0.357s] Level 5:colcon.colcon_core.verb:set package 'state_estimator' build argument 'catkin_cmake_args' from command line to 'None'
[0.357s] Level 5:colcon.colcon_core.verb:set package 'state_estimator' build argument 'catkin_skip_building_tests' from command line to 'False'
[0.357s] DEBUG:colcon.colcon_core.verb:Building package 'state_estimator' with the following arguments: {'ament_cmake_args': None, 'build_base': '/home/twip_ws/build/state_estimator', 'catkin_cmake_args': None, 'catkin_skip_building_tests': False, 'cmake_args': ['-DCMAKE_BUILD_TYPE=Release'], 'cmake_clean_cache': False, 'cmake_clean_first': False, 'cmake_force_configure': False, 'cmake_target': None, 'cmake_target_skip_unavailable': False, 'install_base': '/home/twip_ws/install/state_estimator', 'merge_install': False, 'path': '/home/twip_ws/src/state_estimator', 'symlink_install': True, 'test_result_base': None}
[0.357s] INFO:colcon.colcon_core.executor:Executing jobs using 'parallel' executor
[0.360s] DEBUG:colcon.colcon_parallel_executor.executor.parallel:run_until_complete
[0.361s] INFO:colcon.colcon_ros.task.ament_python.build:Building ROS package in '/home/twip_ws/src/controllers' with build type 'ament_python'
[0.361s] Level 1:colcon.colcon_core.shell:create_environment_hook('controllers', 'ament_prefix_path')
[0.365s] INFO:colcon.colcon_core.plugin_system:Skipping extension 'colcon_core.shell.bat': Not used on non-Windows systems
[0.366s] INFO:colcon.colcon_core.shell:Creating environment hook '/home/twip_ws/install/controllers/share/controllers/hook/ament_prefix_path.ps1'
[0.366s] INFO:colcon.colcon_core.shell:Creating environment descriptor '/home/twip_ws/install/controllers/share/controllers/hook/ament_prefix_path.dsv'
[0.367s] INFO:colcon.colcon_core.shell:Creating environment hook '/home/twip_ws/install/controllers/share/controllers/hook/ament_prefix_path.sh'
[0.368s] INFO:colcon.colcon_core.shell:Skip shell extension 'powershell' for command environment: Not usable outside of PowerShell
[0.369s] DEBUG:colcon.colcon_core.shell:Skip shell extension 'dsv' for command environment
[0.374s] INFO:colcon.colcon_ros.task.ament_python.build:Building ROS package in '/home/twip_ws/src/drivers' with build type 'ament_python'
[0.375s] Level 1:colcon.colcon_core.shell:create_environment_hook('driver_imu', 'ament_prefix_path')
[0.376s] INFO:colcon.colcon_core.shell:Creating environment hook '/home/twip_ws/install/driver_imu/share/driver_imu/hook/ament_prefix_path.ps1'
[0.376s] INFO:colcon.colcon_core.shell:Creating environment descriptor '/home/twip_ws/install/driver_imu/share/driver_imu/hook/ament_prefix_path.dsv'
[0.377s] INFO:colcon.colcon_core.shell:Creating environment hook '/home/twip_ws/install/driver_imu/share/driver_imu/hook/ament_prefix_path.sh'
[0.378s] INFO:colcon.colcon_core.shell:Skip shell extension 'powershell' for command environment: Not usable outside of PowerShell
[0.378s] DEBUG:colcon.colcon_core.shell:Skip shell extension 'dsv' for command environment
[0.382s] INFO:colcon.colcon_ros.task.ament_cmake.build:Building ROS package in '/home/twip_ws/src/external/ros2_bubble_rob' with build type 'ament_cmake'
[0.382s] INFO:colcon.colcon_cmake.task.cmake.build:Building CMake package in '/home/twip_ws/src/external/ros2_bubble_rob'
[0.383s] INFO:colcon.colcon_core.shell:Skip shell extension 'powershell' for command environment: Not usable outside of PowerShell
[0.383s] DEBUG:colcon.colcon_core.shell:Skip shell extension 'dsv' for command environment
[0.387s] INFO:colcon.colcon_ros.task.ament_cmake.build:Building ROS package in '/home/twip_ws/src/external/simExtROS2' with build type 'ament_cmake'
[0.387s] INFO:colcon.colcon_cmake.task.cmake.build:Building CMake package in '/home/twip_ws/src/external/simExtROS2'
[0.388s] INFO:colcon.colcon_core.shell:Skip shell extension 'powershell' for command environment: Not usable outside of PowerShell
[0.388s] DEBUG:colcon.colcon_core.shell:Skip shell extension 'dsv' for command environment
[0.394s] INFO:colcon.colcon_ros.task.ament_cmake.build:Building ROS package in '/home/twip_ws/src/state_estimator' with build type 'ament_cmake'
[0.394s] INFO:colcon.colcon_cmake.task.cmake.build:Building CMake package in '/home/twip_ws/src/state_estimator'
[0.395s] INFO:colcon.colcon_core.shell:Skip shell extension 'powershell' for command environment: Not usable outside of PowerShell
[0.395s] DEBUG:colcon.colcon_core.shell:Skip shell extension 'dsv' for command environment
[0.673s] INFO:colcon.colcon_core.task.python.build:Building Python package in '/home/twip_ws/src/controllers'
[0.674s] INFO:colcon.colcon_core.shell:Skip shell extension 'powershell' for command environment: Not usable outside of PowerShell
[0.674s] DEBUG:colcon.colcon_core.shell:Skip shell extension 'dsv' for command environment
[0.934s] INFO:colcon.colcon_core.task.python.build:Building Python package in '/home/twip_ws/src/drivers'
[0.935s] INFO:colcon.colcon_core.shell:Skip shell extension 'powershell' for command environment: Not usable outside of PowerShell
[0.939s] DEBUG:colcon.colcon_core.shell:Skip shell extension 'dsv' for command environment
[0.952s] DEBUG:colcon.colcon_core.event_handler.log_command:Invoking command in '/home/twip_ws/build/ros2_bubble_rob': CMAKE_PREFIX_PATH=${CMAKE_PREFIX_PATH}:/home/twip_ws/install/driver_imu:/home/twip_ws/install/controllers:/opt/ros/humble PS1=\[\e]0;\u@\h: \w\a\]\[\033[01;37m\]\u\[\033[00m\]@\[\033[01;32m\]\h\[\033[00m\]:\[\033[01;34m\]\w\[\033[00m\] /usr/bin/cmake --build /home/twip_ws/build/ros2_bubble_rob -- -j8 -l8
[0.956s] DEBUG:colcon.colcon_core.event_handler.log_command:Invoking command in '/home/twip_ws/build/sim_ros2_interface': CMAKE_PREFIX_PATH=${CMAKE_PREFIX_PATH}:/home/twip_ws/install/driver_imu:/home/twip_ws/install/controllers:/opt/ros/humble PS1=\[\e]0;\u@\h: \w\a\]\[\033[01;37m\]\u\[\033[00m\]@\[\033[01;32m\]\h\[\033[00m\]:\[\033[01;34m\]\w\[\033[00m\] /usr/bin/cmake --build /home/twip_ws/build/sim_ros2_interface -- -j8 -l8
[0.964s] DEBUG:colcon.colcon_core.event_handler.log_command:Invoking command in '/home/twip_ws/build/state_estimator': CMAKE_PREFIX_PATH=${CMAKE_PREFIX_PATH}:/home/twip_ws/install/driver_imu:/home/twip_ws/install/controllers:/opt/ros/humble PS1=\[\e]0;\u@\h: \w\a\]\[\033[01;37m\]\u\[\033[00m\]@\[\033[01;32m\]\h\[\033[00m\]:\[\033[01;34m\]\w\[\033[00m\] /usr/bin/cmake --build /home/twip_ws/build/state_estimator -- -j8 -l8
[1.091s] DEBUG:colcon.colcon_core.event_handler.log_command:Invoked command in '/home/twip_ws/build/ros2_bubble_rob' returned '0': CMAKE_PREFIX_PATH=${CMAKE_PREFIX_PATH}:/home/twip_ws/install/driver_imu:/home/twip_ws/install/controllers:/opt/ros/humble PS1=\[\e]0;\u@\h: \w\a\]\[\033[01;37m\]\u\[\033[00m\]@\[\033[01;32m\]\h\[\033[00m\]:\[\033[01;34m\]\w\[\033[00m\] /usr/bin/cmake --build /home/twip_ws/build/ros2_bubble_rob -- -j8 -l8
[1.212s] DEBUG:colcon.colcon_core.event_handler.log_command:Invoking command in '/home/twip_ws/build/ros2_bubble_rob': CMAKE_PREFIX_PATH=${CMAKE_PREFIX_PATH}:/home/twip_ws/install/driver_imu:/home/twip_ws/install/controllers:/opt/ros/humble PS1=\[\e]0;\u@\h: \w\a\]\[\033[01;37m\]\u\[\033[00m\]@\[\033[01;32m\]\h\[\033[00m\]:\[\033[01;34m\]\w\[\033[00m\] /usr/bin/cmake --install /home/twip_ws/build/ros2_bubble_rob
[1.248s] DEBUG:colcon.colcon_core.event_handler.log_command:Invoked command in '/home/twip_ws/build/state_estimator' returned '0': CMAKE_PREFIX_PATH=${CMAKE_PREFIX_PATH}:/home/twip_ws/install/driver_imu:/home/twip_ws/install/controllers:/opt/ros/humble PS1=\[\e]0;\u@\h: \w\a\]\[\033[01;37m\]\u\[\033[00m\]@\[\033[01;32m\]\h\[\033[00m\]:\[\033[01;34m\]\w\[\033[00m\] /usr/bin/cmake --build /home/twip_ws/build/state_estimator -- -j8 -l8
[1.297s] Level 1:colcon.colcon_core.environment:create_environment_scripts_only(ros2_bubble_rob)
[1.307s] Level 1:colcon.colcon_core.environment:checking '/home/twip_ws/install/ros2_bubble_rob' for CMake module files
[1.308s] DEBUG:colcon.colcon_core.event_handler.log_command:Invoked command in '/home/twip_ws/build/ros2_bubble_rob' returned '0': CMAKE_PREFIX_PATH=${CMAKE_PREFIX_PATH}:/home/twip_ws/install/driver_imu:/home/twip_ws/install/controllers:/opt/ros/humble PS1=\[\e]0;\u@\h: \w\a\]\[\033[01;37m\]\u\[\033[00m\]@\[\033[01;32m\]\h\[\033[00m\]:\[\033[01;34m\]\w\[\033[00m\] /usr/bin/cmake --install /home/twip_ws/build/ros2_bubble_rob
[1.310s] Level 1:colcon.colcon_core.environment:checking '/home/twip_ws/install/ros2_bubble_rob' for CMake config files
[1.324s] Level 1:colcon.colcon_core.shell:create_environment_hook('ros2_bubble_rob', 'cmake_prefix_path')
[1.326s] INFO:colcon.colcon_core.shell:Creating environment hook '/home/twip_ws/install/ros2_bubble_rob/share/ros2_bubble_rob/hook/cmake_prefix_path.ps1'
[1.327s] INFO:colcon.colcon_core.shell:Creating environment descriptor '/home/twip_ws/install/ros2_bubble_rob/share/ros2_bubble_rob/hook/cmake_prefix_path.dsv'
[1.328s] INFO:colcon.colcon_core.shell:Creating environment hook '/home/twip_ws/install/ros2_bubble_rob/share/ros2_bubble_rob/hook/cmake_prefix_path.sh'
[1.330s] Level 1:colcon.colcon_core.environment:checking '/home/twip_ws/install/ros2_bubble_rob/lib'
[1.330s] Level 1:colcon.colcon_core.environment:checking '/home/twip_ws/install/ros2_bubble_rob/bin'
[1.331s] Level 1:colcon.colcon_core.environment:checking '/home/twip_ws/install/ros2_bubble_rob/lib/pkgconfig/ros2_bubble_rob.pc'
[1.331s] Level 1:colcon.colcon_core.environment:checking '/home/twip_ws/install/ros2_bubble_rob/lib/python3.10/site-packages'
[1.332s] Level 1:colcon.colcon_core.environment:checking '/home/twip_ws/install/ros2_bubble_rob/bin'
[1.334s] INFO:colcon.colcon_core.shell:Creating package script '/home/twip_ws/install/ros2_bubble_rob/share/ros2_bubble_rob/package.ps1'
[1.336s] INFO:colcon.colcon_core.shell:Creating package descriptor '/home/twip_ws/install/ros2_bubble_rob/share/ros2_bubble_rob/package.dsv'
[1.337s] INFO:colcon.colcon_core.shell:Creating package script '/home/twip_ws/install/ros2_bubble_rob/share/ros2_bubble_rob/package.sh'
[1.348s] INFO:colcon.colcon_core.shell:Creating package script '/home/twip_ws/install/ros2_bubble_rob/share/ros2_bubble_rob/package.bash'
[1.350s] INFO:colcon.colcon_core.shell:Creating package script '/home/twip_ws/install/ros2_bubble_rob/share/ros2_bubble_rob/package.zsh'
[1.352s] Level 1:colcon.colcon_core.environment:create_file_with_runtime_dependencies(/home/twip_ws/install/ros2_bubble_rob/share/colcon-core/packages/ros2_bubble_rob)
[1.552s] DEBUG:colcon.colcon_core.event_handler.log_command:Invoking command in '/home/twip_ws/build/state_estimator': CMAKE_PREFIX_PATH=${CMAKE_PREFIX_PATH}:/home/twip_ws/install/driver_imu:/home/twip_ws/install/controllers:/opt/ros/humble PS1=\[\e]0;\u@\h: \w\a\]\[\033[01;37m\]\u\[\033[00m\]@\[\033[01;32m\]\h\[\033[00m\]:\[\033[01;34m\]\w\[\033[00m\] /usr/bin/cmake --install /home/twip_ws/build/state_estimator
[1.606s] Level 1:colcon.colcon_core.environment:create_environment_scripts_only(state_estimator)
[1.608s] Level 1:colcon.colcon_core.environment:checking '/home/twip_ws/install/state_estimator' for CMake module files
[1.609s] DEBUG:colcon.colcon_core.event_handler.log_command:Invoked command in '/home/twip_ws/build/state_estimator' returned '0': CMAKE_PREFIX_PATH=${CMAKE_PREFIX_PATH}:/home/twip_ws/install/driver_imu:/home/twip_ws/install/controllers:/opt/ros/humble PS1=\[\e]0;\u@\h: \w\a\]\[\033[01;37m\]\u\[\033[00m\]@\[\033[01;32m\]\h\[\033[00m\]:\[\033[01;34m\]\w\[\033[00m\] /usr/bin/cmake --install /home/twip_ws/build/state_estimator
[1.610s] Level 1:colcon.colcon_core.environment:checking '/home/twip_ws/install/state_estimator' for CMake config files
[1.610s] Level 1:colcon.colcon_core.shell:create_environment_hook('state_estimator', 'cmake_prefix_path')
[1.612s] INFO:colcon.colcon_core.shell:Creating environment hook '/home/twip_ws/install/state_estimator/share/state_estimator/hook/cmake_prefix_path.ps1'
[1.613s] INFO:colcon.colcon_core.shell:Creating environment descriptor '/home/twip_ws/install/state_estimator/share/state_estimator/hook/cmake_prefix_path.dsv'
[1.613s] INFO:colcon.colcon_core.shell:Creating environment hook '/home/twip_ws/install/state_estimator/share/state_estimator/hook/cmake_prefix_path.sh'
[1.614s] Level 1:colcon.colcon_core.environment:checking '/home/twip_ws/install/state_estimator/lib'
[1.615s] Level 1:colcon.colcon_core.environment:checking '/home/twip_ws/install/state_estimator/bin'
[1.615s] Level 1:colcon.colcon_core.environment:checking '/home/twip_ws/install/state_estimator/lib/pkgconfig/state_estimator.pc'
[1.615s] Level 1:colcon.colcon_core.environment:checking '/home/twip_ws/install/state_estimator/lib/python3.10/site-packages'
[1.616s] Level 1:colcon.colcon_core.environment:checking '/home/twip_ws/install/state_estimator/bin'
[1.617s] INFO:colcon.colcon_core.shell:Creating package script '/home/twip_ws/install/state_estimator/share/state_estimator/package.ps1'
[1.618s] INFO:colcon.colcon_core.shell:Creating package descriptor '/home/twip_ws/install/state_estimator/share/state_estimator/package.dsv'
[1.619s] INFO:colcon.colcon_core.shell:Creating package script '/home/twip_ws/install/state_estimator/share/state_estimator/package.sh'
[1.620s] INFO:colcon.colcon_core.shell:Creating package script '/home/twip_ws/install/state_estimator/share/state_estimator/package.bash'
[1.625s] INFO:colcon.colcon_core.shell:Creating package script '/home/twip_ws/install/state_estimator/share/state_estimator/package.zsh'
[1.626s] Level 1:colcon.colcon_core.environment:create_file_with_runtime_dependencies(/home/twip_ws/install/state_estimator/share/colcon-core/packages/state_estimator)
[1.650s] Level 1:colcon.colcon_core.environment:create_environment_scripts_only(ros2_bubble_rob)
[1.652s] Level 1:colcon.colcon_core.environment:checking '/home/twip_ws/install/ros2_bubble_rob' for CMake module files
[1.654s] Level 1:colcon.colcon_core.environment:checking '/home/twip_ws/install/ros2_bubble_rob' for CMake config files
[1.654s] Level 1:colcon.colcon_core.shell:create_environment_hook('ros2_bubble_rob', 'cmake_prefix_path')
[1.655s] INFO:colcon.colcon_core.shell:Creating environment hook '/home/twip_ws/install/ros2_bubble_rob/share/ros2_bubble_rob/hook/cmake_prefix_path.ps1'
[1.656s] INFO:colcon.colcon_core.shell:Creating environment descriptor '/home/twip_ws/install/ros2_bubble_rob/share/ros2_bubble_rob/hook/cmake_prefix_path.dsv'
[1.657s] INFO:colcon.colcon_core.shell:Creating environment hook '/home/twip_ws/install/ros2_bubble_rob/share/ros2_bubble_rob/hook/cmake_prefix_path.sh'
[1.658s] Level 1:colcon.colcon_core.environment:checking '/home/twip_ws/install/ros2_bubble_rob/lib'
[1.658s] Level 1:colcon.colcon_core.environment:checking '/home/twip_ws/install/ros2_bubble_rob/bin'
[1.658s] Level 1:colcon.colcon_core.environment:checking '/home/twip_ws/install/ros2_bubble_rob/lib/pkgconfig/ros2_bubble_rob.pc'
[1.658s] Level 1:colcon.colcon_core.environment:checking '/home/twip_ws/install/ros2_bubble_rob/lib/python3.10/site-packages'
[1.659s] Level 1:colcon.colcon_core.environment:checking '/home/twip_ws/install/ros2_bubble_rob/bin'
[1.660s] INFO:colcon.colcon_core.shell:Creating package script '/home/twip_ws/install/ros2_bubble_rob/share/ros2_bubble_rob/package.ps1'
[1.662s] INFO:colcon.colcon_core.shell:Creating package descriptor '/home/twip_ws/install/ros2_bubble_rob/share/ros2_bubble_rob/package.dsv'
[1.663s] INFO:colcon.colcon_core.shell:Creating package script '/home/twip_ws/install/ros2_bubble_rob/share/ros2_bubble_rob/package.sh'
[1.663s] INFO:colcon.colcon_core.shell:Creating package script '/home/twip_ws/install/ros2_bubble_rob/share/ros2_bubble_rob/package.bash'
[1.679s] INFO:colcon.colcon_core.shell:Creating package script '/home/twip_ws/install/ros2_bubble_rob/share/ros2_bubble_rob/package.zsh'
[1.680s] Level 1:colcon.colcon_core.environment:create_file_with_runtime_dependencies(/home/twip_ws/install/ros2_bubble_rob/share/colcon-core/packages/ros2_bubble_rob)
[1.808s] Level 1:colcon.colcon_core.environment:create_environment_scripts_only(state_estimator)
[1.810s] Level 1:colcon.colcon_core.environment:checking '/home/twip_ws/install/state_estimator' for CMake module files
[1.811s] Level 1:colcon.colcon_core.environment:checking '/home/twip_ws/install/state_estimator' for CMake config files
[1.812s] Level 1:colcon.colcon_core.shell:create_environment_hook('state_estimator', 'cmake_prefix_path')
[1.813s] INFO:colcon.colcon_core.shell:Creating environment hook '/home/twip_ws/install/state_estimator/share/state_estimator/hook/cmake_prefix_path.ps1'
[1.814s] INFO:colcon.colcon_core.shell:Creating environment descriptor '/home/twip_ws/install/state_estimator/share/state_estimator/hook/cmake_prefix_path.dsv'
[1.815s] INFO:colcon.colcon_core.shell:Creating environment hook '/home/twip_ws/install/state_estimator/share/state_estimator/hook/cmake_prefix_path.sh'
[1.816s] Level 1:colcon.colcon_core.environment:checking '/home/twip_ws/install/state_estimator/lib'
[1.816s] Level 1:colcon.colcon_core.environment:checking '/home/twip_ws/install/state_estimator/bin'
[1.816s] Level 1:colcon.colcon_core.environment:checking '/home/twip_ws/install/state_estimator/lib/pkgconfig/state_estimator.pc'
[1.817s] Level 1:colcon.colcon_core.environment:checking '/home/twip_ws/install/state_estimator/lib/python3.10/site-packages'
[1.817s] Level 1:colcon.colcon_core.environment:checking '/home/twip_ws/install/state_estimator/bin'
[1.819s] INFO:colcon.colcon_core.shell:Creating package script '/home/twip_ws/install/state_estimator/share/state_estimator/package.ps1'
[1.826s] INFO:colcon.colcon_core.shell:Creating package descriptor '/home/twip_ws/install/state_estimator/share/state_estimator/package.dsv'
[1.827s] INFO:colcon.colcon_core.shell:Creating package script '/home/twip_ws/install/state_estimator/share/state_estimator/package.sh'
[1.845s] INFO:colcon.colcon_core.shell:Creating package script '/home/twip_ws/install/state_estimator/share/state_estimator/package.bash'
[1.846s] INFO:colcon.colcon_core.shell:Creating package script '/home/twip_ws/install/state_estimator/share/state_estimator/package.zsh'
[1.846s] Level 1:colcon.colcon_core.environment:create_file_with_runtime_dependencies(/home/twip_ws/install/state_estimator/share/colcon-core/packages/state_estimator)
[1.950s] DEBUG:colcon.colcon_core.event_handler.log_command:Invoking command in '/home/twip_ws/build/controllers': PS1=\[\e]0;\u@\h: \w\a\]\[\033[01;37m\]\u\[\033[00m\]@\[\033[01;32m\]\h\[\033[00m\]:\[\033[01;34m\]\w\[\033[00m\] PYTHONPATH=/home/twip_ws/install/controllers/lib/python3.10/site-packages:${PYTHONPATH} /usr/bin/python3 setup.py develop --prefix /home/twip_ws/install/controllers --editable --build-directory /home/twip_ws/build/controllers/build --no-deps install_data --install-dir /home/twip_ws/install/controllers
[2.121s] DEBUG:colcon.colcon_core.event_handler.log_command:Invoking command in '/home/twip_ws/build/driver_imu': PS1=\[\e]0;\u@\h: \w\a\]\[\033[01;37m\]\u\[\033[00m\]@\[\033[01;32m\]\h\[\033[00m\]:\[\033[01;34m\]\w\[\033[00m\] PYTHONPATH=/home/twip_ws/install/driver_imu/lib/python3.10/site-packages:${PYTHONPATH} /usr/bin/python3 setup.py develop --prefix /home/twip_ws/install/driver_imu --editable --build-directory /home/twip_ws/build/driver_imu/build --no-deps install_data --install-dir /home/twip_ws/install/driver_imu
[3.238s] Level 1:colcon.colcon_core.shell:create_environment_hook('controllers', 'pythonpath_develop')
[3.240s] INFO:colcon.colcon_core.shell:Creating environment hook '/home/twip_ws/build/controllers/share/controllers/hook/pythonpath_develop.ps1'
[3.238s] DEBUG:colcon.colcon_core.event_handler.log_command:Invoked command in '/home/twip_ws/build/controllers' returned '0': PS1=\[\e]0;\u@\h: \w\a\]\[\033[01;37m\]\u\[\033[00m\]@\[\033[01;32m\]\h\[\033[00m\]:\[\033[01;34m\]\w\[\033[00m\] PYTHONPATH=/home/twip_ws/install/controllers/lib/python3.10/site-packages:${PYTHONPATH} /usr/bin/python3 setup.py develop --prefix /home/twip_ws/install/controllers --editable --build-directory /home/twip_ws/build/controllers/build --no-deps install_data --install-dir /home/twip_ws/install/controllers
[3.240s] INFO:colcon.colcon_core.shell:Creating environment descriptor '/home/twip_ws/build/controllers/share/controllers/hook/pythonpath_develop.dsv'
[3.241s] INFO:colcon.colcon_core.shell:Creating environment hook '/home/twip_ws/build/controllers/share/controllers/hook/pythonpath_develop.sh'
[3.244s] Level 1:colcon.colcon_core.environment:checking '/home/twip_ws/install/controllers' for CMake module files
[3.245s] Level 1:colcon.colcon_core.environment:checking '/home/twip_ws/install/controllers' for CMake config files
[3.246s] Level 1:colcon.colcon_core.environment:checking '/home/twip_ws/install/controllers/lib'
[3.246s] Level 1:colcon.colcon_core.environment:checking '/home/twip_ws/install/controllers/bin'
[3.246s] Level 1:colcon.colcon_core.environment:checking '/home/twip_ws/install/controllers/lib/pkgconfig/controllers.pc'
[3.247s] Level 1:colcon.colcon_core.environment:checking '/home/twip_ws/install/controllers/lib/python3.10/site-packages'
[3.247s] Level 1:colcon.colcon_core.shell:create_environment_hook('controllers', 'pythonpath')
[3.260s] INFO:colcon.colcon_core.shell:Creating environment hook '/home/twip_ws/install/controllers/share/controllers/hook/pythonpath.ps1'
[3.261s] INFO:colcon.colcon_core.shell:Creating environment descriptor '/home/twip_ws/install/controllers/share/controllers/hook/pythonpath.dsv'
[3.262s] INFO:colcon.colcon_core.shell:Creating environment hook '/home/twip_ws/install/controllers/share/controllers/hook/pythonpath.sh'
[3.264s] Level 1:colcon.colcon_core.environment:checking '/home/twip_ws/install/controllers/bin'
[3.264s] Level 1:colcon.colcon_core.environment:create_environment_scripts_only(controllers)
[3.266s] INFO:colcon.colcon_core.shell:Creating package script '/home/twip_ws/install/controllers/share/controllers/package.ps1'
[3.268s] INFO:colcon.colcon_core.shell:Creating package descriptor '/home/twip_ws/install/controllers/share/controllers/package.dsv'
[3.269s] INFO:colcon.colcon_core.shell:Creating package script '/home/twip_ws/install/controllers/share/controllers/package.sh'
[3.270s] INFO:colcon.colcon_core.shell:Creating package script '/home/twip_ws/install/controllers/share/controllers/package.bash'
[3.271s] INFO:colcon.colcon_core.shell:Creating package script '/home/twip_ws/install/controllers/share/controllers/package.zsh'
[3.271s] Level 1:colcon.colcon_core.environment:create_file_with_runtime_dependencies(/home/twip_ws/install/controllers/share/colcon-core/packages/controllers)
[3.500s] Level 1:colcon.colcon_core.shell:create_environment_hook('driver_imu', 'pythonpath_develop')
[3.501s] INFO:colcon.colcon_core.shell:Creating environment hook '/home/twip_ws/build/driver_imu/share/driver_imu/hook/pythonpath_develop.ps1'
[3.502s] DEBUG:colcon.colcon_core.event_handler.log_command:Invoked command in '/home/twip_ws/build/driver_imu' returned '0': PS1=\[\e]0;\u@\h: \w\a\]\[\033[01;37m\]\u\[\033[00m\]@\[\033[01;32m\]\h\[\033[00m\]:\[\033[01;34m\]\w\[\033[00m\] PYTHONPATH=/home/twip_ws/install/driver_imu/lib/python3.10/site-packages:${PYTHONPATH} /usr/bin/python3 setup.py develop --prefix /home/twip_ws/install/driver_imu --editable --build-directory /home/twip_ws/build/driver_imu/build --no-deps install_data --install-dir /home/twip_ws/install/driver_imu
[3.503s] INFO:colcon.colcon_core.shell:Creating environment descriptor '/home/twip_ws/build/driver_imu/share/driver_imu/hook/pythonpath_develop.dsv'
[3.503s] INFO:colcon.colcon_core.shell:Creating environment hook '/home/twip_ws/build/driver_imu/share/driver_imu/hook/pythonpath_develop.sh'
[3.505s] Level 1:colcon.colcon_core.environment:checking '/home/twip_ws/install/driver_imu' for CMake module files
[3.506s] Level 1:colcon.colcon_core.environment:checking '/home/twip_ws/install/driver_imu' for CMake config files
[3.506s] Level 1:colcon.colcon_core.environment:checking '/home/twip_ws/install/driver_imu/lib'
[3.506s] Level 1:colcon.colcon_core.environment:checking '/home/twip_ws/install/driver_imu/bin'
[3.506s] Level 1:colcon.colcon_core.environment:checking '/home/twip_ws/install/driver_imu/lib/pkgconfig/driver_imu.pc'
[3.507s] Level 1:colcon.colcon_core.environment:checking '/home/twip_ws/install/driver_imu/lib/python3.10/site-packages'
[3.507s] Level 1:colcon.colcon_core.shell:create_environment_hook('driver_imu', 'pythonpath')
[3.508s] INFO:colcon.colcon_core.shell:Creating environment hook '/home/twip_ws/install/driver_imu/share/driver_imu/hook/pythonpath.ps1'
[3.508s] INFO:colcon.colcon_core.shell:Creating environment descriptor '/home/twip_ws/install/driver_imu/share/driver_imu/hook/pythonpath.dsv'
[3.509s] INFO:colcon.colcon_core.shell:Creating environment hook '/home/twip_ws/install/driver_imu/share/driver_imu/hook/pythonpath.sh'
[3.509s] Level 1:colcon.colcon_core.environment:checking '/home/twip_ws/install/driver_imu/bin'
[3.510s] Level 1:colcon.colcon_core.environment:create_environment_scripts_only(driver_imu)
[3.511s] INFO:colcon.colcon_core.shell:Creating package script '/home/twip_ws/install/driver_imu/share/driver_imu/package.ps1'
[3.512s] INFO:colcon.colcon_core.shell:Creating package descriptor '/home/twip_ws/install/driver_imu/share/driver_imu/package.dsv'
[3.513s] INFO:colcon.colcon_core.shell:Creating package script '/home/twip_ws/install/driver_imu/share/driver_imu/package.sh'
[3.513s] INFO:colcon.colcon_core.shell:Creating package script '/home/twip_ws/install/driver_imu/share/driver_imu/package.bash'
[3.514s] INFO:colcon.colcon_core.shell:Creating package script '/home/twip_ws/install/driver_imu/share/driver_imu/package.zsh'
[3.514s] Level 1:colcon.colcon_core.environment:create_file_with_runtime_dependencies(/home/twip_ws/install/driver_imu/share/colcon-core/packages/driver_imu)
[147.463s] DEBUG:colcon.colcon_core.event_handler.log_command:Invoked command in '/home/twip_ws/build/sim_ros2_interface' returned '2': CMAKE_PREFIX_PATH=${CMAKE_PREFIX_PATH}:/home/twip_ws/install/driver_imu:/home/twip_ws/install/controllers:/opt/ros/humble PS1=\[\e]0;\u@\h: \w\a\]\[\033[01;37m\]\u\[\033[00m\]@\[\033[01;32m\]\h\[\033[00m\]:\[\033[01;34m\]\w\[\033[00m\] /usr/bin/cmake --build /home/twip_ws/build/sim_ros2_interface -- -j8 -l8
[147.529s] Level 1:colcon.colcon_core.environment:create_environment_scripts_only(sim_ros2_interface)
[147.531s] Level 1:colcon.colcon_core.environment:checking '/home/twip_ws/install/sim_ros2_interface' for CMake module files
[147.532s] Level 1:colcon.colcon_core.environment:checking '/home/twip_ws/install/sim_ros2_interface' for CMake config files
[147.533s] Level 1:colcon.colcon_core.shell:create_environment_hook('sim_ros2_interface', 'cmake_prefix_path')
[147.534s] INFO:colcon.colcon_core.shell:Creating environment hook '/home/twip_ws/install/sim_ros2_interface/share/sim_ros2_interface/hook/cmake_prefix_path.ps1'
[147.535s] INFO:colcon.colcon_core.shell:Creating environment descriptor '/home/twip_ws/install/sim_ros2_interface/share/sim_ros2_interface/hook/cmake_prefix_path.dsv'
[147.535s] INFO:colcon.colcon_core.shell:Creating environment hook '/home/twip_ws/install/sim_ros2_interface/share/sim_ros2_interface/hook/cmake_prefix_path.sh'
[147.536s] Level 1:colcon.colcon_core.environment:checking '/home/twip_ws/install/sim_ros2_interface/bin'
[147.536s] Level 1:colcon.colcon_core.environment:checking '/home/twip_ws/install/sim_ros2_interface/lib/pkgconfig/sim_ros2_interface.pc'
[147.537s] Level 1:colcon.colcon_core.environment:checking '/home/twip_ws/install/sim_ros2_interface/lib/python3.10/site-packages'
[147.538s] Level 1:colcon.colcon_core.environment:checking '/home/twip_ws/install/sim_ros2_interface/bin'
[147.540s] INFO:colcon.colcon_core.shell:Creating package script '/home/twip_ws/install/sim_ros2_interface/share/sim_ros2_interface/package.ps1'
[147.541s] INFO:colcon.colcon_core.shell:Creating package descriptor '/home/twip_ws/install/sim_ros2_interface/share/sim_ros2_interface/package.dsv'
[147.543s] INFO:colcon.colcon_core.shell:Creating package script '/home/twip_ws/install/sim_ros2_interface/share/sim_ros2_interface/package.sh'
[147.544s] INFO:colcon.colcon_core.shell:Creating package script '/home/twip_ws/install/sim_ros2_interface/share/sim_ros2_interface/package.bash'
[147.544s] INFO:colcon.colcon_core.shell:Creating package script '/home/twip_ws/install/sim_ros2_interface/share/sim_ros2_interface/package.zsh'
[147.546s] Level 1:colcon.colcon_core.environment:create_file_with_runtime_dependencies(/home/twip_ws/install/sim_ros2_interface/share/colcon-core/packages/sim_ros2_interface)
[147.556s] DEBUG:colcon.colcon_parallel_executor.executor.parallel:closing loop
[147.557s] DEBUG:colcon.colcon_parallel_executor.executor.parallel:loop closed
[147.557s] DEBUG:colcon.colcon_parallel_executor.executor.parallel:run_until_complete finished with '2'
[147.557s] DEBUG:colcon.colcon_core.event_reactor:joining thread
[147.566s] INFO:colcon.colcon_core.plugin_system:Skipping extension 'colcon_notification.desktop_notification.notify_send': Could not find 'notify-send'
[147.567s] INFO:colcon.colcon_core.plugin_system:Skipping extension 'colcon_notification.desktop_notification.terminal_notifier': Not used on non-Darwin systems
[147.567s] INFO:colcon.colcon_core.plugin_system:Skipping extension 'colcon_notification.desktop_notification.win32': Not used on non-Windows systems
[147.567s] INFO:colcon.colcon_notification.desktop_notification:Sending desktop notification using 'notify2'
[147.570s] DEBUG:colcon.colcon_notification.desktop_notification.notify2:Failed to initialize notify2: org.freedesktop.DBus.Error.Spawn.ExecFailed: /usr/bin/dbus-launch terminated abnormally without any error message
[147.571s] DEBUG:colcon.colcon_core.event_reactor:joined thread
[147.573s] INFO:colcon.colcon_core.shell:Creating prefix script '/home/twip_ws/install/local_setup.ps1'
[147.575s] INFO:colcon.colcon_core.shell:Creating prefix util module '/home/twip_ws/install/_local_setup_util_ps1.py'
[147.578s] INFO:colcon.colcon_core.shell:Creating prefix chain script '/home/twip_ws/install/setup.ps1'
[147.582s] INFO:colcon.colcon_core.shell:Creating prefix script '/home/twip_ws/install/local_setup.sh'
[147.583s] INFO:colcon.colcon_core.shell:Creating prefix util module '/home/twip_ws/install/_local_setup_util_sh.py'
[147.584s] INFO:colcon.colcon_core.shell:Creating prefix chain script '/home/twip_ws/install/setup.sh'
[147.587s] INFO:colcon.colcon_core.shell:Creating prefix script '/home/twip_ws/install/local_setup.bash'
[147.587s] INFO:colcon.colcon_core.shell:Creating prefix chain script '/home/twip_ws/install/setup.bash'
[147.590s] INFO:colcon.colcon_core.shell:Creating prefix script '/home/twip_ws/install/local_setup.zsh'
[147.591s] INFO:colcon.colcon_core.shell:Creating prefix chain script '/home/twip_ws/install/setup.zsh'
