[0.284s] DEBUG:colcon:Command line arguments: ['/usr/bin/colcon', 'build', '--symlink-install', '--cmake-args', '-DCMAKE_BUILD_TYPE=Release']
[0.284s] DEBUG:colcon:Parsed command line arguments: Namespace(log_base=None, log_level=None, verb_name='build', build_base='build', install_base='install', merge_install=False, symlink_install=True, test_result_base=None, continue_on_error=False, executor='parallel', parallel_workers=8, event_handlers=None, ignore_user_meta=False, metas=['./colcon.meta'], base_paths=['.'], packages_ignore=None, packages_ignore_regex=None, paths=None, packages_up_to=None, packages_up_to_regex=None, packages_above=None, packages_above_and_dependencies=None, packages_above_depth=None, packages_select_by_dep=None, packages_skip_by_dep=None, packages_skip_up_to=None, packages_select_build_failed=False, packages_skip_build_finished=False, packages_select_test_failures=False, packages_skip_test_passed=False, packages_select=None, packages_skip=None, packages_select_regex=None, packages_skip_regex=None, packages_start=None, packages_end=None, cmake_args=['-DCMAKE_BUILD_TYPE=Release'], cmake_target=None, cmake_target_skip_unavailable=False, cmake_clean_cache=False, cmake_clean_first=False, cmake_force_configure=False, ament_cmake_args=None, catkin_cmake_args=None, catkin_skip_building_tests=False, mixin_files=None, mixin=None, verb_parser=<colcon_mixin.mixin.mixin_argument.MixinArgumentDecorator object at 0x7fc99a17efb0>, verb_extension=<colcon_core.verb.build.BuildVerb object at 0x7fc99aafead0>, main=<bound method BuildVerb.main of <colcon_core.verb.build.BuildVerb object at 0x7fc99aafead0>>, mixin_verb=('build',))
[0.306s] Level 1:colcon.colcon_core.package_discovery:discover_packages(colcon_meta) check parameters
[0.307s] INFO:colcon.colcon_metadata.package_discovery.colcon_meta:Using configuration from '/root/.colcon/metadata/default/Gazebo.meta'
[0.307s] INFO:colcon.colcon_metadata.package_discovery.colcon_meta:Using configuration from '/root/.colcon/metadata/default/fastrtps.meta'
[0.307s] Level 1:colcon.colcon_core.package_discovery:discover_packages(recursive) check parameters
[0.307s] Level 1:colcon.colcon_core.package_discovery:discover_packages(ignore) check parameters
[0.307s] Level 1:colcon.colcon_core.package_discovery:discover_packages(path) check parameters
[0.308s] Level 1:colcon.colcon_core.package_discovery:discover_packages(colcon_meta) discover
[0.308s] Level 1:colcon.colcon_core.package_discovery:discover_packages(recursive) discover
[0.308s] INFO:colcon.colcon_core.package_discovery:Crawling recursively for packages in '/home/twip_ws'
[0.308s] Level 1:colcon.colcon_core.package_identification:_identify(.) by extensions ['ignore', 'ignore_ament_install']
[0.308s] Level 1:colcon.colcon_core.package_identification:_identify(.) by extension 'ignore'
[0.308s] Level 1:colcon.colcon_core.package_identification:_identify(.) by extension 'ignore_ament_install'
[0.308s] Level 1:colcon.colcon_core.package_identification:_identify(.) by extensions ['colcon_pkg']
[0.308s] Level 1:colcon.colcon_core.package_identification:_identify(.) by extension 'colcon_pkg'
[0.308s] Level 1:colcon.colcon_core.package_identification:_identify(.) by extensions ['colcon_meta']
[0.308s] Level 1:colcon.colcon_core.package_identification:_identify(.) by extension 'colcon_meta'
[0.308s] Level 1:colcon.colcon_core.package_identification:_identify(.) by extensions ['ros']
[0.308s] Level 1:colcon.colcon_core.package_identification:_identify(.) by extension 'ros'
[0.321s] Level 1:colcon.colcon_core.package_identification:_identify(.) by extensions ['cmake', 'python']
[0.321s] Level 1:colcon.colcon_core.package_identification:_identify(.) by extension 'cmake'
[0.321s] Level 1:colcon.colcon_core.package_identification:_identify(.) by extension 'python'
[0.321s] Level 1:colcon.colcon_core.package_identification:_identify(.) by extensions ['python_setup_py']
[0.321s] Level 1:colcon.colcon_core.package_identification:_identify(.) by extension 'python_setup_py'
[0.321s] Level 1:colcon.colcon_core.package_identification:_identify(build) by extensions ['ignore', 'ignore_ament_install']
[0.321s] Level 1:colcon.colcon_core.package_identification:_identify(build) by extension 'ignore'
[0.321s] Level 1:colcon.colcon_core.package_identification:_identify(build) ignored
[0.321s] Level 1:colcon.colcon_core.package_identification:_identify(install) by extensions ['ignore', 'ignore_ament_install']
[0.321s] Level 1:colcon.colcon_core.package_identification:_identify(install) by extension 'ignore'
[0.321s] Level 1:colcon.colcon_core.package_identification:_identify(install) ignored
[0.322s] Level 1:colcon.colcon_core.package_identification:_identify(log) by extensions ['ignore', 'ignore_ament_install']
[0.322s] Level 1:colcon.colcon_core.package_identification:_identify(log) by extension 'ignore'
[0.322s] Level 1:colcon.colcon_core.package_identification:_identify(log) ignored
[0.322s] Level 1:colcon.colcon_core.package_identification:_identify(src) by extensions ['ignore', 'ignore_ament_install']
[0.322s] Level 1:colcon.colcon_core.package_identification:_identify(src) by extension 'ignore'
[0.322s] Level 1:colcon.colcon_core.package_identification:_identify(src) by extension 'ignore_ament_install'
[0.322s] Level 1:colcon.colcon_core.package_identification:_identify(src) by extensions ['colcon_pkg']
[0.322s] Level 1:colcon.colcon_core.package_identification:_identify(src) by extension 'colcon_pkg'
[0.322s] Level 1:colcon.colcon_core.package_identification:_identify(src) by extensions ['colcon_meta']
[0.322s] Level 1:colcon.colcon_core.package_identification:_identify(src) by extension 'colcon_meta'
[0.322s] Level 1:colcon.colcon_core.package_identification:_identify(src) by extensions ['ros']
[0.322s] Level 1:colcon.colcon_core.package_identification:_identify(src) by extension 'ros'
[0.322s] Level 1:colcon.colcon_core.package_identification:_identify(src) by extensions ['cmake', 'python']
[0.322s] Level 1:colcon.colcon_core.package_identification:_identify(src) by extension 'cmake'
[0.323s] Level 1:colcon.colcon_core.package_identification:_identify(src) by extension 'python'
[0.323s] Level 1:colcon.colcon_core.package_identification:_identify(src) by extensions ['python_setup_py']
[0.323s] Level 1:colcon.colcon_core.package_identification:_identify(src) by extension 'python_setup_py'
[0.323s] Level 1:colcon.colcon_core.package_identification:_identify(src/controllers) by extensions ['ignore', 'ignore_ament_install']
[0.323s] Level 1:colcon.colcon_core.package_identification:_identify(src/controllers) by extension 'ignore'
[0.323s] Level 1:colcon.colcon_core.package_identification:_identify(src/controllers) by extension 'ignore_ament_install'
[0.323s] Level 1:colcon.colcon_core.package_identification:_identify(src/controllers) by extensions ['colcon_pkg']
[0.323s] Level 1:colcon.colcon_core.package_identification:_identify(src/controllers) by extension 'colcon_pkg'
[0.323s] Level 1:colcon.colcon_core.package_identification:_identify(src/controllers) by extensions ['colcon_meta']
[0.323s] Level 1:colcon.colcon_core.package_identification:_identify(src/controllers) by extension 'colcon_meta'
[0.323s] Level 1:colcon.colcon_core.package_identification:_identify(src/controllers) by extensions ['ros']
[0.323s] Level 1:colcon.colcon_core.package_identification:_identify(src/controllers) by extension 'ros'
[0.326s] DEBUG:colcon.colcon_core.package_identification:Package 'src/controllers' with type 'ros.ament_python' and name 'controllers'
[0.326s] Level 1:colcon.colcon_core.package_identification:_identify(src/drivers) by extensions ['ignore', 'ignore_ament_install']
[0.326s] Level 1:colcon.colcon_core.package_identification:_identify(src/drivers) by extension 'ignore'
[0.326s] Level 1:colcon.colcon_core.package_identification:_identify(src/drivers) by extension 'ignore_ament_install'
[0.326s] Level 1:colcon.colcon_core.package_identification:_identify(src/drivers) by extensions ['colcon_pkg']
[0.326s] Level 1:colcon.colcon_core.package_identification:_identify(src/drivers) by extension 'colcon_pkg'
[0.326s] Level 1:colcon.colcon_core.package_identification:_identify(src/drivers) by extensions ['colcon_meta']
[0.326s] Level 1:colcon.colcon_core.package_identification:_identify(src/drivers) by extension 'colcon_meta'
[0.326s] Level 1:colcon.colcon_core.package_identification:_identify(src/drivers) by extensions ['ros']
[0.326s] Level 1:colcon.colcon_core.package_identification:_identify(src/drivers) by extension 'ros'
[0.327s] DEBUG:colcon.colcon_core.package_identification:Package 'src/drivers' with type 'ros.ament_python' and name 'driver_imu'
[0.327s] Level 1:colcon.colcon_core.package_identification:_identify(src/external) by extensions ['ignore', 'ignore_ament_install']
[0.327s] Level 1:colcon.colcon_core.package_identification:_identify(src/external) by extension 'ignore'
[0.327s] Level 1:colcon.colcon_core.package_identification:_identify(src/external) by extension 'ignore_ament_install'
[0.327s] Level 1:colcon.colcon_core.package_identification:_identify(src/external) by extensions ['colcon_pkg']
[0.327s] Level 1:colcon.colcon_core.package_identification:_identify(src/external) by extension 'colcon_pkg'
[0.327s] Level 1:colcon.colcon_core.package_identification:_identify(src/external) by extensions ['colcon_meta']
[0.328s] Level 1:colcon.colcon_core.package_identification:_identify(src/external) by extension 'colcon_meta'
[0.328s] Level 1:colcon.colcon_core.package_identification:_identify(src/external) by extensions ['ros']
[0.328s] Level 1:colcon.colcon_core.package_identification:_identify(src/external) by extension 'ros'
[0.328s] Level 1:colcon.colcon_core.package_identification:_identify(src/external) by extensions ['cmake', 'python']
[0.328s] Level 1:colcon.colcon_core.package_identification:_identify(src/external) by extension 'cmake'
[0.328s] Level 1:colcon.colcon_core.package_identification:_identify(src/external) by extension 'python'
[0.328s] Level 1:colcon.colcon_core.package_identification:_identify(src/external) by extensions ['python_setup_py']
[0.328s] Level 1:colcon.colcon_core.package_identification:_identify(src/external) by extension 'python_setup_py'
[0.328s] Level 1:colcon.colcon_core.package_identification:_identify(src/external/ros2_bubble_rob) by extensions ['ignore', 'ignore_ament_install']
[0.328s] Level 1:colcon.colcon_core.package_identification:_identify(src/external/ros2_bubble_rob) by extension 'ignore'
[0.328s] Level 1:colcon.colcon_core.package_identification:_identify(src/external/ros2_bubble_rob) by extension 'ignore_ament_install'
[0.328s] Level 1:colcon.colcon_core.package_identification:_identify(src/external/ros2_bubble_rob) by extensions ['colcon_pkg']
[0.328s] Level 1:colcon.colcon_core.package_identification:_identify(src/external/ros2_bubble_rob) by extension 'colcon_pkg'
[0.328s] Level 1:colcon.colcon_core.package_identification:_identify(src/external/ros2_bubble_rob) by extensions ['colcon_meta']
[0.328s] Level 1:colcon.colcon_core.package_identification:_identify(src/external/ros2_bubble_rob) by extension 'colcon_meta'
[0.328s] Level 1:colcon.colcon_core.package_identification:_identify(src/external/ros2_bubble_rob) by extensions ['ros']
[0.328s] Level 1:colcon.colcon_core.package_identification:_identify(src/external/ros2_bubble_rob) by extension 'ros'
[0.329s] DEBUG:colcon.colcon_core.package_identification:Package 'src/external/ros2_bubble_rob' with type 'ros.ament_cmake' and name 'ros2_bubble_rob'
[0.329s] Level 1:colcon.colcon_core.package_identification:_identify(src/external/simExtROS2) by extensions ['ignore', 'ignore_ament_install']
[0.329s] Level 1:colcon.colcon_core.package_identification:_identify(src/external/simExtROS2) by extension 'ignore'
[0.329s] Level 1:colcon.colcon_core.package_identification:_identify(src/external/simExtROS2) by extension 'ignore_ament_install'
[0.329s] Level 1:colcon.colcon_core.package_identification:_identify(src/external/simExtROS2) by extensions ['colcon_pkg']
[0.329s] Level 1:colcon.colcon_core.package_identification:_identify(src/external/simExtROS2) by extension 'colcon_pkg'
[0.329s] Level 1:colcon.colcon_core.package_identification:_identify(src/external/simExtROS2) by extensions ['colcon_meta']
[0.329s] Level 1:colcon.colcon_core.package_identification:_identify(src/external/simExtROS2) by extension 'colcon_meta'
[0.330s] Level 1:colcon.colcon_core.package_identification:_identify(src/external/simExtROS2) by extensions ['ros']
[0.330s] Level 1:colcon.colcon_core.package_identification:_identify(src/external/simExtROS2) by extension 'ros'
[0.333s] DEBUG:colcon.colcon_core.package_identification:Package 'src/external/simExtROS2' with type 'ros.ament_cmake' and name 'sim_ros2_interface'
[0.333s] Level 1:colcon.colcon_core.package_identification:_identify(src/state_estimator) by extensions ['ignore', 'ignore_ament_install']
[0.334s] Level 1:colcon.colcon_core.package_identification:_identify(src/state_estimator) by extension 'ignore'
[0.334s] Level 1:colcon.colcon_core.package_identification:_identify(src/state_estimator) by extension 'ignore_ament_install'
[0.334s] Level 1:colcon.colcon_core.package_identification:_identify(src/state_estimator) by extensions ['colcon_pkg']
[0.334s] Level 1:colcon.colcon_core.package_identification:_identify(src/state_estimator) by extension 'colcon_pkg'
[0.334s] Level 1:colcon.colcon_core.package_identification:_identify(src/state_estimator) by extensions ['colcon_meta']
[0.334s] Level 1:colcon.colcon_core.package_identification:_identify(src/state_estimator) by extension 'colcon_meta'
[0.334s] Level 1:colcon.colcon_core.package_identification:_identify(src/state_estimator) by extensions ['ros']
[0.334s] Level 1:colcon.colcon_core.package_identification:_identify(src/state_estimator) by extension 'ros'
[0.336s] DEBUG:colcon.colcon_core.package_identification:Package 'src/state_estimator' with type 'ros.ament_cmake' and name 'state_estimator'
[0.336s] Level 1:colcon.colcon_core.package_discovery:discover_packages(recursive) using defaults
[0.336s] Level 1:colcon.colcon_core.package_discovery:discover_packages(ignore) discover
[0.336s] Level 1:colcon.colcon_core.package_discovery:discover_packages(ignore) using defaults
[0.336s] Level 1:colcon.colcon_core.package_discovery:discover_packages(path) discover
[0.336s] Level 1:colcon.colcon_core.package_discovery:discover_packages(path) using defaults
[0.372s] Level 5:colcon.colcon_core.verb:set package 'controllers' build argument 'cmake_args' from command line to '['-DCMAKE_BUILD_TYPE=Release']'
[0.372s] Level 5:colcon.colcon_core.verb:set package 'controllers' build argument 'cmake_target' from command line to 'None'
[0.372s] Level 5:colcon.colcon_core.verb:set package 'controllers' build argument 'cmake_target_skip_unavailable' from command line to 'False'
[0.372s] Level 5:colcon.colcon_core.verb:set package 'controllers' build argument 'cmake_clean_cache' from command line to 'False'
[0.372s] Level 5:colcon.colcon_core.verb:set package 'controllers' build argument 'cmake_clean_first' from command line to 'False'
[0.372s] Level 5:colcon.colcon_core.verb:set package 'controllers' build argument 'cmake_force_configure' from command line to 'False'
[0.372s] Level 5:colcon.colcon_core.verb:set package 'controllers' build argument 'ament_cmake_args' from command line to 'None'
[0.372s] Level 5:colcon.colcon_core.verb:set package 'controllers' build argument 'catkin_cmake_args' from command line to 'None'
[0.372s] Level 5:colcon.colcon_core.verb:set package 'controllers' build argument 'catkin_skip_building_tests' from command line to 'False'
[0.373s] DEBUG:colcon.colcon_core.verb:Building package 'controllers' with the following arguments: {'ament_cmake_args': None, 'build_base': '/home/twip_ws/build/controllers', 'catkin_cmake_args': None, 'catkin_skip_building_tests': False, 'cmake_args': ['-DCMAKE_BUILD_TYPE=Release'], 'cmake_clean_cache': False, 'cmake_clean_first': False, 'cmake_force_configure': False, 'cmake_target': None, 'cmake_target_skip_unavailable': False, 'install_base': '/home/twip_ws/install/controllers', 'merge_install': False, 'path': '/home/twip_ws/src/controllers', 'symlink_install': True, 'test_result_base': None}
[0.373s] Level 5:colcon.colcon_core.verb:set package 'driver_imu' build argument 'cmake_args' from command line to '['-DCMAKE_BUILD_TYPE=Release']'
[0.373s] Level 5:colcon.colcon_core.verb:set package 'driver_imu' build argument 'cmake_target' from command line to 'None'
[0.374s] Level 5:colcon.colcon_core.verb:set package 'driver_imu' build argument 'cmake_target_skip_unavailable' from command line to 'False'
[0.374s] Level 5:colcon.colcon_core.verb:set package 'driver_imu' build argument 'cmake_clean_cache' from command line to 'False'
[0.374s] Level 5:colcon.colcon_core.verb:set package 'driver_imu' build argument 'cmake_clean_first' from command line to 'False'
[0.374s] Level 5:colcon.colcon_core.verb:set package 'driver_imu' build argument 'cmake_force_configure' from command line to 'False'
[0.374s] Level 5:colcon.colcon_core.verb:set package 'driver_imu' build argument 'ament_cmake_args' from command line to 'None'
[0.374s] Level 5:colcon.colcon_core.verb:set package 'driver_imu' build argument 'catkin_cmake_args' from command line to 'None'
[0.374s] Level 5:colcon.colcon_core.verb:set package 'driver_imu' build argument 'catkin_skip_building_tests' from command line to 'False'
[0.374s] DEBUG:colcon.colcon_core.verb:Building package 'driver_imu' with the following arguments: {'ament_cmake_args': None, 'build_base': '/home/twip_ws/build/driver_imu', 'catkin_cmake_args': None, 'catkin_skip_building_tests': False, 'cmake_args': ['-DCMAKE_BUILD_TYPE=Release'], 'cmake_clean_cache': False, 'cmake_clean_first': False, 'cmake_force_configure': False, 'cmake_target': None, 'cmake_target_skip_unavailable': False, 'install_base': '/home/twip_ws/install/driver_imu', 'merge_install': False, 'path': '/home/twip_ws/src/drivers', 'symlink_install': True, 'test_result_base': None}
[0.375s] Level 5:colcon.colcon_core.verb:set package 'ros2_bubble_rob' build argument 'cmake_args' from command line to '['-DCMAKE_BUILD_TYPE=Release']'
[0.375s] Level 5:colcon.colcon_core.verb:set package 'ros2_bubble_rob' build argument 'cmake_target' from command line to 'None'
[0.375s] Level 5:colcon.colcon_core.verb:set package 'ros2_bubble_rob' build argument 'cmake_target_skip_unavailable' from command line to 'False'
[0.375s] Level 5:colcon.colcon_core.verb:set package 'ros2_bubble_rob' build argument 'cmake_clean_cache' from command line to 'False'
[0.375s] Level 5:colcon.colcon_core.verb:set package 'ros2_bubble_rob' build argument 'cmake_clean_first' from command line to 'False'
[0.375s] Level 5:colcon.colcon_core.verb:set package 'ros2_bubble_rob' build argument 'cmake_force_configure' from command line to 'False'
[0.375s] Level 5:colcon.colcon_core.verb:set package 'ros2_bubble_rob' build argument 'ament_cmake_args' from command line to 'None'
[0.375s] Level 5:colcon.colcon_core.verb:set package 'ros2_bubble_rob' build argument 'catkin_cmake_args' from command line to 'None'
[0.375s] Level 5:colcon.colcon_core.verb:set package 'ros2_bubble_rob' build argument 'catkin_skip_building_tests' from command line to 'False'
[0.375s] DEBUG:colcon.colcon_core.verb:Building package 'ros2_bubble_rob' with the following arguments: {'ament_cmake_args': None, 'build_base': '/home/twip_ws/build/ros2_bubble_rob', 'catkin_cmake_args': None, 'catkin_skip_building_tests': False, 'cmake_args': ['-DCMAKE_BUILD_TYPE=Release'], 'cmake_clean_cache': False, 'cmake_clean_first': False, 'cmake_force_configure': False, 'cmake_target': None, 'cmake_target_skip_unavailable': False, 'install_base': '/home/twip_ws/install/ros2_bubble_rob', 'merge_install': False, 'path': '/home/twip_ws/src/external/ros2_bubble_rob', 'symlink_install': True, 'test_result_base': None}
[0.376s] Level 5:colcon.colcon_core.verb:set package 'sim_ros2_interface' build argument 'cmake_args' from command line to '['-DCMAKE_BUILD_TYPE=Release']'
[0.376s] Level 5:colcon.colcon_core.verb:set package 'sim_ros2_interface' build argument 'cmake_target' from command line to 'None'
[0.376s] Level 5:colcon.colcon_core.verb:set package 'sim_ros2_interface' build argument 'cmake_target_skip_unavailable' from command line to 'False'
[0.376s] Level 5:colcon.colcon_core.verb:set package 'sim_ros2_interface' build argument 'cmake_clean_cache' from command line to 'False'
[0.376s] Level 5:colcon.colcon_core.verb:set package 'sim_ros2_interface' build argument 'cmake_clean_first' from command line to 'False'
[0.376s] Level 5:colcon.colcon_core.verb:set package 'sim_ros2_interface' build argument 'cmake_force_configure' from command line to 'False'
[0.376s] Level 5:colcon.colcon_core.verb:set package 'sim_ros2_interface' build argument 'ament_cmake_args' from command line to 'None'
[0.376s] Level 5:colcon.colcon_core.verb:set package 'sim_ros2_interface' build argument 'catkin_cmake_args' from command line to 'None'
[0.376s] Level 5:colcon.colcon_core.verb:set package 'sim_ros2_interface' build argument 'catkin_skip_building_tests' from command line to 'False'
[0.376s] DEBUG:colcon.colcon_core.verb:Building package 'sim_ros2_interface' with the following arguments: {'ament_cmake_args': None, 'build_base': '/home/twip_ws/build/sim_ros2_interface', 'catkin_cmake_args': None, 'catkin_skip_building_tests': False, 'cmake_args': ['-DCMAKE_BUILD_TYPE=Release'], 'cmake_clean_cache': False, 'cmake_clean_first': False, 'cmake_force_configure': False, 'cmake_target': None, 'cmake_target_skip_unavailable': False, 'install_base': '/home/twip_ws/install/sim_ros2_interface', 'merge_install': False, 'path': '/home/twip_ws/src/external/simExtROS2', 'symlink_install': True, 'test_result_base': None}
[0.377s] Level 5:colcon.colcon_core.verb:set package 'state_estimator' build argument 'cmake_args' from command line to '['-DCMAKE_BUILD_TYPE=Release']'
[0.377s] Level 5:colcon.colcon_core.verb:set package 'state_estimator' build argument 'cmake_target' from command line to 'None'
[0.377s] Level 5:colcon.colcon_core.verb:set package 'state_estimator' build argument 'cmake_target_skip_unavailable' from command line to 'False'
[0.377s] Level 5:colcon.colcon_core.verb:set package 'state_estimator' build argument 'cmake_clean_cache' from command line to 'False'
[0.377s] Level 5:colcon.colcon_core.verb:set package 'state_estimator' build argument 'cmake_clean_first' from command line to 'False'
[0.377s] Level 5:colcon.colcon_core.verb:set package 'state_estimator' build argument 'cmake_force_configure' from command line to 'False'
[0.377s] Level 5:colcon.colcon_core.verb:set package 'state_estimator' build argument 'ament_cmake_args' from command line to 'None'
[0.377s] Level 5:colcon.colcon_core.verb:set package 'state_estimator' build argument 'catkin_cmake_args' from command line to 'None'
[0.377s] Level 5:colcon.colcon_core.verb:set package 'state_estimator' build argument 'catkin_skip_building_tests' from command line to 'False'
[0.377s] DEBUG:colcon.colcon_core.verb:Building package 'state_estimator' with the following arguments: {'ament_cmake_args': None, 'build_base': '/home/twip_ws/build/state_estimator', 'catkin_cmake_args': None, 'catkin_skip_building_tests': False, 'cmake_args': ['-DCMAKE_BUILD_TYPE=Release'], 'cmake_clean_cache': False, 'cmake_clean_first': False, 'cmake_force_configure': False, 'cmake_target': None, 'cmake_target_skip_unavailable': False, 'install_base': '/home/twip_ws/install/state_estimator', 'merge_install': False, 'path': '/home/twip_ws/src/state_estimator', 'symlink_install': True, 'test_result_base': None}
[0.378s] INFO:colcon.colcon_core.executor:Executing jobs using 'parallel' executor
[0.381s] DEBUG:colcon.colcon_parallel_executor.executor.parallel:run_until_complete
[0.382s] INFO:colcon.colcon_ros.task.ament_python.build:Building ROS package in '/home/twip_ws/src/controllers' with build type 'ament_python'
[0.382s] Level 1:colcon.colcon_core.shell:create_environment_hook('controllers', 'ament_prefix_path')
[0.387s] INFO:colcon.colcon_core.plugin_system:Skipping extension 'colcon_core.shell.bat': Not used on non-Windows systems
[0.387s] INFO:colcon.colcon_core.shell:Creating environment hook '/home/twip_ws/install/controllers/share/controllers/hook/ament_prefix_path.ps1'
[0.388s] INFO:colcon.colcon_core.shell:Creating environment descriptor '/home/twip_ws/install/controllers/share/controllers/hook/ament_prefix_path.dsv'
[0.388s] INFO:colcon.colcon_core.shell:Creating environment hook '/home/twip_ws/install/controllers/share/controllers/hook/ament_prefix_path.sh'
[0.390s] INFO:colcon.colcon_core.shell:Skip shell extension 'powershell' for command environment: Not usable outside of PowerShell
[0.390s] DEBUG:colcon.colcon_core.shell:Skip shell extension 'dsv' for command environment
[0.396s] INFO:colcon.colcon_ros.task.ament_python.build:Building ROS package in '/home/twip_ws/src/drivers' with build type 'ament_python'
[0.396s] Level 1:colcon.colcon_core.shell:create_environment_hook('driver_imu', 'ament_prefix_path')
[0.397s] INFO:colcon.colcon_core.shell:Creating environment hook '/home/twip_ws/install/driver_imu/share/driver_imu/hook/ament_prefix_path.ps1'
[0.397s] INFO:colcon.colcon_core.shell:Creating environment descriptor '/home/twip_ws/install/driver_imu/share/driver_imu/hook/ament_prefix_path.dsv'
[0.398s] INFO:colcon.colcon_core.shell:Creating environment hook '/home/twip_ws/install/driver_imu/share/driver_imu/hook/ament_prefix_path.sh'
[0.399s] INFO:colcon.colcon_core.shell:Skip shell extension 'powershell' for command environment: Not usable outside of PowerShell
[0.399s] DEBUG:colcon.colcon_core.shell:Skip shell extension 'dsv' for command environment
[0.403s] INFO:colcon.colcon_ros.task.ament_cmake.build:Building ROS package in '/home/twip_ws/src/external/ros2_bubble_rob' with build type 'ament_cmake'
[0.404s] INFO:colcon.colcon_cmake.task.cmake.build:Building CMake package in '/home/twip_ws/src/external/ros2_bubble_rob'
[0.405s] INFO:colcon.colcon_core.shell:Skip shell extension 'powershell' for command environment: Not usable outside of PowerShell
[0.405s] DEBUG:colcon.colcon_core.shell:Skip shell extension 'dsv' for command environment
[0.410s] INFO:colcon.colcon_ros.task.ament_cmake.build:Building ROS package in '/home/twip_ws/src/external/simExtROS2' with build type 'ament_cmake'
[0.410s] INFO:colcon.colcon_cmake.task.cmake.build:Building CMake package in '/home/twip_ws/src/external/simExtROS2'
[0.411s] INFO:colcon.colcon_core.shell:Skip shell extension 'powershell' for command environment: Not usable outside of PowerShell
[0.411s] DEBUG:colcon.colcon_core.shell:Skip shell extension 'dsv' for command environment
[0.416s] INFO:colcon.colcon_ros.task.ament_cmake.build:Building ROS package in '/home/twip_ws/src/state_estimator' with build type 'ament_cmake'
[0.417s] INFO:colcon.colcon_cmake.task.cmake.build:Building CMake package in '/home/twip_ws/src/state_estimator'
[0.417s] INFO:colcon.colcon_core.shell:Skip shell extension 'powershell' for command environment: Not usable outside of PowerShell
[0.417s] DEBUG:colcon.colcon_core.shell:Skip shell extension 'dsv' for command environment
[0.694s] INFO:colcon.colcon_core.task.python.build:Building Python package in '/home/twip_ws/src/controllers'
[0.695s] INFO:colcon.colcon_core.shell:Skip shell extension 'powershell' for command environment: Not usable outside of PowerShell
[0.695s] DEBUG:colcon.colcon_core.shell:Skip shell extension 'dsv' for command environment
[0.988s] INFO:colcon.colcon_core.task.python.build:Building Python package in '/home/twip_ws/src/drivers'
[0.989s] INFO:colcon.colcon_core.shell:Skip shell extension 'powershell' for command environment: Not usable outside of PowerShell
[0.990s] DEBUG:colcon.colcon_core.shell:Skip shell extension 'dsv' for command environment
[1.003s] DEBUG:colcon.colcon_core.event_handler.log_command:Invoking command in '/home/twip_ws/build/ros2_bubble_rob': CMAKE_PREFIX_PATH=${CMAKE_PREFIX_PATH}:/home/twip_ws/install/driver_imu:/home/twip_ws/install/controllers:/opt/ros/humble PS1=\[\e]0;\u@\h: \w\a\]\[\033[01;37m\]\u\[\033[00m\]@\[\033[01;32m\]\h\[\033[00m\]:\[\033[01;34m\]\w\[\033[00m\] /usr/bin/cmake --build /home/twip_ws/build/ros2_bubble_rob -- -j8 -l8
[1.010s] DEBUG:colcon.colcon_core.event_handler.log_command:Invoking command in '/home/twip_ws/build/sim_ros2_interface': CMAKE_PREFIX_PATH=${CMAKE_PREFIX_PATH}:/home/twip_ws/install/driver_imu:/home/twip_ws/install/controllers:/opt/ros/humble PS1=\[\e]0;\u@\h: \w\a\]\[\033[01;37m\]\u\[\033[00m\]@\[\033[01;32m\]\h\[\033[00m\]:\[\033[01;34m\]\w\[\033[00m\] /usr/bin/cmake --build /home/twip_ws/build/sim_ros2_interface -- -j8 -l8
[1.017s] DEBUG:colcon.colcon_core.event_handler.log_command:Invoking command in '/home/twip_ws/build/state_estimator': CMAKE_PREFIX_PATH=${CMAKE_PREFIX_PATH}:/home/twip_ws/install/driver_imu:/home/twip_ws/install/controllers:/opt/ros/humble PS1=\[\e]0;\u@\h: \w\a\]\[\033[01;37m\]\u\[\033[00m\]@\[\033[01;32m\]\h\[\033[00m\]:\[\033[01;34m\]\w\[\033[00m\] /usr/bin/cmake --build /home/twip_ws/build/state_estimator -- -j8 -l8
[1.122s] DEBUG:colcon.colcon_core.event_handler.log_command:Invoked command in '/home/twip_ws/build/state_estimator' returned '0': CMAKE_PREFIX_PATH=${CMAKE_PREFIX_PATH}:/home/twip_ws/install/driver_imu:/home/twip_ws/install/controllers:/opt/ros/humble PS1=\[\e]0;\u@\h: \w\a\]\[\033[01;37m\]\u\[\033[00m\]@\[\033[01;32m\]\h\[\033[00m\]:\[\033[01;34m\]\w\[\033[00m\] /usr/bin/cmake --build /home/twip_ws/build/state_estimator -- -j8 -l8
[1.124s] DEBUG:colcon.colcon_core.event_handler.log_command:Invoked command in '/home/twip_ws/build/ros2_bubble_rob' returned '0': CMAKE_PREFIX_PATH=${CMAKE_PREFIX_PATH}:/home/twip_ws/install/driver_imu:/home/twip_ws/install/controllers:/opt/ros/humble PS1=\[\e]0;\u@\h: \w\a\]\[\033[01;37m\]\u\[\033[00m\]@\[\033[01;32m\]\h\[\033[00m\]:\[\033[01;34m\]\w\[\033[00m\] /usr/bin/cmake --build /home/twip_ws/build/ros2_bubble_rob -- -j8 -l8
[1.169s] DEBUG:colcon.colcon_core.event_handler.log_command:Invoking command in '/home/twip_ws/build/state_estimator': CMAKE_PREFIX_PATH=${CMAKE_PREFIX_PATH}:/home/twip_ws/install/driver_imu:/home/twip_ws/install/controllers:/opt/ros/humble PS1=\[\e]0;\u@\h: \w\a\]\[\033[01;37m\]\u\[\033[00m\]@\[\033[01;32m\]\h\[\033[00m\]:\[\033[01;34m\]\w\[\033[00m\] /usr/bin/cmake --install /home/twip_ws/build/state_estimator
[1.173s] DEBUG:colcon.colcon_core.event_handler.log_command:Invoking command in '/home/twip_ws/build/ros2_bubble_rob': CMAKE_PREFIX_PATH=${CMAKE_PREFIX_PATH}:/home/twip_ws/install/driver_imu:/home/twip_ws/install/controllers:/opt/ros/humble PS1=\[\e]0;\u@\h: \w\a\]\[\033[01;37m\]\u\[\033[00m\]@\[\033[01;32m\]\h\[\033[00m\]:\[\033[01;34m\]\w\[\033[00m\] /usr/bin/cmake --install /home/twip_ws/build/ros2_bubble_rob
[1.191s] DEBUG:colcon.colcon_core.event_handler.log_command:Invoked command in '/home/twip_ws/build/sim_ros2_interface' returned '0': CMAKE_PREFIX_PATH=${CMAKE_PREFIX_PATH}:/home/twip_ws/install/driver_imu:/home/twip_ws/install/controllers:/opt/ros/humble PS1=\[\e]0;\u@\h: \w\a\]\[\033[01;37m\]\u\[\033[00m\]@\[\033[01;32m\]\h\[\033[00m\]:\[\033[01;34m\]\w\[\033[00m\] /usr/bin/cmake --build /home/twip_ws/build/sim_ros2_interface -- -j8 -l8
[1.196s] Level 1:colcon.colcon_core.environment:create_environment_scripts_only(state_estimator)
[1.197s] DEBUG:colcon.colcon_core.event_handler.log_command:Invoked command in '/home/twip_ws/build/state_estimator' returned '0': CMAKE_PREFIX_PATH=${CMAKE_PREFIX_PATH}:/home/twip_ws/install/driver_imu:/home/twip_ws/install/controllers:/opt/ros/humble PS1=\[\e]0;\u@\h: \w\a\]\[\033[01;37m\]\u\[\033[00m\]@\[\033[01;32m\]\h\[\033[00m\]:\[\033[01;34m\]\w\[\033[00m\] /usr/bin/cmake --install /home/twip_ws/build/state_estimator
[1.203s] Level 1:colcon.colcon_core.environment:checking '/home/twip_ws/install/state_estimator' for CMake module files
[1.205s] Level 1:colcon.colcon_core.environment:checking '/home/twip_ws/install/state_estimator' for CMake config files
[1.206s] Level 1:colcon.colcon_core.shell:create_environment_hook('state_estimator', 'cmake_prefix_path')
[1.207s] INFO:colcon.colcon_core.shell:Creating environment hook '/home/twip_ws/install/state_estimator/share/state_estimator/hook/cmake_prefix_path.ps1'
[1.208s] INFO:colcon.colcon_core.shell:Creating environment descriptor '/home/twip_ws/install/state_estimator/share/state_estimator/hook/cmake_prefix_path.dsv'
[1.209s] INFO:colcon.colcon_core.shell:Creating environment hook '/home/twip_ws/install/state_estimator/share/state_estimator/hook/cmake_prefix_path.sh'
[1.211s] Level 1:colcon.colcon_core.environment:checking '/home/twip_ws/install/state_estimator/lib'
[1.211s] Level 1:colcon.colcon_core.environment:checking '/home/twip_ws/install/state_estimator/bin'
[1.211s] Level 1:colcon.colcon_core.environment:checking '/home/twip_ws/install/state_estimator/lib/pkgconfig/state_estimator.pc'
[1.212s] Level 1:colcon.colcon_core.environment:checking '/home/twip_ws/install/state_estimator/lib/python3.10/site-packages'
[1.213s] Level 1:colcon.colcon_core.environment:checking '/home/twip_ws/install/state_estimator/bin'
[1.214s] INFO:colcon.colcon_core.shell:Creating package script '/home/twip_ws/install/state_estimator/share/state_estimator/package.ps1'
[1.216s] INFO:colcon.colcon_core.shell:Creating package descriptor '/home/twip_ws/install/state_estimator/share/state_estimator/package.dsv'
[1.218s] INFO:colcon.colcon_core.shell:Creating package script '/home/twip_ws/install/state_estimator/share/state_estimator/package.sh'
[1.220s] INFO:colcon.colcon_core.shell:Creating package script '/home/twip_ws/install/state_estimator/share/state_estimator/package.bash'
[1.222s] INFO:colcon.colcon_core.shell:Creating package script '/home/twip_ws/install/state_estimator/share/state_estimator/package.zsh'
[1.224s] Level 1:colcon.colcon_core.environment:create_file_with_runtime_dependencies(/home/twip_ws/install/state_estimator/share/colcon-core/packages/state_estimator)
[1.227s] Level 1:colcon.colcon_core.environment:create_environment_scripts_only(ros2_bubble_rob)
[1.229s] Level 1:colcon.colcon_core.environment:checking '/home/twip_ws/install/ros2_bubble_rob' for CMake module files
[1.231s] DEBUG:colcon.colcon_core.event_handler.log_command:Invoked command in '/home/twip_ws/build/ros2_bubble_rob' returned '0': CMAKE_PREFIX_PATH=${CMAKE_PREFIX_PATH}:/home/twip_ws/install/driver_imu:/home/twip_ws/install/controllers:/opt/ros/humble PS1=\[\e]0;\u@\h: \w\a\]\[\033[01;37m\]\u\[\033[00m\]@\[\033[01;32m\]\h\[\033[00m\]:\[\033[01;34m\]\w\[\033[00m\] /usr/bin/cmake --install /home/twip_ws/build/ros2_bubble_rob
[1.231s] Level 1:colcon.colcon_core.environment:checking '/home/twip_ws/install/ros2_bubble_rob' for CMake config files
[1.232s] Level 1:colcon.colcon_core.shell:create_environment_hook('ros2_bubble_rob', 'cmake_prefix_path')
[1.233s] INFO:colcon.colcon_core.shell:Creating environment hook '/home/twip_ws/install/ros2_bubble_rob/share/ros2_bubble_rob/hook/cmake_prefix_path.ps1'
[1.234s] INFO:colcon.colcon_core.shell:Creating environment descriptor '/home/twip_ws/install/ros2_bubble_rob/share/ros2_bubble_rob/hook/cmake_prefix_path.dsv'
[1.234s] INFO:colcon.colcon_core.shell:Creating environment hook '/home/twip_ws/install/ros2_bubble_rob/share/ros2_bubble_rob/hook/cmake_prefix_path.sh'
[1.235s] Level 1:colcon.colcon_core.environment:checking '/home/twip_ws/install/ros2_bubble_rob/lib'
[1.236s] Level 1:colcon.colcon_core.environment:checking '/home/twip_ws/install/ros2_bubble_rob/bin'
[1.236s] Level 1:colcon.colcon_core.environment:checking '/home/twip_ws/install/ros2_bubble_rob/lib/pkgconfig/ros2_bubble_rob.pc'
[1.236s] Level 1:colcon.colcon_core.environment:checking '/home/twip_ws/install/ros2_bubble_rob/lib/python3.10/site-packages'
[1.237s] Level 1:colcon.colcon_core.environment:checking '/home/twip_ws/install/ros2_bubble_rob/bin'
[1.239s] INFO:colcon.colcon_core.shell:Creating package script '/home/twip_ws/install/ros2_bubble_rob/share/ros2_bubble_rob/package.ps1'
[1.240s] INFO:colcon.colcon_core.shell:Creating package descriptor '/home/twip_ws/install/ros2_bubble_rob/share/ros2_bubble_rob/package.dsv'
[1.241s] INFO:colcon.colcon_core.shell:Creating package script '/home/twip_ws/install/ros2_bubble_rob/share/ros2_bubble_rob/package.sh'
[1.242s] INFO:colcon.colcon_core.shell:Creating package script '/home/twip_ws/install/ros2_bubble_rob/share/ros2_bubble_rob/package.bash'
[1.242s] INFO:colcon.colcon_core.shell:Creating package script '/home/twip_ws/install/ros2_bubble_rob/share/ros2_bubble_rob/package.zsh'
[1.243s] Level 1:colcon.colcon_core.environment:create_file_with_runtime_dependencies(/home/twip_ws/install/ros2_bubble_rob/share/colcon-core/packages/ros2_bubble_rob)
[1.252s] DEBUG:colcon.colcon_core.event_handler.log_command:Invoking command in '/home/twip_ws/build/sim_ros2_interface': CMAKE_PREFIX_PATH=${CMAKE_PREFIX_PATH}:/home/twip_ws/install/driver_imu:/home/twip_ws/install/controllers:/opt/ros/humble PS1=\[\e]0;\u@\h: \w\a\]\[\033[01;37m\]\u\[\033[00m\]@\[\033[01;32m\]\h\[\033[00m\]:\[\033[01;34m\]\w\[\033[00m\] /usr/bin/cmake --install /home/twip_ws/build/sim_ros2_interface
[1.269s] Level 1:colcon.colcon_core.environment:create_environment_scripts_only(state_estimator)
[1.271s] Level 1:colcon.colcon_core.environment:checking '/home/twip_ws/install/state_estimator' for CMake module files
[1.273s] Level 1:colcon.colcon_core.environment:checking '/home/twip_ws/install/state_estimator' for CMake config files
[1.274s] Level 1:colcon.colcon_core.shell:create_environment_hook('state_estimator', 'cmake_prefix_path')
[1.275s] INFO:colcon.colcon_core.shell:Creating environment hook '/home/twip_ws/install/state_estimator/share/state_estimator/hook/cmake_prefix_path.ps1'
[1.276s] INFO:colcon.colcon_core.shell:Creating environment descriptor '/home/twip_ws/install/state_estimator/share/state_estimator/hook/cmake_prefix_path.dsv'
[1.276s] INFO:colcon.colcon_core.shell:Creating environment hook '/home/twip_ws/install/state_estimator/share/state_estimator/hook/cmake_prefix_path.sh'
[1.278s] Level 1:colcon.colcon_core.environment:checking '/home/twip_ws/install/state_estimator/lib'
[1.278s] Level 1:colcon.colcon_core.environment:checking '/home/twip_ws/install/state_estimator/bin'
[1.279s] Level 1:colcon.colcon_core.environment:checking '/home/twip_ws/install/state_estimator/lib/pkgconfig/state_estimator.pc'
[1.279s] Level 1:colcon.colcon_core.environment:checking '/home/twip_ws/install/state_estimator/lib/python3.10/site-packages'
[1.281s] Level 1:colcon.colcon_core.environment:checking '/home/twip_ws/install/state_estimator/bin'
[1.282s] INFO:colcon.colcon_core.shell:Creating package script '/home/twip_ws/install/state_estimator/share/state_estimator/package.ps1'
[1.284s] INFO:colcon.colcon_core.shell:Creating package descriptor '/home/twip_ws/install/state_estimator/share/state_estimator/package.dsv'
[1.285s] INFO:colcon.colcon_core.shell:Creating package script '/home/twip_ws/install/state_estimator/share/state_estimator/package.sh'
[1.286s] INFO:colcon.colcon_core.shell:Creating package script '/home/twip_ws/install/state_estimator/share/state_estimator/package.bash'
[1.286s] INFO:colcon.colcon_core.shell:Creating package script '/home/twip_ws/install/state_estimator/share/state_estimator/package.zsh'
[1.287s] Level 1:colcon.colcon_core.environment:create_file_with_runtime_dependencies(/home/twip_ws/install/state_estimator/share/colcon-core/packages/state_estimator)
[1.291s] Level 1:colcon.colcon_core.environment:create_environment_scripts_only(sim_ros2_interface)
[1.293s] Level 1:colcon.colcon_core.environment:checking '/home/twip_ws/install/sim_ros2_interface' for CMake module files
[1.294s] DEBUG:colcon.colcon_core.event_handler.log_command:Invoked command in '/home/twip_ws/build/sim_ros2_interface' returned '0': CMAKE_PREFIX_PATH=${CMAKE_PREFIX_PATH}:/home/twip_ws/install/driver_imu:/home/twip_ws/install/controllers:/opt/ros/humble PS1=\[\e]0;\u@\h: \w\a\]\[\033[01;37m\]\u\[\033[00m\]@\[\033[01;32m\]\h\[\033[00m\]:\[\033[01;34m\]\w\[\033[00m\] /usr/bin/cmake --install /home/twip_ws/build/sim_ros2_interface
[1.295s] Level 1:colcon.colcon_core.environment:checking '/home/twip_ws/install/sim_ros2_interface' for CMake config files
[1.295s] Level 1:colcon.colcon_core.shell:create_environment_hook('sim_ros2_interface', 'cmake_prefix_path')
[1.296s] INFO:colcon.colcon_core.shell:Creating environment hook '/home/twip_ws/install/sim_ros2_interface/share/sim_ros2_interface/hook/cmake_prefix_path.ps1'
[1.297s] INFO:colcon.colcon_core.shell:Creating environment descriptor '/home/twip_ws/install/sim_ros2_interface/share/sim_ros2_interface/hook/cmake_prefix_path.dsv'
[1.298s] INFO:colcon.colcon_core.shell:Creating environment hook '/home/twip_ws/install/sim_ros2_interface/share/sim_ros2_interface/hook/cmake_prefix_path.sh'
[1.298s] Level 1:colcon.colcon_core.environment:checking '/home/twip_ws/install/sim_ros2_interface/bin'
[1.298s] Level 1:colcon.colcon_core.environment:checking '/home/twip_ws/install/sim_ros2_interface/lib/pkgconfig/sim_ros2_interface.pc'
[1.299s] Level 1:colcon.colcon_core.environment:checking '/home/twip_ws/install/sim_ros2_interface/lib/python3.10/site-packages'
[1.299s] Level 1:colcon.colcon_core.environment:checking '/home/twip_ws/install/sim_ros2_interface/bin'
[1.300s] INFO:colcon.colcon_core.shell:Creating package script '/home/twip_ws/install/sim_ros2_interface/share/sim_ros2_interface/package.ps1'
[1.302s] INFO:colcon.colcon_core.shell:Creating package descriptor '/home/twip_ws/install/sim_ros2_interface/share/sim_ros2_interface/package.dsv'
[1.302s] INFO:colcon.colcon_core.shell:Creating package script '/home/twip_ws/install/sim_ros2_interface/share/sim_ros2_interface/package.sh'
[1.303s] INFO:colcon.colcon_core.shell:Creating package script '/home/twip_ws/install/sim_ros2_interface/share/sim_ros2_interface/package.bash'
[1.303s] INFO:colcon.colcon_core.shell:Creating package script '/home/twip_ws/install/sim_ros2_interface/share/sim_ros2_interface/package.zsh'
[1.303s] Level 1:colcon.colcon_core.environment:create_file_with_runtime_dependencies(/home/twip_ws/install/sim_ros2_interface/share/colcon-core/packages/sim_ros2_interface)
[1.306s] Level 1:colcon.colcon_core.environment:create_environment_scripts_only(ros2_bubble_rob)
[1.308s] Level 1:colcon.colcon_core.environment:checking '/home/twip_ws/install/ros2_bubble_rob' for CMake module files
[1.309s] Level 1:colcon.colcon_core.environment:checking '/home/twip_ws/install/ros2_bubble_rob' for CMake config files
[1.309s] Level 1:colcon.colcon_core.shell:create_environment_hook('ros2_bubble_rob', 'cmake_prefix_path')
[1.310s] INFO:colcon.colcon_core.shell:Creating environment hook '/home/twip_ws/install/ros2_bubble_rob/share/ros2_bubble_rob/hook/cmake_prefix_path.ps1'
[1.311s] INFO:colcon.colcon_core.shell:Creating environment descriptor '/home/twip_ws/install/ros2_bubble_rob/share/ros2_bubble_rob/hook/cmake_prefix_path.dsv'
[1.311s] INFO:colcon.colcon_core.shell:Creating environment hook '/home/twip_ws/install/ros2_bubble_rob/share/ros2_bubble_rob/hook/cmake_prefix_path.sh'
[1.313s] Level 1:colcon.colcon_core.environment:checking '/home/twip_ws/install/ros2_bubble_rob/lib'
[1.313s] Level 1:colcon.colcon_core.environment:checking '/home/twip_ws/install/ros2_bubble_rob/bin'
[1.313s] Level 1:colcon.colcon_core.environment:checking '/home/twip_ws/install/ros2_bubble_rob/lib/pkgconfig/ros2_bubble_rob.pc'
[1.313s] Level 1:colcon.colcon_core.environment:checking '/home/twip_ws/install/ros2_bubble_rob/lib/python3.10/site-packages'
[1.314s] Level 1:colcon.colcon_core.environment:checking '/home/twip_ws/install/ros2_bubble_rob/bin'
[1.315s] INFO:colcon.colcon_core.shell:Creating package script '/home/twip_ws/install/ros2_bubble_rob/share/ros2_bubble_rob/package.ps1'
[1.316s] INFO:colcon.colcon_core.shell:Creating package descriptor '/home/twip_ws/install/ros2_bubble_rob/share/ros2_bubble_rob/package.dsv'
[1.317s] INFO:colcon.colcon_core.shell:Creating package script '/home/twip_ws/install/ros2_bubble_rob/share/ros2_bubble_rob/package.sh'
[1.318s] INFO:colcon.colcon_core.shell:Creating package script '/home/twip_ws/install/ros2_bubble_rob/share/ros2_bubble_rob/package.bash'
[1.319s] INFO:colcon.colcon_core.shell:Creating package script '/home/twip_ws/install/ros2_bubble_rob/share/ros2_bubble_rob/package.zsh'
[1.320s] Level 1:colcon.colcon_core.environment:create_file_with_runtime_dependencies(/home/twip_ws/install/ros2_bubble_rob/share/colcon-core/packages/ros2_bubble_rob)
[1.364s] Level 1:colcon.colcon_core.environment:create_environment_scripts_only(sim_ros2_interface)
[1.366s] Level 1:colcon.colcon_core.environment:checking '/home/twip_ws/install/sim_ros2_interface' for CMake module files
[1.366s] Level 1:colcon.colcon_core.environment:checking '/home/twip_ws/install/sim_ros2_interface' for CMake config files
[1.367s] Level 1:colcon.colcon_core.shell:create_environment_hook('sim_ros2_interface', 'cmake_prefix_path')
[1.368s] INFO:colcon.colcon_core.shell:Creating environment hook '/home/twip_ws/install/sim_ros2_interface/share/sim_ros2_interface/hook/cmake_prefix_path.ps1'
[1.368s] INFO:colcon.colcon_core.shell:Creating environment descriptor '/home/twip_ws/install/sim_ros2_interface/share/sim_ros2_interface/hook/cmake_prefix_path.dsv'
[1.369s] INFO:colcon.colcon_core.shell:Creating environment hook '/home/twip_ws/install/sim_ros2_interface/share/sim_ros2_interface/hook/cmake_prefix_path.sh'
[1.369s] Level 1:colcon.colcon_core.environment:checking '/home/twip_ws/install/sim_ros2_interface/bin'
[1.370s] Level 1:colcon.colcon_core.environment:checking '/home/twip_ws/install/sim_ros2_interface/lib/pkgconfig/sim_ros2_interface.pc'
[1.370s] Level 1:colcon.colcon_core.environment:checking '/home/twip_ws/install/sim_ros2_interface/lib/python3.10/site-packages'
[1.370s] Level 1:colcon.colcon_core.environment:checking '/home/twip_ws/install/sim_ros2_interface/bin'
[1.371s] INFO:colcon.colcon_core.shell:Creating package script '/home/twip_ws/install/sim_ros2_interface/share/sim_ros2_interface/package.ps1'
[1.372s] INFO:colcon.colcon_core.shell:Creating package descriptor '/home/twip_ws/install/sim_ros2_interface/share/sim_ros2_interface/package.dsv'
[1.373s] INFO:colcon.colcon_core.shell:Creating package script '/home/twip_ws/install/sim_ros2_interface/share/sim_ros2_interface/package.sh'
[1.373s] INFO:colcon.colcon_core.shell:Creating package script '/home/twip_ws/install/sim_ros2_interface/share/sim_ros2_interface/package.bash'
[1.374s] INFO:colcon.colcon_core.shell:Creating package script '/home/twip_ws/install/sim_ros2_interface/share/sim_ros2_interface/package.zsh'
[1.374s] Level 1:colcon.colcon_core.environment:create_file_with_runtime_dependencies(/home/twip_ws/install/sim_ros2_interface/share/colcon-core/packages/sim_ros2_interface)
[1.574s] DEBUG:colcon.colcon_core.event_handler.log_command:Invoking command in '/home/twip_ws/build/driver_imu': PS1=\[\e]0;\u@\h: \w\a\]\[\033[01;37m\]\u\[\033[00m\]@\[\033[01;32m\]\h\[\033[00m\]:\[\033[01;34m\]\w\[\033[00m\] PYTHONPATH=/home/twip_ws/install/driver_imu/lib/python3.10/site-packages:${PYTHONPATH} /usr/bin/python3 setup.py develop --prefix /home/twip_ws/install/driver_imu --editable --build-directory /home/twip_ws/build/driver_imu/build --no-deps install_data --install-dir /home/twip_ws/install/driver_imu
[1.667s] DEBUG:colcon.colcon_core.event_handler.log_command:Invoking command in '/home/twip_ws/build/controllers': PS1=\[\e]0;\u@\h: \w\a\]\[\033[01;37m\]\u\[\033[00m\]@\[\033[01;32m\]\h\[\033[00m\]:\[\033[01;34m\]\w\[\033[00m\] PYTHONPATH=/home/twip_ws/install/controllers/lib/python3.10/site-packages:${PYTHONPATH} /usr/bin/python3 setup.py develop --prefix /home/twip_ws/install/controllers --editable --build-directory /home/twip_ws/build/controllers/build --no-deps install_data --install-dir /home/twip_ws/install/controllers
[2.262s] Level 1:colcon.colcon_core.shell:create_environment_hook('driver_imu', 'pythonpath_develop')
[2.263s] INFO:colcon.colcon_core.shell:Creating environment hook '/home/twip_ws/build/driver_imu/share/driver_imu/hook/pythonpath_develop.ps1'
[2.264s] DEBUG:colcon.colcon_core.event_handler.log_command:Invoked command in '/home/twip_ws/build/driver_imu' returned '0': PS1=\[\e]0;\u@\h: \w\a\]\[\033[01;37m\]\u\[\033[00m\]@\[\033[01;32m\]\h\[\033[00m\]:\[\033[01;34m\]\w\[\033[00m\] PYTHONPATH=/home/twip_ws/install/driver_imu/lib/python3.10/site-packages:${PYTHONPATH} /usr/bin/python3 setup.py develop --prefix /home/twip_ws/install/driver_imu --editable --build-directory /home/twip_ws/build/driver_imu/build --no-deps install_data --install-dir /home/twip_ws/install/driver_imu
[2.265s] INFO:colcon.colcon_core.shell:Creating environment descriptor '/home/twip_ws/build/driver_imu/share/driver_imu/hook/pythonpath_develop.dsv'
[2.265s] INFO:colcon.colcon_core.shell:Creating environment hook '/home/twip_ws/build/driver_imu/share/driver_imu/hook/pythonpath_develop.sh'
[2.268s] Level 1:colcon.colcon_core.environment:checking '/home/twip_ws/install/driver_imu' for CMake module files
[2.269s] Level 1:colcon.colcon_core.environment:checking '/home/twip_ws/install/driver_imu' for CMake config files
[2.270s] Level 1:colcon.colcon_core.environment:checking '/home/twip_ws/install/driver_imu/lib'
[2.270s] Level 1:colcon.colcon_core.environment:checking '/home/twip_ws/install/driver_imu/bin'
[2.270s] Level 1:colcon.colcon_core.environment:checking '/home/twip_ws/install/driver_imu/lib/pkgconfig/driver_imu.pc'
[2.270s] Level 1:colcon.colcon_core.environment:checking '/home/twip_ws/install/driver_imu/lib/python3.10/site-packages'
[2.270s] Level 1:colcon.colcon_core.shell:create_environment_hook('driver_imu', 'pythonpath')
[2.272s] INFO:colcon.colcon_core.shell:Creating environment hook '/home/twip_ws/install/driver_imu/share/driver_imu/hook/pythonpath.ps1'
[2.272s] INFO:colcon.colcon_core.shell:Creating environment descriptor '/home/twip_ws/install/driver_imu/share/driver_imu/hook/pythonpath.dsv'
[2.273s] INFO:colcon.colcon_core.shell:Creating environment hook '/home/twip_ws/install/driver_imu/share/driver_imu/hook/pythonpath.sh'
[2.274s] Level 1:colcon.colcon_core.environment:checking '/home/twip_ws/install/driver_imu/bin'
[2.274s] Level 1:colcon.colcon_core.environment:create_environment_scripts_only(driver_imu)
[2.275s] INFO:colcon.colcon_core.shell:Creating package script '/home/twip_ws/install/driver_imu/share/driver_imu/package.ps1'
[2.276s] INFO:colcon.colcon_core.shell:Creating package descriptor '/home/twip_ws/install/driver_imu/share/driver_imu/package.dsv'
[2.277s] INFO:colcon.colcon_core.shell:Creating package script '/home/twip_ws/install/driver_imu/share/driver_imu/package.sh'
[2.278s] INFO:colcon.colcon_core.shell:Creating package script '/home/twip_ws/install/driver_imu/share/driver_imu/package.bash'
[2.278s] INFO:colcon.colcon_core.shell:Creating package script '/home/twip_ws/install/driver_imu/share/driver_imu/package.zsh'
[2.279s] Level 1:colcon.colcon_core.environment:create_file_with_runtime_dependencies(/home/twip_ws/install/driver_imu/share/colcon-core/packages/driver_imu)
[2.411s] Level 1:colcon.colcon_core.shell:create_environment_hook('controllers', 'pythonpath_develop')
[2.412s] INFO:colcon.colcon_core.shell:Creating environment hook '/home/twip_ws/build/controllers/share/controllers/hook/pythonpath_develop.ps1'
[2.413s] DEBUG:colcon.colcon_core.event_handler.log_command:Invoked command in '/home/twip_ws/build/controllers' returned '0': PS1=\[\e]0;\u@\h: \w\a\]\[\033[01;37m\]\u\[\033[00m\]@\[\033[01;32m\]\h\[\033[00m\]:\[\033[01;34m\]\w\[\033[00m\] PYTHONPATH=/home/twip_ws/install/controllers/lib/python3.10/site-packages:${PYTHONPATH} /usr/bin/python3 setup.py develop --prefix /home/twip_ws/install/controllers --editable --build-directory /home/twip_ws/build/controllers/build --no-deps install_data --install-dir /home/twip_ws/install/controllers
[2.414s] INFO:colcon.colcon_core.shell:Creating environment descriptor '/home/twip_ws/build/controllers/share/controllers/hook/pythonpath_develop.dsv'
[2.414s] INFO:colcon.colcon_core.shell:Creating environment hook '/home/twip_ws/build/controllers/share/controllers/hook/pythonpath_develop.sh'
[2.416s] Level 1:colcon.colcon_core.environment:checking '/home/twip_ws/install/controllers' for CMake module files
[2.417s] Level 1:colcon.colcon_core.environment:checking '/home/twip_ws/install/controllers' for CMake config files
[2.417s] Level 1:colcon.colcon_core.environment:checking '/home/twip_ws/install/controllers/lib'
[2.417s] Level 1:colcon.colcon_core.environment:checking '/home/twip_ws/install/controllers/bin'
[2.417s] Level 1:colcon.colcon_core.environment:checking '/home/twip_ws/install/controllers/lib/pkgconfig/controllers.pc'
[2.418s] Level 1:colcon.colcon_core.environment:checking '/home/twip_ws/install/controllers/lib/python3.10/site-packages'
[2.418s] Level 1:colcon.colcon_core.shell:create_environment_hook('controllers', 'pythonpath')
[2.419s] INFO:colcon.colcon_core.shell:Creating environment hook '/home/twip_ws/install/controllers/share/controllers/hook/pythonpath.ps1'
[2.420s] INFO:colcon.colcon_core.shell:Creating environment descriptor '/home/twip_ws/install/controllers/share/controllers/hook/pythonpath.dsv'
[2.420s] INFO:colcon.colcon_core.shell:Creating environment hook '/home/twip_ws/install/controllers/share/controllers/hook/pythonpath.sh'
[2.421s] Level 1:colcon.colcon_core.environment:checking '/home/twip_ws/install/controllers/bin'
[2.421s] Level 1:colcon.colcon_core.environment:create_environment_scripts_only(controllers)
[2.422s] INFO:colcon.colcon_core.shell:Creating package script '/home/twip_ws/install/controllers/share/controllers/package.ps1'
[2.423s] INFO:colcon.colcon_core.shell:Creating package descriptor '/home/twip_ws/install/controllers/share/controllers/package.dsv'
[2.424s] INFO:colcon.colcon_core.shell:Creating package script '/home/twip_ws/install/controllers/share/controllers/package.sh'
[2.424s] INFO:colcon.colcon_core.shell:Creating package script '/home/twip_ws/install/controllers/share/controllers/package.bash'
[2.425s] INFO:colcon.colcon_core.shell:Creating package script '/home/twip_ws/install/controllers/share/controllers/package.zsh'
[2.425s] Level 1:colcon.colcon_core.environment:create_file_with_runtime_dependencies(/home/twip_ws/install/controllers/share/colcon-core/packages/controllers)
[2.425s] DEBUG:colcon.colcon_parallel_executor.executor.parallel:closing loop
[2.426s] DEBUG:colcon.colcon_parallel_executor.executor.parallel:loop closed
[2.426s] DEBUG:colcon.colcon_parallel_executor.executor.parallel:run_until_complete finished with '0'
[2.426s] DEBUG:colcon.colcon_core.event_reactor:joining thread
[2.437s] INFO:colcon.colcon_core.plugin_system:Skipping extension 'colcon_notification.desktop_notification.notify_send': Could not find 'notify-send'
[2.437s] INFO:colcon.colcon_core.plugin_system:Skipping extension 'colcon_notification.desktop_notification.terminal_notifier': Not used on non-Darwin systems
[2.437s] INFO:colcon.colcon_core.plugin_system:Skipping extension 'colcon_notification.desktop_notification.win32': Not used on non-Windows systems
[2.437s] INFO:colcon.colcon_notification.desktop_notification:Sending desktop notification using 'notify2'
[2.441s] DEBUG:colcon.colcon_notification.desktop_notification.notify2:Failed to initialize notify2: org.freedesktop.DBus.Error.Spawn.ExecFailed: /usr/bin/dbus-launch terminated abnormally without any error message
[2.442s] DEBUG:colcon.colcon_core.event_reactor:joined thread
[2.443s] INFO:colcon.colcon_core.shell:Creating prefix script '/home/twip_ws/install/local_setup.ps1'
[2.444s] INFO:colcon.colcon_core.shell:Creating prefix util module '/home/twip_ws/install/_local_setup_util_ps1.py'
[2.447s] INFO:colcon.colcon_core.shell:Creating prefix chain script '/home/twip_ws/install/setup.ps1'
[2.449s] INFO:colcon.colcon_core.shell:Creating prefix script '/home/twip_ws/install/local_setup.sh'
[2.450s] INFO:colcon.colcon_core.shell:Creating prefix util module '/home/twip_ws/install/_local_setup_util_sh.py'
[2.450s] INFO:colcon.colcon_core.shell:Creating prefix chain script '/home/twip_ws/install/setup.sh'
[2.452s] INFO:colcon.colcon_core.shell:Creating prefix script '/home/twip_ws/install/local_setup.bash'
[2.452s] INFO:colcon.colcon_core.shell:Creating prefix chain script '/home/twip_ws/install/setup.bash'
[2.455s] INFO:colcon.colcon_core.shell:Creating prefix script '/home/twip_ws/install/local_setup.zsh'
[2.456s] INFO:colcon.colcon_core.shell:Creating prefix chain script '/home/twip_ws/install/setup.zsh'
